{"/Users/lin/Documents/UBC/3Year/CPSC310/project_team234/src/controller/IInsightFacade.js":{"path":"/Users/lin/Documents/UBC/3Year/CPSC310/project_team234/src/controller/IInsightFacade.js","statementMap":{"0":{"start":{"line":2,"column":0},"end":{"line":2,"column":62}},"1":{"start":{"line":4,"column":0},"end":{"line":7,"column":89}},"2":{"start":{"line":5,"column":4},"end":{"line":5,"column":46}},"3":{"start":{"line":6,"column":4},"end":{"line":6,"column":42}},"4":{"start":{"line":10,"column":8},"end":{"line":10,"column":23}},"5":{"start":{"line":11,"column":8},"end":{"line":11,"column":52}},"6":{"start":{"line":14,"column":0},"end":{"line":14,"column":36}},"7":{"start":{"line":17,"column":8},"end":{"line":17,"column":23}},"8":{"start":{"line":18,"column":8},"end":{"line":18,"column":53}},"9":{"start":{"line":21,"column":0},"end":{"line":21,"column":38}},"10":{"start":{"line":24,"column":8},"end":{"line":24,"column":23}},"11":{"start":{"line":25,"column":8},"end":{"line":25,"column":59}},"12":{"start":{"line":28,"column":0},"end":{"line":28,"column":50}}},"fnMap":{"0":{"name":"(anonymous_0)","decl":{"start":{"line":4,"column":1},"end":{"line":4,"column":2}},"loc":{"start":{"line":4,"column":31},"end":{"line":7,"column":1}},"line":4},"1":{"name":"(anonymous_1)","decl":{"start":{"line":9,"column":4},"end":{"line":9,"column":5}},"loc":{"start":{"line":9,"column":25},"end":{"line":12,"column":5}},"line":9},"2":{"name":"(anonymous_2)","decl":{"start":{"line":16,"column":4},"end":{"line":16,"column":5}},"loc":{"start":{"line":16,"column":25},"end":{"line":19,"column":5}},"line":16},"3":{"name":"(anonymous_3)","decl":{"start":{"line":23,"column":4},"end":{"line":23,"column":5}},"loc":{"start":{"line":23,"column":25},"end":{"line":26,"column":5}},"line":23}},"branchMap":{"0":{"loc":{"start":{"line":7,"column":24},"end":{"line":7,"column":87}},"type":"binary-expr","locations":[{"start":{"line":7,"column":24},"end":{"line":7,"column":50}},{"start":{"line":7,"column":55},"end":{"line":7,"column":86}}],"line":7}},"s":{"0":1,"1":1,"2":1,"3":1,"4":70,"5":70,"6":1,"7":0,"8":0,"9":1,"10":1,"11":1,"12":1},"f":{"0":1,"1":70,"2":0,"3":1},"b":{"0":[1,1]},"_coverageSchema":"332fd63041d2c1bcb487cc26dd0d5f7d97098a6c","hash":"4078b11e2f51df2ddc670372e714802adb1af400","contentHash":"3b5eb8daa1ff67ddb3658e63de8ae463_11.3.0"},"/Users/lin/Documents/UBC/3Year/CPSC310/project_team234/src/controller/InsightFacade.js":{"path":"/Users/lin/Documents/UBC/3Year/CPSC310/project_team234/src/controller/InsightFacade.js","statementMap":{"0":{"start":{"line":2,"column":0},"end":{"line":2,"column":62}},"1":{"start":{"line":3,"column":15},"end":{"line":3,"column":33}},"2":{"start":{"line":4,"column":25},"end":{"line":4,"column":52}},"3":{"start":{"line":5,"column":0},"end":{"line":5,"column":27}},"4":{"start":{"line":6,"column":14},"end":{"line":6,"column":30}},"5":{"start":{"line":7,"column":24},"end":{"line":7,"column":50}},"6":{"start":{"line":8,"column":25},"end":{"line":8,"column":52}},"7":{"start":{"line":9,"column":23},"end":{"line":9,"column":48}},"8":{"start":{"line":12,"column":8},"end":{"line":12,"column":32}},"9":{"start":{"line":13,"column":8},"end":{"line":13,"column":28}},"10":{"start":{"line":14,"column":8},"end":{"line":14,"column":40}},"11":{"start":{"line":15,"column":8},"end":{"line":15,"column":58}},"12":{"start":{"line":16,"column":8},"end":{"line":16,"column":52}},"13":{"start":{"line":17,"column":8},"end":{"line":17,"column":67}},"14":{"start":{"line":18,"column":8},"end":{"line":18,"column":71}},"15":{"start":{"line":21,"column":30},"end":{"line":21,"column":32}},"16":{"start":{"line":22,"column":26},"end":{"line":22,"column":30}},"17":{"start":{"line":23,"column":28},"end":{"line":23,"column":30}},"18":{"start":{"line":24,"column":28},"end":{"line":25,"column":52}},"19":{"start":{"line":25,"column":43},"end":{"line":25,"column":51}},"20":{"start":{"line":26,"column":8},"end":{"line":28,"column":9}},"21":{"start":{"line":27,"column":12},"end":{"line":27,"column":88}},"22":{"start":{"line":29,"column":8},"end":{"line":68,"column":11}},"23":{"start":{"line":30,"column":12},"end":{"line":67,"column":15}},"24":{"start":{"line":31,"column":16},"end":{"line":66,"column":17}},"25":{"start":{"line":32,"column":20},"end":{"line":32,"column":83}},"26":{"start":{"line":33,"column":20},"end":{"line":33,"column":47}},"27":{"start":{"line":36,"column":32},"end":{"line":36,"column":33}},"28":{"start":{"line":37,"column":20},"end":{"line":65,"column":23}},"29":{"start":{"line":38,"column":24},"end":{"line":40,"column":27}},"30":{"start":{"line":39,"column":28},"end":{"line":39,"column":67}},"31":{"start":{"line":41,"column":24},"end":{"line":62,"column":27}},"32":{"start":{"line":42,"column":28},"end":{"line":44,"column":29}},"33":{"start":{"line":43,"column":32},"end":{"line":43,"column":74}},"34":{"start":{"line":46,"column":28},"end":{"line":46,"column":87}},"35":{"start":{"line":47,"column":28},"end":{"line":61,"column":29}},"36":{"start":{"line":48,"column":32},"end":{"line":57,"column":35}},"37":{"start":{"line":49,"column":36},"end":{"line":56,"column":37}},"38":{"start":{"line":50,"column":40},"end":{"line":50,"column":73}},"39":{"start":{"line":51,"column":40},"end":{"line":51,"column":105}},"40":{"start":{"line":52,"column":40},"end":{"line":52,"column":80}},"41":{"start":{"line":55,"column":40},"end":{"line":55,"column":128}},"42":{"start":{"line":60,"column":32},"end":{"line":60,"column":121}},"43":{"start":{"line":64,"column":24},"end":{"line":64,"column":115}},"44":{"start":{"line":72,"column":8},"end":{"line":81,"column":9}},"45":{"start":{"line":73,"column":12},"end":{"line":73,"column":52}},"46":{"start":{"line":78,"column":12},"end":{"line":80,"column":13}},"47":{"start":{"line":79,"column":16},"end":{"line":79,"column":46}},"48":{"start":{"line":84,"column":26},"end":{"line":84,"column":30}},"49":{"start":{"line":85,"column":8},"end":{"line":116,"column":11}},"50":{"start":{"line":86,"column":26},"end":{"line":86,"column":61}},"51":{"start":{"line":87,"column":28},"end":{"line":87,"column":90}},"52":{"start":{"line":88,"column":12},"end":{"line":115,"column":13}},"53":{"start":{"line":89,"column":16},"end":{"line":89,"column":110}},"54":{"start":{"line":91,"column":17},"end":{"line":115,"column":13}},"55":{"start":{"line":92,"column":16},"end":{"line":92,"column":102}},"56":{"start":{"line":94,"column":17},"end":{"line":115,"column":13}},"57":{"start":{"line":96,"column":16},"end":{"line":100,"column":17}},"58":{"start":{"line":97,"column":20},"end":{"line":99,"column":21}},"59":{"start":{"line":98,"column":24},"end":{"line":98,"column":37}},"60":{"start":{"line":101,"column":16},"end":{"line":114,"column":19}},"61":{"start":{"line":103,"column":20},"end":{"line":113,"column":21}},"62":{"start":{"line":104,"column":24},"end":{"line":112,"column":27}},"63":{"start":{"line":106,"column":28},"end":{"line":109,"column":29}},"64":{"start":{"line":107,"column":32},"end":{"line":107,"column":67}},"65":{"start":{"line":108,"column":32},"end":{"line":108,"column":44}},"66":{"start":{"line":111,"column":28},"end":{"line":111,"column":74}},"67":{"start":{"line":119,"column":8},"end":{"line":119,"column":44}},"68":{"start":{"line":120,"column":8},"end":{"line":125,"column":9}},"69":{"start":{"line":121,"column":12},"end":{"line":124,"column":13}},"70":{"start":{"line":122,"column":16},"end":{"line":122,"column":52}},"71":{"start":{"line":123,"column":16},"end":{"line":123,"column":22}},"72":{"start":{"line":128,"column":19},"end":{"line":128,"column":23}},"73":{"start":{"line":130,"column":8},"end":{"line":135,"column":9}},"74":{"start":{"line":131,"column":12},"end":{"line":131,"column":44}},"75":{"start":{"line":134,"column":12},"end":{"line":134,"column":39}},"76":{"start":{"line":136,"column":8},"end":{"line":147,"column":9}},"77":{"start":{"line":137,"column":12},"end":{"line":146,"column":13}},"78":{"start":{"line":138,"column":16},"end":{"line":138,"column":39}},"79":{"start":{"line":139,"column":16},"end":{"line":144,"column":17}},"80":{"start":{"line":140,"column":20},"end":{"line":140,"column":143}},"81":{"start":{"line":143,"column":20},"end":{"line":143,"column":82}},"82":{"start":{"line":145,"column":16},"end":{"line":145,"column":22}},"83":{"start":{"line":149,"column":29},"end":{"line":149,"column":59}},"84":{"start":{"line":150,"column":8},"end":{"line":155,"column":9}},"85":{"start":{"line":151,"column":12},"end":{"line":151,"column":100}},"86":{"start":{"line":154,"column":12},"end":{"line":154,"column":39}},"87":{"start":{"line":156,"column":8},"end":{"line":156,"column":39}},"88":{"start":{"line":159,"column":8},"end":{"line":161,"column":12}},"89":{"start":{"line":160,"column":12},"end":{"line":160,"column":43}},"90":{"start":{"line":164,"column":0},"end":{"line":164,"column":32}}},"fnMap":{"0":{"name":"(anonymous_0)","decl":{"start":{"line":11,"column":4},"end":{"line":11,"column":5}},"loc":{"start":{"line":11,"column":18},"end":{"line":19,"column":5}},"line":11},"1":{"name":"(anonymous_1)","decl":{"start":{"line":20,"column":4},"end":{"line":20,"column":5}},"loc":{"start":{"line":20,"column":34},"end":{"line":69,"column":5}},"line":20},"2":{"name":"(anonymous_2)","decl":{"start":{"line":25,"column":36},"end":{"line":25,"column":37}},"loc":{"start":{"line":25,"column":43},"end":{"line":25,"column":51}},"line":25},"3":{"name":"(anonymous_3)","decl":{"start":{"line":29,"column":27},"end":{"line":29,"column":28}},"loc":{"start":{"line":29,"column":48},"end":{"line":68,"column":9}},"line":29},"4":{"name":"(anonymous_4)","decl":{"start":{"line":30,"column":52},"end":{"line":30,"column":53}},"loc":{"start":{"line":30,"column":66},"end":{"line":67,"column":13}},"line":30},"5":{"name":"(anonymous_5)","decl":{"start":{"line":37,"column":68},"end":{"line":37,"column":69}},"loc":{"start":{"line":37,"column":80},"end":{"line":63,"column":21}},"line":37},"6":{"name":"(anonymous_6)","decl":{"start":{"line":38,"column":57},"end":{"line":38,"column":58}},"loc":{"start":{"line":38,"column":87},"end":{"line":40,"column":25}},"line":38},"7":{"name":"(anonymous_7)","decl":{"start":{"line":41,"column":56},"end":{"line":41,"column":57}},"loc":{"start":{"line":41,"column":69},"end":{"line":45,"column":25}},"line":41},"8":{"name":"(anonymous_8)","decl":{"start":{"line":45,"column":32},"end":{"line":45,"column":33}},"loc":{"start":{"line":45,"column":44},"end":{"line":62,"column":25}},"line":45},"9":{"name":"(anonymous_9)","decl":{"start":{"line":48,"column":99},"end":{"line":48,"column":100}},"loc":{"start":{"line":48,"column":115},"end":{"line":57,"column":33}},"line":48},"10":{"name":"(anonymous_10)","decl":{"start":{"line":63,"column":29},"end":{"line":63,"column":30}},"loc":{"start":{"line":63,"column":35},"end":{"line":65,"column":21}},"line":63},"11":{"name":"(anonymous_11)","decl":{"start":{"line":70,"column":4},"end":{"line":70,"column":5}},"loc":{"start":{"line":70,"column":38},"end":{"line":82,"column":5}},"line":70},"12":{"name":"(anonymous_12)","decl":{"start":{"line":83,"column":4},"end":{"line":83,"column":5}},"loc":{"start":{"line":83,"column":22},"end":{"line":117,"column":5}},"line":83},"13":{"name":"(anonymous_13)","decl":{"start":{"line":85,"column":27},"end":{"line":85,"column":28}},"loc":{"start":{"line":85,"column":48},"end":{"line":116,"column":9}},"line":85},"14":{"name":"(anonymous_14)","decl":{"start":{"line":102,"column":26},"end":{"line":102,"column":27}},"loc":{"start":{"line":102,"column":40},"end":{"line":114,"column":17}},"line":102},"15":{"name":"(anonymous_15)","decl":{"start":{"line":105,"column":34},"end":{"line":105,"column":35}},"loc":{"start":{"line":105,"column":47},"end":{"line":110,"column":25}},"line":105},"16":{"name":"(anonymous_16)","decl":{"start":{"line":110,"column":33},"end":{"line":110,"column":34}},"loc":{"start":{"line":110,"column":42},"end":{"line":112,"column":25}},"line":110},"17":{"name":"(anonymous_17)","decl":{"start":{"line":118,"column":4},"end":{"line":118,"column":5}},"loc":{"start":{"line":118,"column":29},"end":{"line":126,"column":5}},"line":118},"18":{"name":"(anonymous_18)","decl":{"start":{"line":127,"column":4},"end":{"line":127,"column":5}},"loc":{"start":{"line":127,"column":24},"end":{"line":157,"column":5}},"line":127},"19":{"name":"(anonymous_19)","decl":{"start":{"line":158,"column":4},"end":{"line":158,"column":5}},"loc":{"start":{"line":158,"column":19},"end":{"line":162,"column":5}},"line":158},"20":{"name":"(anonymous_20)","decl":{"start":{"line":159,"column":28},"end":{"line":159,"column":29}},"loc":{"start":{"line":159,"column":41},"end":{"line":161,"column":9}},"line":159}},"branchMap":{"0":{"loc":{"start":{"line":24,"column":28},"end":{"line":25,"column":52}},"type":"binary-expr","locations":[{"start":{"line":24,"column":28},"end":{"line":24,"column":31}},{"start":{"line":24,"column":35},"end":{"line":24,"column":51}},{"start":{"line":24,"column":55},"end":{"line":24,"column":70}},{"start":{"line":24,"column":74},"end":{"line":24,"column":94}},{"start":{"line":25,"column":12},"end":{"line":25,"column":52}}],"line":24},"1":{"loc":{"start":{"line":26,"column":8},"end":{"line":28,"column":9}},"type":"if","locations":[{"start":{"line":26,"column":8},"end":{"line":28,"column":9}},{"start":{"line":26,"column":8},"end":{"line":28,"column":9}}],"line":26},"2":{"loc":{"start":{"line":31,"column":16},"end":{"line":66,"column":17}},"type":"if","locations":[{"start":{"line":31,"column":16},"end":{"line":66,"column":17}},{"start":{"line":31,"column":16},"end":{"line":66,"column":17}}],"line":31},"3":{"loc":{"start":{"line":47,"column":28},"end":{"line":61,"column":29}},"type":"if","locations":[{"start":{"line":47,"column":28},"end":{"line":61,"column":29}},{"start":{"line":47,"column":28},"end":{"line":61,"column":29}}],"line":47},"4":{"loc":{"start":{"line":49,"column":36},"end":{"line":56,"column":37}},"type":"if","locations":[{"start":{"line":49,"column":36},"end":{"line":56,"column":37}},{"start":{"line":49,"column":36},"end":{"line":56,"column":37}}],"line":49},"5":{"loc":{"start":{"line":78,"column":12},"end":{"line":80,"column":13}},"type":"if","locations":[{"start":{"line":78,"column":12},"end":{"line":80,"column":13}},{"start":{"line":78,"column":12},"end":{"line":80,"column":13}}],"line":78},"6":{"loc":{"start":{"line":87,"column":28},"end":{"line":87,"column":90}},"type":"binary-expr","locations":[{"start":{"line":87,"column":28},"end":{"line":87,"column":30}},{"start":{"line":87,"column":34},"end":{"line":87,"column":48}},{"start":{"line":87,"column":52},"end":{"line":87,"column":69}},{"start":{"line":87,"column":73},"end":{"line":87,"column":90}}],"line":87},"7":{"loc":{"start":{"line":88,"column":12},"end":{"line":115,"column":13}},"type":"if","locations":[{"start":{"line":88,"column":12},"end":{"line":115,"column":13}},{"start":{"line":88,"column":12},"end":{"line":115,"column":13}}],"line":88},"8":{"loc":{"start":{"line":91,"column":17},"end":{"line":115,"column":13}},"type":"if","locations":[{"start":{"line":91,"column":17},"end":{"line":115,"column":13}},{"start":{"line":91,"column":17},"end":{"line":115,"column":13}}],"line":91},"9":{"loc":{"start":{"line":94,"column":17},"end":{"line":115,"column":13}},"type":"if","locations":[{"start":{"line":94,"column":17},"end":{"line":115,"column":13}},{"start":{"line":94,"column":17},"end":{"line":115,"column":13}}],"line":94},"10":{"loc":{"start":{"line":94,"column":21},"end":{"line":94,"column":42}},"type":"binary-expr","locations":[{"start":{"line":94,"column":21},"end":{"line":94,"column":28}},{"start":{"line":94,"column":32},"end":{"line":94,"column":42}}],"line":94},"11":{"loc":{"start":{"line":97,"column":20},"end":{"line":99,"column":21}},"type":"if","locations":[{"start":{"line":97,"column":20},"end":{"line":99,"column":21}},{"start":{"line":97,"column":20},"end":{"line":99,"column":21}}],"line":97},"12":{"loc":{"start":{"line":103,"column":20},"end":{"line":113,"column":21}},"type":"if","locations":[{"start":{"line":103,"column":20},"end":{"line":113,"column":21}},{"start":{"line":103,"column":20},"end":{"line":113,"column":21}}],"line":103},"13":{"loc":{"start":{"line":106,"column":28},"end":{"line":109,"column":29}},"type":"if","locations":[{"start":{"line":106,"column":28},"end":{"line":109,"column":29}},{"start":{"line":106,"column":28},"end":{"line":109,"column":29}}],"line":106},"14":{"loc":{"start":{"line":121,"column":12},"end":{"line":124,"column":13}},"type":"if","locations":[{"start":{"line":121,"column":12},"end":{"line":124,"column":13}},{"start":{"line":121,"column":12},"end":{"line":124,"column":13}}],"line":121},"15":{"loc":{"start":{"line":137,"column":12},"end":{"line":146,"column":13}},"type":"if","locations":[{"start":{"line":137,"column":12},"end":{"line":146,"column":13}},{"start":{"line":137,"column":12},"end":{"line":146,"column":13}}],"line":137}},"s":{"0":1,"1":1,"2":1,"3":1,"4":1,"5":1,"6":1,"7":1,"8":1,"9":1,"10":1,"11":1,"12":1,"13":1,"14":1,"15":1,"16":1,"17":1,"18":1,"19":1,"20":1,"21":1,"22":0,"23":0,"24":0,"25":0,"26":0,"27":0,"28":0,"29":0,"30":0,"31":0,"32":0,"33":0,"34":0,"35":0,"36":0,"37":0,"38":0,"39":0,"40":0,"41":0,"42":0,"43":0,"44":0,"45":0,"46":0,"47":0,"48":0,"49":0,"50":0,"51":0,"52":0,"53":0,"54":0,"55":0,"56":0,"57":0,"58":0,"59":0,"60":0,"61":0,"62":0,"63":0,"64":0,"65":0,"66":0,"67":0,"68":0,"69":0,"70":0,"71":0,"72":82,"73":82,"74":82,"75":57,"76":25,"77":25,"78":25,"79":25,"80":25,"81":0,"82":25,"83":25,"84":25,"85":25,"86":1,"87":24,"88":0,"89":0,"90":1},"f":{"0":1,"1":1,"2":1,"3":0,"4":0,"5":0,"6":0,"7":0,"8":0,"9":0,"10":0,"11":0,"12":0,"13":0,"14":0,"15":0,"16":0,"17":0,"18":82,"19":0,"20":0},"b":{"0":[1,1,1,1,1],"1":[1,0],"2":[0,0],"3":[0,0],"4":[0,0],"5":[0,0],"6":[0,0,0,0],"7":[0,0],"8":[0,0],"9":[0,0],"10":[0,0],"11":[0,0],"12":[0,0],"13":[0,0],"14":[0,0],"15":[25,0]},"_coverageSchema":"332fd63041d2c1bcb487cc26dd0d5f7d97098a6c","hash":"bce7d190fdd3ee6e8004b7e5aee91dd214030a3b","contentHash":"486827b35c213d7896703c3614c1c895_11.3.0"},"/Users/lin/Documents/UBC/3Year/CPSC310/project_team234/src/Util.js":{"path":"/Users/lin/Documents/UBC/3Year/CPSC310/project_team234/src/Util.js","statementMap":{"0":{"start":{"line":2,"column":0},"end":{"line":2,"column":62}},"1":{"start":{"line":5,"column":8},"end":{"line":5,"column":67}},"2":{"start":{"line":8,"column":8},"end":{"line":8,"column":68}},"3":{"start":{"line":11,"column":8},"end":{"line":11,"column":68}},"4":{"start":{"line":14,"column":8},"end":{"line":14,"column":69}},"5":{"start":{"line":17,"column":8},"end":{"line":17,"column":67}},"6":{"start":{"line":20,"column":0},"end":{"line":20,"column":22}}},"fnMap":{"0":{"name":"(anonymous_0)","decl":{"start":{"line":4,"column":4},"end":{"line":4,"column":5}},"loc":{"start":{"line":4,"column":25},"end":{"line":6,"column":5}},"line":4},"1":{"name":"(anonymous_1)","decl":{"start":{"line":7,"column":4},"end":{"line":7,"column":5}},"loc":{"start":{"line":7,"column":24},"end":{"line":9,"column":5}},"line":7},"2":{"name":"(anonymous_2)","decl":{"start":{"line":10,"column":4},"end":{"line":10,"column":5}},"loc":{"start":{"line":10,"column":24},"end":{"line":12,"column":5}},"line":10},"3":{"name":"(anonymous_3)","decl":{"start":{"line":13,"column":4},"end":{"line":13,"column":5}},"loc":{"start":{"line":13,"column":25},"end":{"line":15,"column":5}},"line":13},"4":{"name":"(anonymous_4)","decl":{"start":{"line":16,"column":4},"end":{"line":16,"column":5}},"loc":{"start":{"line":16,"column":24},"end":{"line":18,"column":5}},"line":16}},"branchMap":{},"s":{"0":1,"1":145,"2":0,"3":0,"4":0,"5":4,"6":1},"f":{"0":145,"1":0,"2":0,"3":0,"4":4},"b":{},"_coverageSchema":"332fd63041d2c1bcb487cc26dd0d5f7d97098a6c","hash":"c7caf6caf64656a392511aaf0a29504d120a031a","contentHash":"a378793ea62c293201f738ade005b170_11.3.0"},"/Users/lin/Documents/UBC/3Year/CPSC310/project_team234/src/controller/MemoryManager.js":{"path":"/Users/lin/Documents/UBC/3Year/CPSC310/project_team234/src/controller/MemoryManager.js","statementMap":{"0":{"start":{"line":2,"column":0},"end":{"line":2,"column":62}},"1":{"start":{"line":3,"column":11},"end":{"line":3,"column":24}},"2":{"start":{"line":4,"column":15},"end":{"line":4,"column":33}},"3":{"start":{"line":5,"column":25},"end":{"line":5,"column":52}},"4":{"start":{"line":8,"column":8},"end":{"line":8,"column":40}},"5":{"start":{"line":9,"column":8},"end":{"line":13,"column":10}},"6":{"start":{"line":14,"column":8},"end":{"line":14,"column":54}},"7":{"start":{"line":17,"column":8},"end":{"line":22,"column":11}},"8":{"start":{"line":18,"column":26},"end":{"line":18,"column":44}},"9":{"start":{"line":19,"column":25},"end":{"line":19,"column":52}},"10":{"start":{"line":20,"column":12},"end":{"line":20,"column":37}},"11":{"start":{"line":21,"column":12},"end":{"line":21,"column":82}},"12":{"start":{"line":25,"column":21},"end":{"line":25,"column":45}},"13":{"start":{"line":26,"column":8},"end":{"line":35,"column":11}},"14":{"start":{"line":27,"column":12},"end":{"line":34,"column":15}},"15":{"start":{"line":28,"column":16},"end":{"line":33,"column":17}},"16":{"start":{"line":29,"column":20},"end":{"line":29,"column":42}},"17":{"start":{"line":32,"column":20},"end":{"line":32,"column":41}},"18":{"start":{"line":38,"column":8},"end":{"line":48,"column":12}},"19":{"start":{"line":39,"column":12},"end":{"line":39,"column":99}},"20":{"start":{"line":40,"column":12},"end":{"line":47,"column":15}},"21":{"start":{"line":41,"column":16},"end":{"line":46,"column":17}},"22":{"start":{"line":42,"column":20},"end":{"line":42,"column":42}},"23":{"start":{"line":45,"column":20},"end":{"line":45,"column":41}},"24":{"start":{"line":52,"column":8},"end":{"line":57,"column":9}},"25":{"start":{"line":53,"column":12},"end":{"line":53,"column":37}},"26":{"start":{"line":56,"column":12},"end":{"line":56,"column":24}},"27":{"start":{"line":58,"column":8},"end":{"line":58,"column":21}},"28":{"start":{"line":61,"column":30},"end":{"line":61,"column":31}},"29":{"start":{"line":62,"column":8},"end":{"line":75,"column":9}},"30":{"start":{"line":63,"column":12},"end":{"line":65,"column":13}},"31":{"start":{"line":64,"column":16},"end":{"line":64,"column":25}},"32":{"start":{"line":66,"column":12},"end":{"line":68,"column":13}},"33":{"start":{"line":67,"column":16},"end":{"line":67,"column":25}},"34":{"start":{"line":69,"column":12},"end":{"line":74,"column":13}},"35":{"start":{"line":70,"column":16},"end":{"line":73,"column":17}},"36":{"start":{"line":71,"column":20},"end":{"line":71,"column":45}},"37":{"start":{"line":72,"column":20},"end":{"line":72,"column":41}},"38":{"start":{"line":76,"column":8},"end":{"line":76,"column":31}},"39":{"start":{"line":79,"column":20},"end":{"line":79,"column":24}},"40":{"start":{"line":80,"column":8},"end":{"line":85,"column":9}},"41":{"start":{"line":81,"column":12},"end":{"line":84,"column":13}},"42":{"start":{"line":82,"column":16},"end":{"line":82,"column":30}},"43":{"start":{"line":83,"column":16},"end":{"line":83,"column":29}},"44":{"start":{"line":86,"column":8},"end":{"line":86,"column":21}},"45":{"start":{"line":89,"column":8},"end":{"line":100,"column":9}},"46":{"start":{"line":90,"column":12},"end":{"line":99,"column":13}},"47":{"start":{"line":91,"column":16},"end":{"line":93,"column":17}},"48":{"start":{"line":92,"column":20},"end":{"line":92,"column":69}},"49":{"start":{"line":96,"column":16},"end":{"line":98,"column":17}},"50":{"start":{"line":97,"column":20},"end":{"line":97,"column":72}},"51":{"start":{"line":103,"column":8},"end":{"line":127,"column":9}},"52":{"start":{"line":104,"column":12},"end":{"line":112,"column":13}},"53":{"start":{"line":105,"column":16},"end":{"line":105,"column":59}},"54":{"start":{"line":107,"column":17},"end":{"line":112,"column":13}},"55":{"start":{"line":108,"column":16},"end":{"line":108,"column":97}},"56":{"start":{"line":111,"column":16},"end":{"line":111,"column":89}},"57":{"start":{"line":115,"column":12},"end":{"line":126,"column":13}},"58":{"start":{"line":116,"column":16},"end":{"line":116,"column":53}},"59":{"start":{"line":117,"column":16},"end":{"line":117,"column":59}},"60":{"start":{"line":119,"column":17},"end":{"line":126,"column":13}},"61":{"start":{"line":120,"column":16},"end":{"line":120,"column":53}},"62":{"start":{"line":121,"column":16},"end":{"line":121,"column":97}},"63":{"start":{"line":124,"column":16},"end":{"line":124,"column":53}},"64":{"start":{"line":125,"column":16},"end":{"line":125,"column":89}},"65":{"start":{"line":130,"column":8},"end":{"line":154,"column":9}},"66":{"start":{"line":131,"column":12},"end":{"line":139,"column":13}},"67":{"start":{"line":132,"column":16},"end":{"line":132,"column":97}},"68":{"start":{"line":134,"column":17},"end":{"line":139,"column":13}},"69":{"start":{"line":135,"column":16},"end":{"line":135,"column":97}},"70":{"start":{"line":138,"column":16},"end":{"line":138,"column":89}},"71":{"start":{"line":142,"column":12},"end":{"line":153,"column":13}},"72":{"start":{"line":143,"column":16},"end":{"line":143,"column":53}},"73":{"start":{"line":144,"column":16},"end":{"line":144,"column":97}},"74":{"start":{"line":146,"column":17},"end":{"line":153,"column":13}},"75":{"start":{"line":147,"column":16},"end":{"line":147,"column":53}},"76":{"start":{"line":148,"column":16},"end":{"line":148,"column":97}},"77":{"start":{"line":151,"column":16},"end":{"line":151,"column":53}},"78":{"start":{"line":152,"column":16},"end":{"line":152,"column":89}},"79":{"start":{"line":157,"column":8},"end":{"line":164,"column":11}},"80":{"start":{"line":158,"column":12},"end":{"line":163,"column":15}},"81":{"start":{"line":159,"column":16},"end":{"line":161,"column":17}},"82":{"start":{"line":160,"column":20},"end":{"line":160,"column":97}},"83":{"start":{"line":162,"column":16},"end":{"line":162,"column":37}},"84":{"start":{"line":167,"column":8},"end":{"line":173,"column":9}},"85":{"start":{"line":168,"column":24},"end":{"line":168,"column":50}},"86":{"start":{"line":169,"column":12},"end":{"line":169,"column":76}},"87":{"start":{"line":172,"column":12},"end":{"line":172,"column":22}},"88":{"start":{"line":176,"column":0},"end":{"line":176,"column":32}}},"fnMap":{"0":{"name":"(anonymous_0)","decl":{"start":{"line":7,"column":4},"end":{"line":7,"column":5}},"loc":{"start":{"line":7,"column":18},"end":{"line":15,"column":5}},"line":7},"1":{"name":"(anonymous_1)","decl":{"start":{"line":16,"column":4},"end":{"line":16,"column":5}},"loc":{"start":{"line":16,"column":39},"end":{"line":23,"column":5}},"line":16},"2":{"name":"(anonymous_2)","decl":{"start":{"line":17,"column":42},"end":{"line":17,"column":43}},"loc":{"start":{"line":17,"column":52},"end":{"line":22,"column":9}},"line":17},"3":{"name":"(anonymous_3)","decl":{"start":{"line":24,"column":4},"end":{"line":24,"column":5}},"loc":{"start":{"line":24,"column":22},"end":{"line":36,"column":5}},"line":24},"4":{"name":"(anonymous_4)","decl":{"start":{"line":26,"column":27},"end":{"line":26,"column":28}},"loc":{"start":{"line":26,"column":40},"end":{"line":35,"column":9}},"line":26},"5":{"name":"(anonymous_5)","decl":{"start":{"line":27,"column":47},"end":{"line":27,"column":48}},"loc":{"start":{"line":27,"column":56},"end":{"line":34,"column":13}},"line":27},"6":{"name":"(anonymous_6)","decl":{"start":{"line":37,"column":4},"end":{"line":37,"column":5}},"loc":{"start":{"line":37,"column":22},"end":{"line":49,"column":5}},"line":37},"7":{"name":"(anonymous_7)","decl":{"start":{"line":38,"column":28},"end":{"line":38,"column":29}},"loc":{"start":{"line":38,"column":41},"end":{"line":48,"column":9}},"line":38},"8":{"name":"(anonymous_8)","decl":{"start":{"line":40,"column":67},"end":{"line":40,"column":68}},"loc":{"start":{"line":40,"column":76},"end":{"line":47,"column":13}},"line":40},"9":{"name":"(anonymous_9)","decl":{"start":{"line":50,"column":4},"end":{"line":50,"column":5}},"loc":{"start":{"line":50,"column":20},"end":{"line":59,"column":5}},"line":50},"10":{"name":"(anonymous_10)","decl":{"start":{"line":60,"column":4},"end":{"line":60,"column":5}},"loc":{"start":{"line":60,"column":38},"end":{"line":77,"column":5}},"line":60},"11":{"name":"(anonymous_11)","decl":{"start":{"line":78,"column":4},"end":{"line":78,"column":5}},"loc":{"start":{"line":78,"column":28},"end":{"line":87,"column":5}},"line":78},"12":{"name":"(anonymous_12)","decl":{"start":{"line":88,"column":4},"end":{"line":88,"column":5}},"loc":{"start":{"line":88,"column":24},"end":{"line":101,"column":5}},"line":88},"13":{"name":"(anonymous_13)","decl":{"start":{"line":102,"column":4},"end":{"line":102,"column":5}},"loc":{"start":{"line":102,"column":48},"end":{"line":128,"column":5}},"line":102},"14":{"name":"(anonymous_14)","decl":{"start":{"line":129,"column":4},"end":{"line":129,"column":5}},"loc":{"start":{"line":129,"column":51},"end":{"line":155,"column":5}},"line":129},"15":{"name":"(anonymous_15)","decl":{"start":{"line":156,"column":4},"end":{"line":156,"column":5}},"loc":{"start":{"line":156,"column":27},"end":{"line":165,"column":5}},"line":156},"16":{"name":"(anonymous_16)","decl":{"start":{"line":157,"column":27},"end":{"line":157,"column":28}},"loc":{"start":{"line":157,"column":48},"end":{"line":164,"column":9}},"line":157},"17":{"name":"(anonymous_17)","decl":{"start":{"line":158,"column":50},"end":{"line":158,"column":51}},"loc":{"start":{"line":158,"column":59},"end":{"line":163,"column":13}},"line":158},"18":{"name":"(anonymous_18)","decl":{"start":{"line":166,"column":4},"end":{"line":166,"column":5}},"loc":{"start":{"line":166,"column":26},"end":{"line":174,"column":5}},"line":166}},"branchMap":{"0":{"loc":{"start":{"line":28,"column":16},"end":{"line":33,"column":17}},"type":"if","locations":[{"start":{"line":28,"column":16},"end":{"line":33,"column":17}},{"start":{"line":28,"column":16},"end":{"line":33,"column":17}}],"line":28},"1":{"loc":{"start":{"line":41,"column":16},"end":{"line":46,"column":17}},"type":"if","locations":[{"start":{"line":41,"column":16},"end":{"line":46,"column":17}},{"start":{"line":41,"column":16},"end":{"line":46,"column":17}}],"line":41},"2":{"loc":{"start":{"line":63,"column":12},"end":{"line":65,"column":13}},"type":"if","locations":[{"start":{"line":63,"column":12},"end":{"line":65,"column":13}},{"start":{"line":63,"column":12},"end":{"line":65,"column":13}}],"line":63},"3":{"loc":{"start":{"line":66,"column":12},"end":{"line":68,"column":13}},"type":"if","locations":[{"start":{"line":66,"column":12},"end":{"line":68,"column":13}},{"start":{"line":66,"column":12},"end":{"line":68,"column":13}}],"line":66},"4":{"loc":{"start":{"line":70,"column":16},"end":{"line":73,"column":17}},"type":"if","locations":[{"start":{"line":70,"column":16},"end":{"line":73,"column":17}},{"start":{"line":70,"column":16},"end":{"line":73,"column":17}}],"line":70},"5":{"loc":{"start":{"line":81,"column":12},"end":{"line":84,"column":13}},"type":"if","locations":[{"start":{"line":81,"column":12},"end":{"line":84,"column":13}},{"start":{"line":81,"column":12},"end":{"line":84,"column":13}}],"line":81},"6":{"loc":{"start":{"line":89,"column":8},"end":{"line":100,"column":9}},"type":"if","locations":[{"start":{"line":89,"column":8},"end":{"line":100,"column":9}},{"start":{"line":89,"column":8},"end":{"line":100,"column":9}}],"line":89},"7":{"loc":{"start":{"line":90,"column":12},"end":{"line":99,"column":13}},"type":"if","locations":[{"start":{"line":90,"column":12},"end":{"line":99,"column":13}},{"start":{"line":90,"column":12},"end":{"line":99,"column":13}}],"line":90},"8":{"loc":{"start":{"line":103,"column":8},"end":{"line":127,"column":9}},"type":"if","locations":[{"start":{"line":103,"column":8},"end":{"line":127,"column":9}},{"start":{"line":103,"column":8},"end":{"line":127,"column":9}}],"line":103},"9":{"loc":{"start":{"line":104,"column":12},"end":{"line":112,"column":13}},"type":"if","locations":[{"start":{"line":104,"column":12},"end":{"line":112,"column":13}},{"start":{"line":104,"column":12},"end":{"line":112,"column":13}}],"line":104},"10":{"loc":{"start":{"line":107,"column":17},"end":{"line":112,"column":13}},"type":"if","locations":[{"start":{"line":107,"column":17},"end":{"line":112,"column":13}},{"start":{"line":107,"column":17},"end":{"line":112,"column":13}}],"line":107},"11":{"loc":{"start":{"line":115,"column":12},"end":{"line":126,"column":13}},"type":"if","locations":[{"start":{"line":115,"column":12},"end":{"line":126,"column":13}},{"start":{"line":115,"column":12},"end":{"line":126,"column":13}}],"line":115},"12":{"loc":{"start":{"line":119,"column":17},"end":{"line":126,"column":13}},"type":"if","locations":[{"start":{"line":119,"column":17},"end":{"line":126,"column":13}},{"start":{"line":119,"column":17},"end":{"line":126,"column":13}}],"line":119},"13":{"loc":{"start":{"line":130,"column":8},"end":{"line":154,"column":9}},"type":"if","locations":[{"start":{"line":130,"column":8},"end":{"line":154,"column":9}},{"start":{"line":130,"column":8},"end":{"line":154,"column":9}}],"line":130},"14":{"loc":{"start":{"line":131,"column":12},"end":{"line":139,"column":13}},"type":"if","locations":[{"start":{"line":131,"column":12},"end":{"line":139,"column":13}},{"start":{"line":131,"column":12},"end":{"line":139,"column":13}}],"line":131},"15":{"loc":{"start":{"line":134,"column":17},"end":{"line":139,"column":13}},"type":"if","locations":[{"start":{"line":134,"column":17},"end":{"line":139,"column":13}},{"start":{"line":134,"column":17},"end":{"line":139,"column":13}}],"line":134},"16":{"loc":{"start":{"line":142,"column":12},"end":{"line":153,"column":13}},"type":"if","locations":[{"start":{"line":142,"column":12},"end":{"line":153,"column":13}},{"start":{"line":142,"column":12},"end":{"line":153,"column":13}}],"line":142},"17":{"loc":{"start":{"line":146,"column":17},"end":{"line":153,"column":13}},"type":"if","locations":[{"start":{"line":146,"column":17},"end":{"line":153,"column":13}},{"start":{"line":146,"column":17},"end":{"line":153,"column":13}}],"line":146},"18":{"loc":{"start":{"line":159,"column":16},"end":{"line":161,"column":17}},"type":"if","locations":[{"start":{"line":159,"column":16},"end":{"line":161,"column":17}},{"start":{"line":159,"column":16},"end":{"line":161,"column":17}}],"line":159}},"s":{"0":1,"1":1,"2":1,"3":1,"4":1,"5":1,"6":1,"7":1,"8":1,"9":1,"10":1,"11":1,"12":0,"13":0,"14":0,"15":0,"16":0,"17":0,"18":0,"19":0,"20":0,"21":0,"22":0,"23":0,"24":0,"25":0,"26":0,"27":0,"28":0,"29":0,"30":0,"31":0,"32":0,"33":0,"34":0,"35":0,"36":0,"37":0,"38":0,"39":0,"40":0,"41":0,"42":0,"43":0,"44":0,"45":0,"46":0,"47":0,"48":0,"49":0,"50":0,"51":0,"52":0,"53":0,"54":0,"55":0,"56":0,"57":0,"58":0,"59":0,"60":0,"61":0,"62":0,"63":0,"64":0,"65":0,"66":0,"67":0,"68":0,"69":0,"70":0,"71":0,"72":0,"73":0,"74":0,"75":0,"76":0,"77":0,"78":0,"79":0,"80":0,"81":0,"82":0,"83":0,"84":25,"85":25,"86":25,"87":0,"88":1},"f":{"0":1,"1":1,"2":1,"3":0,"4":0,"5":0,"6":0,"7":0,"8":0,"9":0,"10":0,"11":0,"12":0,"13":0,"14":0,"15":0,"16":0,"17":0,"18":25},"b":{"0":[0,0],"1":[0,0],"2":[0,0],"3":[0,0],"4":[0,0],"5":[0,0],"6":[0,0],"7":[0,0],"8":[0,0],"9":[0,0],"10":[0,0],"11":[0,0],"12":[0,0],"13":[0,0],"14":[0,0],"15":[0,0],"16":[0,0],"17":[0,0],"18":[0,0]},"_coverageSchema":"332fd63041d2c1bcb487cc26dd0d5f7d97098a6c","hash":"c6beb853bf01fb017caa573a6a9109cb83565581","contentHash":"57563af51fcf7ab1ff9734982e7df7af_11.3.0"},"/Users/lin/Documents/UBC/3Year/CPSC310/project_team234/src/controller/QueryPerformer.js":{"path":"/Users/lin/Documents/UBC/3Year/CPSC310/project_team234/src/controller/QueryPerformer.js","statementMap":{"0":{"start":{"line":2,"column":0},"end":{"line":2,"column":62}},"1":{"start":{"line":3,"column":15},"end":{"line":3,"column":33}},"2":{"start":{"line":4,"column":25},"end":{"line":4,"column":52}},"3":{"start":{"line":5,"column":25},"end":{"line":5,"column":52}},"4":{"start":{"line":6,"column":28},"end":{"line":6,"column":58}},"5":{"start":{"line":9,"column":8},"end":{"line":9,"column":56}},"6":{"start":{"line":10,"column":8},"end":{"line":10,"column":61}},"7":{"start":{"line":11,"column":8},"end":{"line":11,"column":55}},"8":{"start":{"line":14,"column":21},"end":{"line":14,"column":23}},"9":{"start":{"line":15,"column":23},"end":{"line":15,"column":37}},"10":{"start":{"line":16,"column":8},"end":{"line":29,"column":9}},"11":{"start":{"line":17,"column":26},"end":{"line":17,"column":28}},"12":{"start":{"line":18,"column":12},"end":{"line":22,"column":13}},"13":{"start":{"line":19,"column":16},"end":{"line":21,"column":17}},"14":{"start":{"line":20,"column":20},"end":{"line":20,"column":67}},"15":{"start":{"line":23,"column":12},"end":{"line":25,"column":13}},"16":{"start":{"line":24,"column":16},"end":{"line":24,"column":37}},"17":{"start":{"line":26,"column":12},"end":{"line":28,"column":13}},"18":{"start":{"line":27,"column":16},"end":{"line":27,"column":125}},"19":{"start":{"line":30,"column":8},"end":{"line":32,"column":9}},"20":{"start":{"line":31,"column":12},"end":{"line":31,"column":26}},"21":{"start":{"line":33,"column":8},"end":{"line":33,"column":106}},"22":{"start":{"line":34,"column":8},"end":{"line":37,"column":9}},"23":{"start":{"line":35,"column":12},"end":{"line":35,"column":55}},"24":{"start":{"line":36,"column":12},"end":{"line":36,"column":82}},"25":{"start":{"line":38,"column":8},"end":{"line":38,"column":73}},"26":{"start":{"line":39,"column":8},"end":{"line":43,"column":9}},"27":{"start":{"line":40,"column":28},"end":{"line":40,"column":53}},"28":{"start":{"line":41,"column":12},"end":{"line":42,"column":52}},"29":{"start":{"line":41,"column":34},"end":{"line":42,"column":50}},"30":{"start":{"line":44,"column":8},"end":{"line":44,"column":22}},"31":{"start":{"line":47,"column":26},"end":{"line":47,"column":28}},"32":{"start":{"line":48,"column":8},"end":{"line":58,"column":9}},"33":{"start":{"line":49,"column":26},"end":{"line":49,"column":28}},"34":{"start":{"line":50,"column":12},"end":{"line":54,"column":13}},"35":{"start":{"line":51,"column":16},"end":{"line":53,"column":17}},"36":{"start":{"line":52,"column":20},"end":{"line":52,"column":60}},"37":{"start":{"line":55,"column":12},"end":{"line":57,"column":13}},"38":{"start":{"line":56,"column":16},"end":{"line":56,"column":42}},"39":{"start":{"line":59,"column":8},"end":{"line":59,"column":27}},"40":{"start":{"line":62,"column":0},"end":{"line":62,"column":33}}},"fnMap":{"0":{"name":"(anonymous_0)","decl":{"start":{"line":8,"column":4},"end":{"line":8,"column":5}},"loc":{"start":{"line":8,"column":18},"end":{"line":12,"column":5}},"line":8},"1":{"name":"(anonymous_1)","decl":{"start":{"line":13,"column":4},"end":{"line":13,"column":5}},"loc":{"start":{"line":13,"column":56},"end":{"line":45,"column":5}},"line":13},"2":{"name":"(anonymous_2)","decl":{"start":{"line":41,"column":24},"end":{"line":41,"column":25}},"loc":{"start":{"line":41,"column":34},"end":{"line":42,"column":50}},"line":41},"3":{"name":"(anonymous_3)","decl":{"start":{"line":46,"column":4},"end":{"line":46,"column":5}},"loc":{"start":{"line":46,"column":35},"end":{"line":60,"column":5}},"line":46}},"branchMap":{"0":{"loc":{"start":{"line":19,"column":16},"end":{"line":21,"column":17}},"type":"if","locations":[{"start":{"line":19,"column":16},"end":{"line":21,"column":17}},{"start":{"line":19,"column":16},"end":{"line":21,"column":17}}],"line":19},"1":{"loc":{"start":{"line":23,"column":12},"end":{"line":25,"column":13}},"type":"if","locations":[{"start":{"line":23,"column":12},"end":{"line":25,"column":13}},{"start":{"line":23,"column":12},"end":{"line":25,"column":13}}],"line":23},"2":{"loc":{"start":{"line":26,"column":12},"end":{"line":28,"column":13}},"type":"if","locations":[{"start":{"line":26,"column":12},"end":{"line":28,"column":13}},{"start":{"line":26,"column":12},"end":{"line":28,"column":13}}],"line":26},"3":{"loc":{"start":{"line":30,"column":8},"end":{"line":32,"column":9}},"type":"if","locations":[{"start":{"line":30,"column":8},"end":{"line":32,"column":9}},{"start":{"line":30,"column":8},"end":{"line":32,"column":9}}],"line":30},"4":{"loc":{"start":{"line":34,"column":8},"end":{"line":37,"column":9}},"type":"if","locations":[{"start":{"line":34,"column":8},"end":{"line":37,"column":9}},{"start":{"line":34,"column":8},"end":{"line":37,"column":9}}],"line":34},"5":{"loc":{"start":{"line":39,"column":8},"end":{"line":43,"column":9}},"type":"if","locations":[{"start":{"line":39,"column":8},"end":{"line":43,"column":9}},{"start":{"line":39,"column":8},"end":{"line":43,"column":9}}],"line":39},"6":{"loc":{"start":{"line":41,"column":34},"end":{"line":42,"column":50}},"type":"cond-expr","locations":[{"start":{"line":41,"column":62},"end":{"line":41,"column":63}},{"start":{"line":42,"column":16},"end":{"line":42,"column":50}}],"line":41},"7":{"loc":{"start":{"line":42,"column":16},"end":{"line":42,"column":50}},"type":"cond-expr","locations":[{"start":{"line":42,"column":44},"end":{"line":42,"column":46}},{"start":{"line":42,"column":49},"end":{"line":42,"column":50}}],"line":42},"8":{"loc":{"start":{"line":51,"column":16},"end":{"line":53,"column":17}},"type":"if","locations":[{"start":{"line":51,"column":16},"end":{"line":53,"column":17}},{"start":{"line":51,"column":16},"end":{"line":53,"column":17}}],"line":51},"9":{"loc":{"start":{"line":55,"column":12},"end":{"line":57,"column":13}},"type":"if","locations":[{"start":{"line":55,"column":12},"end":{"line":57,"column":13}},{"start":{"line":55,"column":12},"end":{"line":57,"column":13}}],"line":55}},"s":{"0":1,"1":1,"2":1,"3":1,"4":1,"5":25,"6":25,"7":25,"8":25,"9":25,"10":25,"11":1555689,"12":1555689,"13":15556890,"14":15556890,"15":1555689,"16":9730,"17":1555689,"18":1,"19":24,"20":3,"21":21,"22":21,"23":1,"24":1,"25":21,"26":21,"27":19,"28":19,"29":31615,"30":21,"31":21,"32":21,"33":4712,"34":4712,"35":13911,"36":13911,"37":4712,"38":4712,"39":21,"40":1},"f":{"0":25,"1":25,"2":31615,"3":21},"b":{"0":[15556890,0],"1":[9730,1545959],"2":[1,1555688],"3":[3,21],"4":[1,20],"5":[19,2],"6":[15077,16538],"7":[13021,3517],"8":[13911,0],"9":[4712,0]},"_coverageSchema":"332fd63041d2c1bcb487cc26dd0d5f7d97098a6c","hash":"4f1ae88e05b7b3fb4f951a558b6ef71eba40fe90","contentHash":"a9c730b6e46000a83ed835e1c063ba7f_11.3.0"},"/Users/lin/Documents/UBC/3Year/CPSC310/project_team234/src/controller/QueryFiltering.js":{"path":"/Users/lin/Documents/UBC/3Year/CPSC310/project_team234/src/controller/QueryFiltering.js","statementMap":{"0":{"start":{"line":2,"column":0},"end":{"line":2,"column":62}},"1":{"start":{"line":3,"column":15},"end":{"line":3,"column":33}},"2":{"start":{"line":4,"column":21},"end":{"line":4,"column":42}},"3":{"start":{"line":7,"column":8},"end":{"line":7,"column":50}},"4":{"start":{"line":10,"column":8},"end":{"line":12,"column":9}},"5":{"start":{"line":11,"column":12},"end":{"line":11,"column":24}},"6":{"start":{"line":13,"column":25},"end":{"line":13,"column":46}},"7":{"start":{"line":14,"column":8},"end":{"line":16,"column":9}},"8":{"start":{"line":15,"column":12},"end":{"line":15,"column":77}},"9":{"start":{"line":17,"column":8},"end":{"line":19,"column":9}},"10":{"start":{"line":18,"column":12},"end":{"line":18,"column":77}},"11":{"start":{"line":20,"column":8},"end":{"line":22,"column":9}},"12":{"start":{"line":21,"column":12},"end":{"line":21,"column":65}},"13":{"start":{"line":23,"column":8},"end":{"line":25,"column":9}},"14":{"start":{"line":24,"column":12},"end":{"line":24,"column":65}},"15":{"start":{"line":28,"column":24},"end":{"line":28,"column":78}},"16":{"start":{"line":29,"column":23},"end":{"line":29,"column":79}},"17":{"start":{"line":30,"column":8},"end":{"line":38,"column":9}},"18":{"start":{"line":31,"column":12},"end":{"line":31,"column":48}},"19":{"start":{"line":33,"column":13},"end":{"line":38,"column":9}},"20":{"start":{"line":34,"column":12},"end":{"line":34,"column":51}},"21":{"start":{"line":37,"column":12},"end":{"line":37,"column":46}},"22":{"start":{"line":41,"column":28},"end":{"line":41,"column":49}},"23":{"start":{"line":42,"column":24},"end":{"line":42,"column":44}},"24":{"start":{"line":43,"column":22},"end":{"line":43,"column":44}},"25":{"start":{"line":45,"column":8},"end":{"line":74,"column":9}},"26":{"start":{"line":46,"column":12},"end":{"line":46,"column":65}},"27":{"start":{"line":47,"column":12},"end":{"line":52,"column":13}},"28":{"start":{"line":48,"column":16},"end":{"line":48,"column":62}},"29":{"start":{"line":51,"column":16},"end":{"line":51,"column":29}},"30":{"start":{"line":54,"column":13},"end":{"line":74,"column":9}},"31":{"start":{"line":55,"column":12},"end":{"line":55,"column":61}},"32":{"start":{"line":56,"column":12},"end":{"line":61,"column":13}},"33":{"start":{"line":57,"column":16},"end":{"line":57,"column":60}},"34":{"start":{"line":60,"column":16},"end":{"line":60,"column":41}},"35":{"start":{"line":63,"column":13},"end":{"line":74,"column":9}},"36":{"start":{"line":64,"column":12},"end":{"line":64,"column":65}},"37":{"start":{"line":65,"column":12},"end":{"line":70,"column":13}},"38":{"start":{"line":66,"column":16},"end":{"line":66,"column":60}},"39":{"start":{"line":69,"column":16},"end":{"line":69,"column":29}},"40":{"start":{"line":73,"column":12},"end":{"line":73,"column":54}},"41":{"start":{"line":75,"column":8},"end":{"line":75,"column":33}},"42":{"start":{"line":78,"column":8},"end":{"line":78,"column":47}},"43":{"start":{"line":82,"column":8},"end":{"line":90,"column":9}},"44":{"start":{"line":83,"column":12},"end":{"line":83,"column":57}},"45":{"start":{"line":84,"column":12},"end":{"line":86,"column":13}},"46":{"start":{"line":85,"column":16},"end":{"line":85,"column":29}},"47":{"start":{"line":87,"column":12},"end":{"line":89,"column":13}},"48":{"start":{"line":88,"column":16},"end":{"line":88,"column":28}},"49":{"start":{"line":91,"column":8},"end":{"line":91,"column":26}},"50":{"start":{"line":94,"column":0},"end":{"line":94,"column":33}}},"fnMap":{"0":{"name":"(anonymous_0)","decl":{"start":{"line":6,"column":4},"end":{"line":6,"column":5}},"loc":{"start":{"line":6,"column":18},"end":{"line":8,"column":5}},"line":6},"1":{"name":"(anonymous_1)","decl":{"start":{"line":9,"column":4},"end":{"line":9,"column":5}},"loc":{"start":{"line":9,"column":30},"end":{"line":26,"column":5}},"line":9},"2":{"name":"(anonymous_2)","decl":{"start":{"line":27,"column":4},"end":{"line":27,"column":5}},"loc":{"start":{"line":27,"column":45},"end":{"line":39,"column":5}},"line":27},"3":{"name":"(anonymous_3)","decl":{"start":{"line":40,"column":4},"end":{"line":40,"column":5}},"loc":{"start":{"line":40,"column":33},"end":{"line":76,"column":5}},"line":40},"4":{"name":"(anonymous_4)","decl":{"start":{"line":77,"column":4},"end":{"line":77,"column":5}},"loc":{"start":{"line":77,"column":33},"end":{"line":79,"column":5}},"line":77},"5":{"name":"(anonymous_5)","decl":{"start":{"line":80,"column":4},"end":{"line":80,"column":5}},"loc":{"start":{"line":80,"column":45},"end":{"line":92,"column":5}},"line":80}},"branchMap":{"0":{"loc":{"start":{"line":10,"column":8},"end":{"line":12,"column":9}},"type":"if","locations":[{"start":{"line":10,"column":8},"end":{"line":12,"column":9}},{"start":{"line":10,"column":8},"end":{"line":12,"column":9}}],"line":10},"1":{"loc":{"start":{"line":14,"column":8},"end":{"line":16,"column":9}},"type":"if","locations":[{"start":{"line":14,"column":8},"end":{"line":16,"column":9}},{"start":{"line":14,"column":8},"end":{"line":16,"column":9}}],"line":14},"2":{"loc":{"start":{"line":14,"column":12},"end":{"line":14,"column":55}},"type":"binary-expr","locations":[{"start":{"line":14,"column":12},"end":{"line":14,"column":31}},{"start":{"line":14,"column":35},"end":{"line":14,"column":55}}],"line":14},"3":{"loc":{"start":{"line":17,"column":8},"end":{"line":19,"column":9}},"type":"if","locations":[{"start":{"line":17,"column":8},"end":{"line":19,"column":9}},{"start":{"line":17,"column":8},"end":{"line":19,"column":9}}],"line":17},"4":{"loc":{"start":{"line":17,"column":12},"end":{"line":17,"column":77}},"type":"binary-expr","locations":[{"start":{"line":17,"column":12},"end":{"line":17,"column":31}},{"start":{"line":17,"column":35},"end":{"line":17,"column":54}},{"start":{"line":17,"column":58},"end":{"line":17,"column":77}}],"line":17},"5":{"loc":{"start":{"line":20,"column":8},"end":{"line":22,"column":9}},"type":"if","locations":[{"start":{"line":20,"column":8},"end":{"line":22,"column":9}},{"start":{"line":20,"column":8},"end":{"line":22,"column":9}}],"line":20},"6":{"loc":{"start":{"line":23,"column":8},"end":{"line":25,"column":9}},"type":"if","locations":[{"start":{"line":23,"column":8},"end":{"line":25,"column":9}},{"start":{"line":23,"column":8},"end":{"line":25,"column":9}}],"line":23},"7":{"loc":{"start":{"line":30,"column":8},"end":{"line":38,"column":9}},"type":"if","locations":[{"start":{"line":30,"column":8},"end":{"line":38,"column":9}},{"start":{"line":30,"column":8},"end":{"line":38,"column":9}}],"line":30},"8":{"loc":{"start":{"line":33,"column":13},"end":{"line":38,"column":9}},"type":"if","locations":[{"start":{"line":33,"column":13},"end":{"line":38,"column":9}},{"start":{"line":33,"column":13},"end":{"line":38,"column":9}}],"line":33},"9":{"loc":{"start":{"line":45,"column":8},"end":{"line":74,"column":9}},"type":"if","locations":[{"start":{"line":45,"column":8},"end":{"line":74,"column":9}},{"start":{"line":45,"column":8},"end":{"line":74,"column":9}}],"line":45},"10":{"loc":{"start":{"line":45,"column":12},"end":{"line":45,"column":75}},"type":"binary-expr","locations":[{"start":{"line":45,"column":12},"end":{"line":45,"column":32}},{"start":{"line":45,"column":36},"end":{"line":45,"column":75}}],"line":45},"11":{"loc":{"start":{"line":47,"column":12},"end":{"line":52,"column":13}},"type":"if","locations":[{"start":{"line":47,"column":12},"end":{"line":52,"column":13}},{"start":{"line":47,"column":12},"end":{"line":52,"column":13}}],"line":47},"12":{"loc":{"start":{"line":54,"column":13},"end":{"line":74,"column":9}},"type":"if","locations":[{"start":{"line":54,"column":13},"end":{"line":74,"column":9}},{"start":{"line":54,"column":13},"end":{"line":74,"column":9}}],"line":54},"13":{"loc":{"start":{"line":56,"column":12},"end":{"line":61,"column":13}},"type":"if","locations":[{"start":{"line":56,"column":12},"end":{"line":61,"column":13}},{"start":{"line":56,"column":12},"end":{"line":61,"column":13}}],"line":56},"14":{"loc":{"start":{"line":63,"column":13},"end":{"line":74,"column":9}},"type":"if","locations":[{"start":{"line":63,"column":13},"end":{"line":74,"column":9}},{"start":{"line":63,"column":13},"end":{"line":74,"column":9}}],"line":63},"15":{"loc":{"start":{"line":65,"column":12},"end":{"line":70,"column":13}},"type":"if","locations":[{"start":{"line":65,"column":12},"end":{"line":70,"column":13}},{"start":{"line":65,"column":12},"end":{"line":70,"column":13}}],"line":65},"16":{"loc":{"start":{"line":84,"column":12},"end":{"line":86,"column":13}},"type":"if","locations":[{"start":{"line":84,"column":12},"end":{"line":86,"column":13}},{"start":{"line":84,"column":12},"end":{"line":86,"column":13}}],"line":84},"17":{"loc":{"start":{"line":84,"column":16},"end":{"line":84,"column":51}},"type":"binary-expr","locations":[{"start":{"line":84,"column":16},"end":{"line":84,"column":36}},{"start":{"line":84,"column":40},"end":{"line":84,"column":51}}],"line":84},"18":{"loc":{"start":{"line":87,"column":12},"end":{"line":89,"column":13}},"type":"if","locations":[{"start":{"line":87,"column":12},"end":{"line":89,"column":13}},{"start":{"line":87,"column":12},"end":{"line":89,"column":13}}],"line":87},"19":{"loc":{"start":{"line":87,"column":16},"end":{"line":87,"column":49}},"type":"binary-expr","locations":[{"start":{"line":87,"column":16},"end":{"line":87,"column":35}},{"start":{"line":87,"column":39},"end":{"line":87,"column":49}}],"line":87}},"s":{"0":1,"1":1,"2":1,"3":25,"4":3365820,"5":5001,"6":3360819,"7":3360819,"8":969180,"9":2391639,"10":1357380,"11":1034259,"12":322788,"13":711471,"14":711471,"15":1357380,"16":1357380,"17":1357380,"18":516855,"19":840525,"20":582091,"21":258434,"22":711471,"23":711471,"24":711471,"25":711471,"26":193908,"27":193908,"28":129272,"29":64636,"30":517563,"31":64612,"32":64612,"33":64612,"34":0,"35":452951,"36":64612,"37":64612,"38":64612,"39":0,"40":388339,"41":711471,"42":322788,"43":969180,"44":1487343,"45":1487343,"46":706284,"47":781059,"48":55,"49":262841,"50":1},"f":{"0":25,"1":3365820,"2":1357380,"3":711471,"4":322788,"5":969180},"b":{"0":[5001,3360819],"1":[969180,2391639],"2":[3360819,3231595],"3":[1357380,1034259],"4":[2391639,1874784,1292693],"5":[322788,711471],"6":[711471,0],"7":[516855,840525],"8":[582091,258434],"9":[193908,517563],"10":[711471,258520],"11":[129272,64636],"12":[64612,452951],"13":[64612,0],"14":[64612,388339],"15":[64612,0],"16":[706284,781059],"17":[1487343,1228909],"18":[55,781004],"19":[781059,258434]},"_coverageSchema":"332fd63041d2c1bcb487cc26dd0d5f7d97098a6c","hash":"8cd05c7f12a7f7c750283e7e86a712ffa95a4fd5","contentHash":"f83c414be17c6c74327cc339266ff5bb_11.3.0"},"/Users/lin/Documents/UBC/3Year/CPSC310/project_team234/src/controller/QueryTransforming.js":{"path":"/Users/lin/Documents/UBC/3Year/CPSC310/project_team234/src/controller/QueryTransforming.js","statementMap":{"0":{"start":{"line":2,"column":0},"end":{"line":2,"column":62}},"1":{"start":{"line":3,"column":15},"end":{"line":3,"column":33}},"2":{"start":{"line":4,"column":21},"end":{"line":4,"column":42}},"3":{"start":{"line":7,"column":8},"end":{"line":7,"column":58}},"4":{"start":{"line":10,"column":20},"end":{"line":10,"column":41}},"5":{"start":{"line":11,"column":20},"end":{"line":11,"column":41}},"6":{"start":{"line":12,"column":26},"end":{"line":12,"column":60}},"7":{"start":{"line":13,"column":8},"end":{"line":13,"column":69}},"8":{"start":{"line":14,"column":8},"end":{"line":14,"column":27}},"9":{"start":{"line":17,"column":26},"end":{"line":17,"column":28}},"10":{"start":{"line":18,"column":8},"end":{"line":20,"column":9}},"11":{"start":{"line":19,"column":12},"end":{"line":19,"column":84}},"12":{"start":{"line":21,"column":8},"end":{"line":21,"column":27}},"13":{"start":{"line":24,"column":24},"end":{"line":24,"column":33}},"14":{"start":{"line":25,"column":20},"end":{"line":25,"column":40}},"15":{"start":{"line":26,"column":8},"end":{"line":41,"column":9}},"16":{"start":{"line":27,"column":12},"end":{"line":33,"column":13}},"17":{"start":{"line":28,"column":16},"end":{"line":28,"column":109}},"18":{"start":{"line":31,"column":16},"end":{"line":31,"column":40}},"19":{"start":{"line":32,"column":16},"end":{"line":32,"column":109}},"20":{"start":{"line":35,"column":13},"end":{"line":41,"column":9}},"21":{"start":{"line":36,"column":12},"end":{"line":36,"column":45}},"22":{"start":{"line":39,"column":12},"end":{"line":39,"column":36}},"23":{"start":{"line":40,"column":12},"end":{"line":40,"column":45}},"24":{"start":{"line":42,"column":8},"end":{"line":42,"column":27}},"25":{"start":{"line":45,"column":19},"end":{"line":45,"column":23}},"26":{"start":{"line":46,"column":26},"end":{"line":46,"column":28}},"27":{"start":{"line":47,"column":19},"end":{"line":47,"column":41}},"28":{"start":{"line":48,"column":8},"end":{"line":60,"column":9}},"29":{"start":{"line":49,"column":23},"end":{"line":49,"column":37}},"30":{"start":{"line":50,"column":12},"end":{"line":52,"column":13}},"31":{"start":{"line":51,"column":16},"end":{"line":51,"column":55}},"32":{"start":{"line":53,"column":12},"end":{"line":59,"column":13}},"33":{"start":{"line":54,"column":31},"end":{"line":54,"column":56}},"34":{"start":{"line":55,"column":33},"end":{"line":55,"column":68}},"35":{"start":{"line":56,"column":16},"end":{"line":56,"column":102}},"36":{"start":{"line":57,"column":16},"end":{"line":57,"column":43}},"37":{"start":{"line":58,"column":16},"end":{"line":58,"column":39}},"38":{"start":{"line":61,"column":8},"end":{"line":61,"column":27}},"39":{"start":{"line":64,"column":8},"end":{"line":70,"column":9}},"40":{"start":{"line":65,"column":23},"end":{"line":65,"column":50}},"41":{"start":{"line":66,"column":12},"end":{"line":66,"column":67}},"42":{"start":{"line":69,"column":12},"end":{"line":69,"column":31}},"43":{"start":{"line":74,"column":8},"end":{"line":76,"column":9}},"44":{"start":{"line":75,"column":12},"end":{"line":75,"column":122}},"45":{"start":{"line":75,"column":73},"end":{"line":75,"column":116}},"46":{"start":{"line":77,"column":8},"end":{"line":80,"column":9}},"47":{"start":{"line":78,"column":12},"end":{"line":79,"column":43}},"48":{"start":{"line":78,"column":73},"end":{"line":78,"column":116}},"49":{"start":{"line":81,"column":8},"end":{"line":83,"column":9}},"50":{"start":{"line":82,"column":12},"end":{"line":82,"column":122}},"51":{"start":{"line":82,"column":73},"end":{"line":82,"column":116}},"52":{"start":{"line":84,"column":8},"end":{"line":86,"column":9}},"53":{"start":{"line":85,"column":12},"end":{"line":85,"column":122}},"54":{"start":{"line":85,"column":73},"end":{"line":85,"column":116}},"55":{"start":{"line":87,"column":8},"end":{"line":89,"column":9}},"56":{"start":{"line":88,"column":12},"end":{"line":88,"column":59}},"57":{"start":{"line":90,"column":17},"end":{"line":90,"column":19}},"58":{"start":{"line":91,"column":8},"end":{"line":93,"column":9}},"59":{"start":{"line":92,"column":12},"end":{"line":92,"column":34}},"60":{"start":{"line":94,"column":8},"end":{"line":94,"column":38}},"61":{"start":{"line":95,"column":8},"end":{"line":95,"column":18}},"62":{"start":{"line":98,"column":0},"end":{"line":98,"column":36}}},"fnMap":{"0":{"name":"(anonymous_0)","decl":{"start":{"line":6,"column":4},"end":{"line":6,"column":5}},"loc":{"start":{"line":6,"column":18},"end":{"line":8,"column":5}},"line":6},"1":{"name":"(anonymous_1)","decl":{"start":{"line":9,"column":4},"end":{"line":9,"column":5}},"loc":{"start":{"line":9,"column":36},"end":{"line":15,"column":5}},"line":9},"2":{"name":"(anonymous_2)","decl":{"start":{"line":16,"column":4},"end":{"line":16,"column":5}},"loc":{"start":{"line":16,"column":34},"end":{"line":22,"column":5}},"line":16},"3":{"name":"(anonymous_3)","decl":{"start":{"line":23,"column":4},"end":{"line":23,"column":5}},"loc":{"start":{"line":23,"column":60},"end":{"line":43,"column":5}},"line":23},"4":{"name":"(anonymous_4)","decl":{"start":{"line":44,"column":4},"end":{"line":44,"column":5}},"loc":{"start":{"line":44,"column":44},"end":{"line":62,"column":5}},"line":44},"5":{"name":"(anonymous_5)","decl":{"start":{"line":63,"column":4},"end":{"line":63,"column":5}},"loc":{"start":{"line":63,"column":38},"end":{"line":71,"column":5}},"line":63},"6":{"name":"(anonymous_6)","decl":{"start":{"line":72,"column":4},"end":{"line":72,"column":5}},"loc":{"start":{"line":72,"column":56},"end":{"line":96,"column":5}},"line":72},"7":{"name":"(anonymous_7)","decl":{"start":{"line":75,"column":58},"end":{"line":75,"column":59}},"loc":{"start":{"line":75,"column":73},"end":{"line":75,"column":116}},"line":75},"8":{"name":"(anonymous_8)","decl":{"start":{"line":78,"column":58},"end":{"line":78,"column":59}},"loc":{"start":{"line":78,"column":73},"end":{"line":78,"column":116}},"line":78},"9":{"name":"(anonymous_9)","decl":{"start":{"line":82,"column":58},"end":{"line":82,"column":59}},"loc":{"start":{"line":82,"column":73},"end":{"line":82,"column":116}},"line":82},"10":{"name":"(anonymous_10)","decl":{"start":{"line":85,"column":58},"end":{"line":85,"column":59}},"loc":{"start":{"line":85,"column":73},"end":{"line":85,"column":116}},"line":85}},"branchMap":{"0":{"loc":{"start":{"line":26,"column":8},"end":{"line":41,"column":9}},"type":"if","locations":[{"start":{"line":26,"column":8},"end":{"line":41,"column":9}},{"start":{"line":26,"column":8},"end":{"line":41,"column":9}}],"line":26},"1":{"loc":{"start":{"line":27,"column":12},"end":{"line":33,"column":13}},"type":"if","locations":[{"start":{"line":27,"column":12},"end":{"line":33,"column":13}},{"start":{"line":27,"column":12},"end":{"line":33,"column":13}}],"line":27},"2":{"loc":{"start":{"line":35,"column":13},"end":{"line":41,"column":9}},"type":"if","locations":[{"start":{"line":35,"column":13},"end":{"line":41,"column":9}},{"start":{"line":35,"column":13},"end":{"line":41,"column":9}}],"line":35},"3":{"loc":{"start":{"line":50,"column":12},"end":{"line":52,"column":13}},"type":"if","locations":[{"start":{"line":50,"column":12},"end":{"line":52,"column":13}},{"start":{"line":50,"column":12},"end":{"line":52,"column":13}}],"line":50},"4":{"loc":{"start":{"line":64,"column":8},"end":{"line":70,"column":9}},"type":"if","locations":[{"start":{"line":64,"column":8},"end":{"line":70,"column":9}},{"start":{"line":64,"column":8},"end":{"line":70,"column":9}}],"line":64},"5":{"loc":{"start":{"line":74,"column":8},"end":{"line":76,"column":9}},"type":"if","locations":[{"start":{"line":74,"column":8},"end":{"line":76,"column":9}},{"start":{"line":74,"column":8},"end":{"line":76,"column":9}}],"line":74},"6":{"loc":{"start":{"line":77,"column":8},"end":{"line":80,"column":9}},"type":"if","locations":[{"start":{"line":77,"column":8},"end":{"line":80,"column":9}},{"start":{"line":77,"column":8},"end":{"line":80,"column":9}}],"line":77},"7":{"loc":{"start":{"line":81,"column":8},"end":{"line":83,"column":9}},"type":"if","locations":[{"start":{"line":81,"column":8},"end":{"line":83,"column":9}},{"start":{"line":81,"column":8},"end":{"line":83,"column":9}}],"line":81},"8":{"loc":{"start":{"line":84,"column":8},"end":{"line":86,"column":9}},"type":"if","locations":[{"start":{"line":84,"column":8},"end":{"line":86,"column":9}},{"start":{"line":84,"column":8},"end":{"line":86,"column":9}}],"line":84},"9":{"loc":{"start":{"line":87,"column":8},"end":{"line":89,"column":9}},"type":"if","locations":[{"start":{"line":87,"column":8},"end":{"line":89,"column":9}},{"start":{"line":87,"column":8},"end":{"line":89,"column":9}}],"line":87}},"s":{"0":1,"1":1,"2":1,"3":25,"4":1,"5":1,"6":1,"7":1,"8":1,"9":1,"10":1,"11":63,"12":1,"13":63,"14":63,"15":63,"16":0,"17":0,"18":0,"19":0,"20":63,"21":17,"22":46,"23":46,"24":63,"25":1,"26":1,"27":1,"28":1,"29":46,"30":46,"31":0,"32":46,"33":46,"34":46,"35":46,"36":46,"37":46,"38":1,"39":0,"40":0,"41":0,"42":0,"43":46,"44":0,"45":0,"46":46,"47":46,"48":63,"49":46,"50":0,"51":0,"52":46,"53":0,"54":0,"55":46,"56":0,"57":46,"58":46,"59":46,"60":46,"61":46,"62":1},"f":{"0":25,"1":1,"2":1,"3":63,"4":1,"5":0,"6":46,"7":0,"8":63,"9":0,"10":0},"b":{"0":[0,63],"1":[0,0],"2":[17,46],"3":[0,46],"4":[0,0],"5":[0,46],"6":[46,0],"7":[0,46],"8":[0,46],"9":[0,46]},"_coverageSchema":"332fd63041d2c1bcb487cc26dd0d5f7d97098a6c","hash":"152de30df4f28184aa57b7b2a2ce543ddae52759","contentHash":"417ecd4dca18b2aa7b728dfa8d5f0edc_11.3.0"},"/Users/lin/Documents/UBC/3Year/CPSC310/project_team234/src/controller/QueryManager.js":{"path":"/Users/lin/Documents/UBC/3Year/CPSC310/project_team234/src/controller/QueryManager.js","statementMap":{"0":{"start":{"line":2,"column":0},"end":{"line":2,"column":62}},"1":{"start":{"line":3,"column":25},"end":{"line":3,"column":52}},"2":{"start":{"line":4,"column":25},"end":{"line":4,"column":52}},"3":{"start":{"line":5,"column":27},"end":{"line":5,"column":56}},"4":{"start":{"line":6,"column":34},"end":{"line":6,"column":70}},"5":{"start":{"line":9,"column":8},"end":{"line":9,"column":28}},"6":{"start":{"line":10,"column":8},"end":{"line":10,"column":23}},"7":{"start":{"line":11,"column":8},"end":{"line":11,"column":37}},"8":{"start":{"line":14,"column":8},"end":{"line":16,"column":9}},"9":{"start":{"line":15,"column":12},"end":{"line":15,"column":72}},"10":{"start":{"line":18,"column":8},"end":{"line":23,"column":9}},"11":{"start":{"line":19,"column":12},"end":{"line":19,"column":38}},"12":{"start":{"line":22,"column":12},"end":{"line":22,"column":22}},"13":{"start":{"line":24,"column":8},"end":{"line":58,"column":9}},"14":{"start":{"line":25,"column":12},"end":{"line":27,"column":13}},"15":{"start":{"line":26,"column":16},"end":{"line":26,"column":90}},"16":{"start":{"line":28,"column":33},"end":{"line":28,"column":77}},"17":{"start":{"line":29,"column":35},"end":{"line":29,"column":81}},"18":{"start":{"line":30,"column":12},"end":{"line":40,"column":13}},"19":{"start":{"line":31,"column":16},"end":{"line":33,"column":17}},"20":{"start":{"line":32,"column":20},"end":{"line":32,"column":62}},"21":{"start":{"line":34,"column":16},"end":{"line":34,"column":70}},"22":{"start":{"line":35,"column":16},"end":{"line":35,"column":62}},"23":{"start":{"line":36,"column":16},"end":{"line":36,"column":60}},"24":{"start":{"line":39,"column":16},"end":{"line":39,"column":26}},"25":{"start":{"line":41,"column":12},"end":{"line":54,"column":13}},"26":{"start":{"line":42,"column":16},"end":{"line":42,"column":84}},"27":{"start":{"line":44,"column":17},"end":{"line":54,"column":13}},"28":{"start":{"line":45,"column":30},"end":{"line":45,"column":57}},"29":{"start":{"line":46,"column":33},"end":{"line":46,"column":95}},"30":{"start":{"line":47,"column":16},"end":{"line":47,"column":66}},"31":{"start":{"line":48,"column":16},"end":{"line":53,"column":17}},"32":{"start":{"line":49,"column":20},"end":{"line":49,"column":68}},"33":{"start":{"line":52,"column":20},"end":{"line":52,"column":32}},"34":{"start":{"line":57,"column":12},"end":{"line":57,"column":80}},"35":{"start":{"line":61,"column":0},"end":{"line":61,"column":31}}},"fnMap":{"0":{"name":"(anonymous_0)","decl":{"start":{"line":8,"column":4},"end":{"line":8,"column":5}},"loc":{"start":{"line":8,"column":29},"end":{"line":12,"column":5}},"line":8},"1":{"name":"(anonymous_1)","decl":{"start":{"line":13,"column":4},"end":{"line":13,"column":5}},"loc":{"start":{"line":13,"column":22},"end":{"line":59,"column":5}},"line":13}},"branchMap":{"0":{"loc":{"start":{"line":14,"column":8},"end":{"line":16,"column":9}},"type":"if","locations":[{"start":{"line":14,"column":8},"end":{"line":16,"column":9}},{"start":{"line":14,"column":8},"end":{"line":16,"column":9}}],"line":14},"1":{"loc":{"start":{"line":14,"column":12},"end":{"line":14,"column":47}},"type":"binary-expr","locations":[{"start":{"line":14,"column":12},"end":{"line":14,"column":18}},{"start":{"line":14,"column":22},"end":{"line":14,"column":47}}],"line":14},"2":{"loc":{"start":{"line":24,"column":8},"end":{"line":58,"column":9}},"type":"if","locations":[{"start":{"line":24,"column":8},"end":{"line":58,"column":9}},{"start":{"line":24,"column":8},"end":{"line":58,"column":9}}],"line":24},"3":{"loc":{"start":{"line":25,"column":12},"end":{"line":27,"column":13}},"type":"if","locations":[{"start":{"line":25,"column":12},"end":{"line":27,"column":13}},{"start":{"line":25,"column":12},"end":{"line":27,"column":13}}],"line":25},"4":{"loc":{"start":{"line":25,"column":16},"end":{"line":25,"column":68}},"type":"binary-expr","locations":[{"start":{"line":25,"column":16},"end":{"line":25,"column":39}},{"start":{"line":25,"column":43},"end":{"line":25,"column":68}}],"line":25},"5":{"loc":{"start":{"line":31,"column":16},"end":{"line":33,"column":17}},"type":"if","locations":[{"start":{"line":31,"column":16},"end":{"line":33,"column":17}},{"start":{"line":31,"column":16},"end":{"line":33,"column":17}}],"line":31},"6":{"loc":{"start":{"line":41,"column":12},"end":{"line":54,"column":13}},"type":"if","locations":[{"start":{"line":41,"column":12},"end":{"line":54,"column":13}},{"start":{"line":41,"column":12},"end":{"line":54,"column":13}}],"line":41},"7":{"loc":{"start":{"line":41,"column":16},"end":{"line":41,"column":91}},"type":"binary-expr","locations":[{"start":{"line":41,"column":16},"end":{"line":41,"column":31}},{"start":{"line":41,"column":36},"end":{"line":41,"column":53}},{"start":{"line":41,"column":57},"end":{"line":41,"column":90}}],"line":41},"8":{"loc":{"start":{"line":44,"column":17},"end":{"line":54,"column":13}},"type":"if","locations":[{"start":{"line":44,"column":17},"end":{"line":54,"column":13}},{"start":{"line":44,"column":17},"end":{"line":54,"column":13}}],"line":44}},"s":{"0":1,"1":1,"2":1,"3":1,"4":1,"5":1,"6":1,"7":1,"8":82,"9":0,"10":82,"11":82,"12":0,"13":82,"14":78,"15":0,"16":78,"17":78,"18":78,"19":78,"20":77,"21":39,"22":39,"23":26,"24":52,"25":26,"26":1,"27":25,"28":1,"29":1,"30":1,"31":1,"32":1,"33":0,"34":4,"35":1},"f":{"0":1,"1":82},"b":{"0":[0,82],"1":[82,0],"2":[78,4],"3":[0,78],"4":[78,78],"5":[77,1],"6":[1,25],"7":[26,26,2],"8":[1,24]},"_coverageSchema":"332fd63041d2c1bcb487cc26dd0d5f7d97098a6c","hash":"9953f2f14467efde8942547260371ba52b95c6ec","contentHash":"17b61240842377fc6670d7f890337842_11.3.0"},"/Users/lin/Documents/UBC/3Year/CPSC310/project_team234/src/controller/ValidatorWhere.js":{"path":"/Users/lin/Documents/UBC/3Year/CPSC310/project_team234/src/controller/ValidatorWhere.js","statementMap":{"0":{"start":{"line":2,"column":0},"end":{"line":2,"column":62}},"1":{"start":{"line":3,"column":20},"end":{"line":3,"column":42}},"2":{"start":{"line":4,"column":25},"end":{"line":4,"column":52}},"3":{"start":{"line":7,"column":8},"end":{"line":7,"column":27}},"4":{"start":{"line":10,"column":19},"end":{"line":10,"column":40}},"5":{"start":{"line":11,"column":8},"end":{"line":13,"column":9}},"6":{"start":{"line":12,"column":12},"end":{"line":12,"column":99}},"7":{"start":{"line":14,"column":8},"end":{"line":28,"column":9}},"8":{"start":{"line":15,"column":12},"end":{"line":15,"column":45}},"9":{"start":{"line":17,"column":13},"end":{"line":28,"column":9}},"10":{"start":{"line":18,"column":12},"end":{"line":18,"column":54}},"11":{"start":{"line":20,"column":13},"end":{"line":28,"column":9}},"12":{"start":{"line":21,"column":12},"end":{"line":21,"column":45}},"13":{"start":{"line":23,"column":13},"end":{"line":28,"column":9}},"14":{"start":{"line":24,"column":12},"end":{"line":24,"column":45}},"15":{"start":{"line":27,"column":12},"end":{"line":27,"column":85}},"16":{"start":{"line":31,"column":19},"end":{"line":31,"column":39}},"17":{"start":{"line":32,"column":8},"end":{"line":34,"column":9}},"18":{"start":{"line":33,"column":12},"end":{"line":33,"column":97}},"19":{"start":{"line":35,"column":8},"end":{"line":41,"column":9}},"20":{"start":{"line":36,"column":12},"end":{"line":36,"column":40}},"21":{"start":{"line":37,"column":12},"end":{"line":37,"column":59}},"22":{"start":{"line":40,"column":12},"end":{"line":40,"column":22}},"23":{"start":{"line":42,"column":8},"end":{"line":44,"column":9}},"24":{"start":{"line":43,"column":12},"end":{"line":43,"column":105}},"25":{"start":{"line":47,"column":19},"end":{"line":47,"column":39}},"26":{"start":{"line":48,"column":8},"end":{"line":50,"column":9}},"27":{"start":{"line":49,"column":12},"end":{"line":49,"column":98}},"28":{"start":{"line":51,"column":8},"end":{"line":57,"column":9}},"29":{"start":{"line":52,"column":12},"end":{"line":52,"column":40}},"30":{"start":{"line":53,"column":12},"end":{"line":53,"column":62}},"31":{"start":{"line":56,"column":12},"end":{"line":56,"column":22}},"32":{"start":{"line":60,"column":8},"end":{"line":65,"column":9}},"33":{"start":{"line":61,"column":12},"end":{"line":61,"column":101}},"34":{"start":{"line":63,"column":13},"end":{"line":65,"column":9}},"35":{"start":{"line":64,"column":12},"end":{"line":64,"column":76}},"36":{"start":{"line":66,"column":8},"end":{"line":73,"column":9}},"37":{"start":{"line":67,"column":12},"end":{"line":72,"column":13}},"38":{"start":{"line":68,"column":16},"end":{"line":68,"column":40}},"39":{"start":{"line":71,"column":16},"end":{"line":71,"column":100}},"40":{"start":{"line":76,"column":0},"end":{"line":76,"column":33}}},"fnMap":{"0":{"name":"(anonymous_0)","decl":{"start":{"line":6,"column":4},"end":{"line":6,"column":5}},"loc":{"start":{"line":6,"column":29},"end":{"line":8,"column":5}},"line":6},"1":{"name":"(anonymous_1)","decl":{"start":{"line":9,"column":4},"end":{"line":9,"column":5}},"loc":{"start":{"line":9,"column":23},"end":{"line":29,"column":5}},"line":9},"2":{"name":"(anonymous_2)","decl":{"start":{"line":30,"column":4},"end":{"line":30,"column":5}},"loc":{"start":{"line":30,"column":22},"end":{"line":45,"column":5}},"line":30},"3":{"name":"(anonymous_3)","decl":{"start":{"line":46,"column":4},"end":{"line":46,"column":5}},"loc":{"start":{"line":46,"column":30},"end":{"line":58,"column":5}},"line":46},"4":{"name":"(anonymous_4)","decl":{"start":{"line":59,"column":4},"end":{"line":59,"column":5}},"loc":{"start":{"line":59,"column":22},"end":{"line":74,"column":5}},"line":59}},"branchMap":{"0":{"loc":{"start":{"line":11,"column":8},"end":{"line":13,"column":9}},"type":"if","locations":[{"start":{"line":11,"column":8},"end":{"line":13,"column":9}},{"start":{"line":11,"column":8},"end":{"line":13,"column":9}}],"line":11},"1":{"loc":{"start":{"line":14,"column":8},"end":{"line":28,"column":9}},"type":"if","locations":[{"start":{"line":14,"column":8},"end":{"line":28,"column":9}},{"start":{"line":14,"column":8},"end":{"line":28,"column":9}}],"line":14},"2":{"loc":{"start":{"line":17,"column":13},"end":{"line":28,"column":9}},"type":"if","locations":[{"start":{"line":17,"column":13},"end":{"line":28,"column":9}},{"start":{"line":17,"column":13},"end":{"line":28,"column":9}}],"line":17},"3":{"loc":{"start":{"line":17,"column":17},"end":{"line":17,"column":73}},"type":"binary-expr","locations":[{"start":{"line":17,"column":17},"end":{"line":17,"column":33}},{"start":{"line":17,"column":37},"end":{"line":17,"column":53}},{"start":{"line":17,"column":57},"end":{"line":17,"column":73}}],"line":17},"4":{"loc":{"start":{"line":20,"column":13},"end":{"line":28,"column":9}},"type":"if","locations":[{"start":{"line":20,"column":13},"end":{"line":28,"column":9}},{"start":{"line":20,"column":13},"end":{"line":28,"column":9}}],"line":20},"5":{"loc":{"start":{"line":20,"column":17},"end":{"line":20,"column":54}},"type":"binary-expr","locations":[{"start":{"line":20,"column":17},"end":{"line":20,"column":33}},{"start":{"line":20,"column":37},"end":{"line":20,"column":54}}],"line":20},"6":{"loc":{"start":{"line":23,"column":13},"end":{"line":28,"column":9}},"type":"if","locations":[{"start":{"line":23,"column":13},"end":{"line":28,"column":9}},{"start":{"line":23,"column":13},"end":{"line":28,"column":9}}],"line":23},"7":{"loc":{"start":{"line":32,"column":8},"end":{"line":34,"column":9}},"type":"if","locations":[{"start":{"line":32,"column":8},"end":{"line":34,"column":9}},{"start":{"line":32,"column":8},"end":{"line":34,"column":9}}],"line":32},"8":{"loc":{"start":{"line":42,"column":8},"end":{"line":44,"column":9}},"type":"if","locations":[{"start":{"line":42,"column":8},"end":{"line":44,"column":9}},{"start":{"line":42,"column":8},"end":{"line":44,"column":9}}],"line":42},"9":{"loc":{"start":{"line":48,"column":8},"end":{"line":50,"column":9}},"type":"if","locations":[{"start":{"line":48,"column":8},"end":{"line":50,"column":9}},{"start":{"line":48,"column":8},"end":{"line":50,"column":9}}],"line":48},"10":{"loc":{"start":{"line":60,"column":8},"end":{"line":65,"column":9}},"type":"if","locations":[{"start":{"line":60,"column":8},"end":{"line":65,"column":9}},{"start":{"line":60,"column":8},"end":{"line":65,"column":9}}],"line":60},"11":{"loc":{"start":{"line":63,"column":13},"end":{"line":65,"column":9}},"type":"if","locations":[{"start":{"line":63,"column":13},"end":{"line":65,"column":9}},{"start":{"line":63,"column":13},"end":{"line":65,"column":9}}],"line":63}},"s":{"0":1,"1":1,"2":1,"3":78,"4":131,"5":131,"6":2,"7":129,"8":33,"9":96,"10":50,"11":46,"12":21,"13":25,"14":20,"15":5,"16":33,"17":33,"18":2,"19":31,"20":31,"21":29,"22":4,"23":27,"24":1,"25":50,"26":50,"27":6,"28":44,"29":44,"30":38,"31":15,"32":21,"33":3,"34":18,"35":1,"36":17,"37":34,"38":34,"39":1,"40":1},"f":{"0":78,"1":131,"2":33,"3":50,"4":21},"b":{"0":[2,129],"1":[33,96],"2":[50,46],"3":[96,86,66],"4":[21,25],"5":[46,42],"6":[20,5],"7":[2,31],"8":[1,26],"9":[6,44],"10":[3,18],"11":[1,17]},"_coverageSchema":"332fd63041d2c1bcb487cc26dd0d5f7d97098a6c","hash":"fd97506bc17280a8ddb991363bac5378d69385d6","contentHash":"52a247547d656365b885c0fed4a162fa_11.3.0"},"/Users/lin/Documents/UBC/3Year/CPSC310/project_team234/src/controller/Validator.js":{"path":"/Users/lin/Documents/UBC/3Year/CPSC310/project_team234/src/controller/Validator.js","statementMap":{"0":{"start":{"line":2,"column":0},"end":{"line":2,"column":62}},"1":{"start":{"line":3,"column":25},"end":{"line":3,"column":52}},"2":{"start":{"line":6,"column":8},"end":{"line":10,"column":10}},"3":{"start":{"line":11,"column":8},"end":{"line":14,"column":10}},"4":{"start":{"line":15,"column":8},"end":{"line":15,"column":28}},"5":{"start":{"line":16,"column":8},"end":{"line":16,"column":23}},"6":{"start":{"line":17,"column":8},"end":{"line":17,"column":67}},"7":{"start":{"line":18,"column":8},"end":{"line":18,"column":48}},"8":{"start":{"line":19,"column":8},"end":{"line":19,"column":37}},"9":{"start":{"line":23,"column":8},"end":{"line":28,"column":9}},"10":{"start":{"line":24,"column":12},"end":{"line":24,"column":44}},"11":{"start":{"line":27,"column":12},"end":{"line":27,"column":82}},"12":{"start":{"line":29,"column":8},"end":{"line":29,"column":27}},"13":{"start":{"line":32,"column":8},"end":{"line":42,"column":9}},"14":{"start":{"line":33,"column":12},"end":{"line":38,"column":13}},"15":{"start":{"line":34,"column":16},"end":{"line":34,"column":39}},"16":{"start":{"line":37,"column":16},"end":{"line":37,"column":26}},"17":{"start":{"line":40,"column":13},"end":{"line":42,"column":9}},"18":{"start":{"line":41,"column":12},"end":{"line":41,"column":89}},"19":{"start":{"line":45,"column":19},"end":{"line":45,"column":23}},"20":{"start":{"line":46,"column":8},"end":{"line":48,"column":9}},"21":{"start":{"line":47,"column":12},"end":{"line":47,"column":85}},"22":{"start":{"line":50,"column":23},"end":{"line":50,"column":28}},"23":{"start":{"line":51,"column":8},"end":{"line":56,"column":9}},"24":{"start":{"line":52,"column":12},"end":{"line":52,"column":44}},"25":{"start":{"line":55,"column":12},"end":{"line":55,"column":57}},"26":{"start":{"line":57,"column":8},"end":{"line":59,"column":9}},"27":{"start":{"line":58,"column":12},"end":{"line":58,"column":38}},"28":{"start":{"line":60,"column":8},"end":{"line":66,"column":9}},"29":{"start":{"line":61,"column":12},"end":{"line":65,"column":13}},"30":{"start":{"line":62,"column":16},"end":{"line":62,"column":39}},"31":{"start":{"line":63,"column":16},"end":{"line":63,"column":32}},"32":{"start":{"line":64,"column":16},"end":{"line":64,"column":22}},"33":{"start":{"line":67,"column":8},"end":{"line":69,"column":9}},"34":{"start":{"line":68,"column":12},"end":{"line":68,"column":102}},"35":{"start":{"line":70,"column":8},"end":{"line":72,"column":9}},"36":{"start":{"line":71,"column":12},"end":{"line":71,"column":105}},"37":{"start":{"line":76,"column":8},"end":{"line":81,"column":9}},"38":{"start":{"line":77,"column":12},"end":{"line":77,"column":38}},"39":{"start":{"line":80,"column":12},"end":{"line":80,"column":57}},"40":{"start":{"line":82,"column":8},"end":{"line":98,"column":9}},"41":{"start":{"line":83,"column":12},"end":{"line":83,"column":101}},"42":{"start":{"line":86,"column":32},"end":{"line":88,"column":50}},"43":{"start":{"line":89,"column":12},"end":{"line":91,"column":13}},"44":{"start":{"line":90,"column":16},"end":{"line":90,"column":130}},"45":{"start":{"line":92,"column":12},"end":{"line":97,"column":13}},"46":{"start":{"line":93,"column":16},"end":{"line":93,"column":38}},"47":{"start":{"line":96,"column":16},"end":{"line":96,"column":35}},"48":{"start":{"line":101,"column":8},"end":{"line":101,"column":99}},"49":{"start":{"line":104,"column":0},"end":{"line":104,"column":28}}},"fnMap":{"0":{"name":"(anonymous_0)","decl":{"start":{"line":5,"column":4},"end":{"line":5,"column":5}},"loc":{"start":{"line":5,"column":29},"end":{"line":20,"column":5}},"line":5},"1":{"name":"(anonymous_1)","decl":{"start":{"line":21,"column":4},"end":{"line":21,"column":5}},"loc":{"start":{"
[...]
"column":109}},"22":{"start":{"line":39,"column":12},"end":{"line":44,"column":13}},"23":{"start":{"line":40,"column":16},"end":{"line":40,"column":41}},"24":{"start":{"line":43,"column":16},"end":{"line":43,"column":26}},"25":{"start":{"line":45,"column":12},"end":{"line":52,"column":13}},"26":{"start":{"line":46,"column":16},"end":{"line":46,"column":39}},"27":{"start":{"line":48,"column":16},"end":{"line":48,"column":42}},"28":{"start":{"line":49,"column":16},"end":{"line":51,"column":17}},"29":{"start":{"line":50,"column":20},"end":{"line":50,"column":98}},"30":{"start":{"line":53,"column":12},"end":{"line":58,"column":13}},"31":{"start":{"line":54,"column":16},"end":{"line":54,"column":48}},"32":{"start":{"line":57,"column":16},"end":{"line":57,"column":96}},"33":{"start":{"line":62,"column":8},"end":{"line":98,"column":9}},"34":{"start":{"line":63,"column":12},"end":{"line":68,"column":13}},"35":{"start":{"line":64,"column":16},"end":{"line":64,"column":43}},"36":{"start":{"line":67,"column":16},"end":{"line":67,"column":26}},"37":{"start":{"line":69,"column":12},"end":{"line":71,"column":13}},"38":{"start":{"line":70,"column":16},"end":{"line":70,"column":105}},"39":{"start":{"line":73,"column":13},"end":{"line":98,"column":9}},"40":{"start":{"line":74,"column":23},"end":{"line":74,"column":43}},"41":{"start":{"line":75,"column":12},"end":{"line":77,"column":13}},"42":{"start":{"line":76,"column":16},"end":{"line":76,"column":73}},"43":{"start":{"line":78,"column":12},"end":{"line":80,"column":13}},"44":{"start":{"line":79,"column":16},"end":{"line":79,"column":94}},"45":{"start":{"line":81,"column":12},"end":{"line":83,"column":13}},"46":{"start":{"line":82,"column":16},"end":{"line":82,"column":79}},"47":{"start":{"line":84,"column":12},"end":{"line":94,"column":13}},"48":{"start":{"line":85,"column":16},"end":{"line":90,"column":17}},"49":{"start":{"line":86,"column":20},"end":{"line":86,"column":48}},"50":{"start":{"line":89,"column":20},"end":{"line":89,"column":30}},"51":{"start":{"line":91,"column":16},"end":{"line":93,"column":17}},"52":{"start":{"line":92,"column":20},"end":{"line":92,"column":110}},"53":{"start":{"line":97,"column":12},"end":{"line":97,"column":78}},"54":{"start":{"line":101,"column":0},"end":{"line":101,"column":35}}},"fnMap":{"0":{"name":"(anonymous_0)","decl":{"start":{"line":6,"column":4},"end":{"line":6,"column":5}},"loc":{"start":{"line":6,"column":29},"end":{"line":9,"column":5}},"line":6},"1":{"name":"(anonymous_1)","decl":{"start":{"line":10,"column":4},"end":{"line":10,"column":5}},"loc":{"start":{"line":10,"column":22},"end":{"line":30,"column":5}},"line":10},"2":{"name":"(anonymous_2)","decl":{"start":{"line":31,"column":4},"end":{"line":31,"column":5}},"loc":{"start":{"line":31,"column":26},"end":{"line":60,"column":5}},"line":31},"3":{"name":"(anonymous_3)","decl":{"start":{"line":61,"column":4},"end":{"line":61,"column":5}},"loc":{"start":{"line":61,"column":31},"end":{"line":99,"column":5}},"line":61}},"branchMap":{"0":{"loc":{"start":{"line":12,"column":8},"end":{"line":14,"column":9}},"type":"if","locations":[{"start":{"line":12,"column":8},"end":{"line":14,"column":9}},{"start":{"line":12,"column":8},"end":{"line":14,"column":9}}],"line":12},"1":{"loc":{"start":{"line":15,"column":8},"end":{"line":17,"column":9}},"type":"if","locations":[{"start":{"line":15,"column":8},"end":{"line":17,"column":9}},{"start":{"line":15,"column":8},"end":{"line":17,"column":9}}],"line":15},"2":{"loc":{"start":{"line":15,"column":12},"end":{"line":15,"column":56}},"type":"binary-expr","locations":[{"start":{"line":15,"column":12},"end":{"line":15,"column":29}},{"start":{"line":15,"column":33},"end":{"line":15,"column":56}}],"line":15},"3":{"loc":{"start":{"line":18,"column":8},"end":{"line":20,"column":9}},"type":"if","locations":[{"start":{"line":18,"column":8},"end":{"line":20,"column":9}},{"start":{"line":18,"column":8},"end":{"line":20,"column":9}}],"line":18},"4":{"loc":{"start":{"line":23,"column":12},"end":{"line":25,"column":13}},"type":"if","locations":[{"start":{"line":23,"column":12},"end":{"line":25,"column":13}},{"start":{"line":23,"column":12},"end":{"line":25,"column":13}}],"line":23},"5":{"loc":{"start":{"line":32,"column":8},"end":{"line":34,"column":9}},"type":"if","locations":[{"start":{"line":32,"column":8},"end":{"line":34,"column":9}},{"start":{"line":32,"column":8},"end":{"line":34,"column":9}}],"line":32},"6":{"loc":{"start":{"line":32,"column":12},"end":{"line":32,"column":59}},"type":"binary-expr","locations":[{"start":{"line":32,"column":12},"end":{"line":32,"column":35}},{"start":{"line":32,"column":39},"end":{"line":32,"column":59}}],"line":32},"7":{"loc":{"start":{"line":36,"column":12},"end":{"line":38,"column":13}},"type":"if","locations":[{"start":{"line":36,"column":12},"end":{"line":38,"column":13}},{"start":{"line":36,"column":12},"end":{"line":38,"column":13}}],"line":36},"8":{"loc":{"start":{"line":45,"column":12},"end":{"line":52,"column":13}},"type":"if","locations":[{"start":{"line":45,"column":12},"end":{"line":52,"column":13}},{"start":{"line":45,"column":12},"end":{"line":52,"column":13}}],"line":45},"9":{"loc":{"start":{"line":49,"column":16},"end":{"line":51,"column":17}},"type":"if","locations":[{"start":{"line":49,"column":16},"end":{"line":51,"column":17}},{"start":{"line":49,"column":16},"end":{"line":51,"column":17}}],"line":49},"10":{"loc":{"start":{"line":53,"column":12},"end":{"line":58,"column":13}},"type":"if","locations":[{"start":{"line":53,"column":12},"end":{"line":58,"column":13}},{"start":{"line":53,"column":12},"end":{"line":58,"column":13}}],"line":53},"11":{"loc":{"start":{"line":62,"column":8},"end":{"line":98,"column":9}},"type":"if","locations":[{"start":{"line":62,"column":8},"end":{"line":98,"column":9}},{"start":{"line":62,"column":8},"end":{"line":98,"column":9}}],"line":62},"12":{"loc":{"start":{"line":69,"column":12},"end":{"line":71,"column":13}},"type":"if","locations":[{"start":{"line":69,"column":12},"end":{"line":71,"column":13}},{"start":{"line":69,"column":12},"end":{"line":71,"column":13}}],"line":69},"13":{"loc":{"start":{"line":73,"column":13},"end":{"line":98,"column":9}},"type":"if","locations":[{"start":{"line":73,"column":13},"end":{"line":98,"column":9}},{"start":{"line":73,"column":13},"end":{"line":98,"column":9}}],"line":73},"14":{"loc":{"start":{"line":73,"column":17},"end":{"line":73,"column":60}},"type":"binary-expr","locations":[{"start":{"line":73,"column":17},"end":{"line":73,"column":42}},{"start":{"line":73,"column":46},"end":{"line":73,"column":60}}],"line":73},"15":{"loc":{"start":{"line":75,"column":12},"end":{"line":77,"column":13}},"type":"if","locations":[{"start":{"line":75,"column":12},"end":{"line":77,"column":13}},{"start":{"line":75,"column":12},"end":{"line":77,"column":13}}],"line":75},"16":{"loc":{"start":{"line":75,"column":16},"end":{"line":75,"column":84}},"type":"binary-expr","locations":[{"start":{"line":75,"column":16},"end":{"line":75,"column":37}},{"start":{"line":75,"column":41},"end":{"line":75,"column":63}},{"start":{"line":75,"column":67},"end":{"line":75,"column":84}}],"line":75},"17":{"loc":{"start":{"line":78,"column":12},"end":{"line":80,"column":13}},"type":"if","locations":[{"start":{"line":78,"column":12},"end":{"line":80,"column":13}},{"start":{"line":78,"column":12},"end":{"line":80,"column":13}}],"line":78},"18":{"loc":{"start":{"line":78,"column":16},"end":{"line":78,"column":64}},"type":"binary-expr","locations":[{"start":{"line":78,"column":16},"end":{"line":78,"column":37}},{"start":{"line":78,"column":41},"end":{"line":78,"column":64}}],"line":78},"19":{"loc":{"start":{"line":81,"column":12},"end":{"line":83,"column":13}},"type":"if","locations":[{"start":{"line":81,"column":12},"end":{"line":83,"column":13}},{"start":{"line":81,"column":12},"end":{"line":83,"column":13}}],"line":81},"20":{"loc":{"start":{"line":91,"column":16},"end":{"line":93,"column":17}},"type":"if","locations":[{"start":{"line":91,"column":16},"end":{"line":93,"column":17}},{"start":{"line":91,"column":16},"end":{"line":93,"column":17}}],"line":91}},"s":{"0":1,"1":1,"2":1,"3":78,"4":78,"5":39,"6":39,"7":2,"8":37,"9":0,"10":37,"11":0,"12":37,"13":37,"14":30,"15":28,"16":11,"17":37,"18":2,"19":35,"20":83,"21":2,"22":81,"23":81,"24":2,"25":79,"26":78,"27":78,"28":78,"29":1,"30":78,"31":78,"32":0,"33":28,"34":25,"35":25,"36":0,"37":25,"38":1,"39":3,"40":1,"41":1,"42":1,"43":0,"44":0,"45":0,"46":0,"47":0,"48":0,"49":0,"50":0,"51":0,"52":0,"53":2,"54":1},"f":{"0":78,"1":39,"2":37,"3":28},"b":{"0":[2,37],"1":[0,37],"2":[37,34],"3":[0,37],"4":[28,2],"5":[2,35],"6":[37,37],"7":[2,81],"8":[78,1],"9":[1,77],"10":[78,0],"11":[25,3],"12":[1,24],"13":[1,2],"14":[3,2],"15":[1,0],"16":[1,0,0],"17":[0,0],"18":[0,0],"19":[0,0],"20":[0,0]},"_coverageSchema":"332fd63041d2c1bcb487cc26dd0d5f7d97098a6c","hash":"e1e550bae91abd5a709caf5e6e255c88152121ea","contentHash":"deb505bd2911270e479eb78289027696_11.3.0"},"/Users/lin/Documents/UBC/3Year/CPSC310/project_team234/src/controller/ValidatorTransformation.js":{"path":"/Users/lin/Documents/UBC/3Year/CPSC310/project_team234/src/controller/ValidatorTransformation.js","statementMap":{"0":{"start":{"line":2,"column":0},"end":{"line":2,"column":62}},"1":{"start":{"line":3,"column":20},"end":{"line":3,"column":42}},"2":{"start":{"line":4,"column":25},"end":{"line":4,"column":52}},"3":{"start":{"line":7,"column":8},"end":{"line":7,"column":27}},"4":{"start":{"line":8,"column":8},"end":{"line":8,"column":35}},"5":{"start":{"line":9,"column":8},"end":{"line":9,"column":33}},"6":{"start":{"line":10,"column":8},"end":{"line":10,"column":69}},"7":{"start":{"line":11,"column":8},"end":{"line":11,"column":40}},"8":{"start":{"line":14,"column":19},"end":{"line":14,"column":39}},"9":{"start":{"line":15,"column":8},"end":{"line":17,"column":9}},"10":{"start":{"line":16,"column":12},"end":{"line":16,"column":115}},"11":{"start":{"line":18,"column":8},"end":{"line":20,"column":9}},"12":{"start":{"line":19,"column":12},"end":{"line":19,"column":97}},"13":{"start":{"line":21,"column":8},"end":{"line":23,"column":9}},"14":{"start":{"line":22,"column":12},"end":{"line":22,"column":97}},"15":{"start":{"line":24,"column":8},"end":{"line":30,"column":9}},"16":{"start":{"line":25,"column":12},"end":{"line":25,"column":44}},"17":{"start":{"line":26,"column":12},"end":{"line":26,"column":44}},"18":{"start":{"line":29,"column":12},"end":{"line":29,"column":22}},"19":{"start":{"line":31,"column":8},"end":{"line":35,"column":9}},"20":{"start":{"line":32,"column":12},"end":{"line":34,"column":13}},"21":{"start":{"line":33,"column":16},"end":{"line":33,"column":133}},"22":{"start":{"line":38,"column":8},"end":{"line":45,"column":9}},"23":{"start":{"line":39,"column":12},"end":{"line":44,"column":13}},"24":{"start":{"line":40,"column":16},"end":{"line":40,"column":53}},"25":{"start":{"line":43,"column":16},"end":{"line":43,"column":133}},"26":{"start":{"line":48,"column":8},"end":{"line":50,"column":9}},"27":{"start":{"line":49,"column":12},"end":{"line":49,"column":89}},"28":{"start":{"line":51,"column":8},"end":{"line":75,"column":9}},"29":{"start":{"line":52,"column":12},"end":{"line":54,"column":13}},"30":{"start":{"line":53,"column":16},"end":{"line":53,"column":110}},"31":{"start":{"line":55,"column":28},"end":{"line":55,"column":52}},"32":{"start":{"line":56,"column":12},"end":{"line":58,"column":13}},"33":{"start":{"line":57,"column":16},"end":{"line":57,"column":132}},"34":{"start":{"line":59,"column":12},"end":{"line":61,"column":13}},"35":{"start":{"line":60,"column":16},"end":{"line":60,"column":133}},"36":{"start":{"line":62,"column":12},"end":{"line":62,"column":53}},"37":{"start":{"line":63,"column":12},"end":{"line":68,"column":13}},"38":{"start":{"line":64,"column":16},"end":{"line":64,"column":61}},"39":{"start":{"line":67,"column":16},"end":{"line":67,"column":26}},"40":{"start":{"line":69,"column":12},"end":{"line":74,"column":13}},"41":{"start":{"line":70,"column":16},"end":{"line":70,"column":55}},"42":{"start":{"line":73,"column":16},"end":{"line":73,"column":89}},"43":{"start":{"line":78,"column":25},"end":{"line":78,"column":48}},"44":{"start":{"line":79,"column":8},"end":{"line":81,"column":9}},"45":{"start":{"line":80,"column":12},"end":{"line":80,"column":129}},"46":{"start":{"line":82,"column":8},"end":{"line":84,"column":9}},"47":{"start":{"line":83,"column":12},"end":{"line":83,"column":107}},"48":{"start":{"line":86,"column":8},"end":{"line":88,"column":9}},"49":{"start":{"line":87,"column":12},"end":{"line":87,"column":104}},"50":{"start":{"line":90,"column":8},"end":{"line":95,"column":9}},"51":{"start":{"line":91,"column":12},"end":{"line":91,"column":56}},"52":{"start":{"line":94,"column":12},"end":{"line":94,"column":57}},"53":{"start":{"line":96,"column":22},"end":{"line":96,"column":62}},"54":{"start":{"line":97,"column":8},"end":{"line":102,"column":9}},"55":{"start":{"line":98,"column":12},"end":{"line":98,"column":45}},"56":{"start":{"line":101,"column":12},"end":{"line":101,"column":44}},"57":{"start":{"line":103,"column":8},"end":{"line":112,"column":9}},"58":{"start":{"line":104,"column":12},"end":{"line":106,"column":13}},"59":{"start":{"line":105,"column":16},"end":{"line":105,"column":135}},"60":{"start":{"line":109,"column":12},"end":{"line":111,"column":13}},"61":{"start":{"line":110,"column":16},"end":{"line":110,"column":129}},"62":{"start":{"line":115,"column":0},"end":{"line":115,"column":42}}},"fnMap":{"0":{"name":"(anonymous_0)","decl":{"start":{"line":6,"column":4},"end":{"line":6,"column":5}},"loc":{"start":{"line":6,"column":38},"end":{"line":12,"column":5}},"line":6},"1":{"name":"(anonymous_1)","decl":{"start":{"line":13,"column":4},"end":{"line":13,"column":5}},"loc":{"start":{"line":13,"column":22},"end":{"line":36,"column":5}},"line":13},"2":{"name":"(anonymous_2)","decl":{"start":{"line":37,"column":4},"end":{"line":37,"column":5}},"loc":{"start":{"line":37,"column":22},"end":{"line":46,"column":5}},"line":37},"3":{"name":"(anonymous_3)","decl":{"start":{"line":47,"column":4},"end":{"line":47,"column":5}},"loc":{"start":{"line":47,"column":22},"end":{"line":76,"column":5}},"line":47},"4":{"name":"(anonymous_4)","decl":{"start":{"line":77,"column":4},"end":{"line":77,"column":5}},"loc":{"start":{"line":77,"column":29},"end":{"line":113,"column":5}},"line":77}},"branchMap":{"0":{"loc":{"start":{"line":15,"column":8},"end":{"line":17,"column":9}},"type":"if","locations":[{"start":{"line":15,"column":8},"end":{"line":17,"column":9}},{"start":{"line":15,"column":8},"end":{"line":17,"column":9}}],"line":15},"1":{"loc":{"start":{"line":18,"column":8},"end":{"line":20,"column":9}},"type":"if","locations":[{"start":{"line":18,"column":8},"end":{"line":20,"column":9}},{"start":{"line":18,"column":8},"end":{"line":20,"column":9}}],"line":18},"2":{"loc":{"start":{"line":21,"column":8},"end":{"line":23,"column":9}},"type":"if","locations":[{"start":{"line":21,"column":8},"end":{"line":23,"column":9}},{"start":{"line":21,"column":8},"end":{"line":23,"column":9}}],"line":21},"3":{"loc":{"start":{"line":32,"column":12},"end":{"line":34,"column":13}},"type":"if","locations":[{"start":{"line":32,"column":12},"end":{"line":34,"column":13}},{"start":{"line":32,"column":12},"end":{"line":34,"column":13}}],"line":32},"4":{"loc":{"start":{"line":39,"column":12},"end":{"line":44,"column":13}},"type":"if","locations":[{"start":{"line":39,"column":12},"end":{"line":44,"column":13}},{"start":{"line":39,"column":12},"end":{"line":44,"column":13}}],"line":39},"5":{"loc":{"start":{"line":48,"column":8},"end":{"line":50,"column":9}},"type":"if","locations":[{"start":{"line":48,"column":8},"end":{"line":50,"column":9}},{"start":{"line":48,"column":8},"end":{"line":50,"column":9}}],"line":48},"6":{"loc":{"start":{"line":52,"column":12},"end":{"line":54,"column":13}},"type":"if","locations":[{"start":{"line":52,"column":12},"end":{"line":54,"column":13}},{"start":{"line":52,"column":12},"end":{"line":54,"column":13}}],"line":52},"7":{"loc":{"start":{"line":56,"column":12},"end":{"line":58,"column":13}},"type":"if","locations":[{"start":{"line":56,"column":12},"end":{"line":58,"column":13}},{"start":{"line":56,"column":12},"end":{"line":58,"column":13}}],"line":56},"8":{"loc":{"start":{"line":59,"column":12},"end":{"line":61,"column":13}},"type":"if","locations":[{"start":{"line":59,"column":12},"end":{"line":61,"column":13}},{"start":{"line":59,"column":12},"end":{"line":61,"column":13}}],"line":59},"9":{"loc":{"start":{"line":69,"column":12},"end":{"line":74,"column":13}},"type":"if","locations":[{"start":{"line":69,"column":12},"end":{"line":74,"column":13}},{"start":{"line":69,"column":12},"end":{"line":74,"column":13}}],"line":69},"10":{"loc":{"start":{"line":79,"column":8},"end":{"line":81,"column":9}},"type":"if","locations":[{"start":{"line":79,"column":8},"end":{"line":81,"column":9}},{"start":{"line":79,"column":8},"end":{"line":81,"column":9}}],"line":79},"11":{"loc":{"start":{"line":82,"column":8},"end":{"line":84,"column":9}},"type":"if","locations":[{"start":{"line":82,"column":8},"end":{"line":84,"column":9}},{"start":{"line":82,"column":8},"end":{"line":84,"column":9}}],"line":82},"12":{"loc":{"start":{"line":86,"column":8},"end":{"line":88,"column":9}},"type":"if","locations":[{"start":{"line":86,"column":8},"end":{"line":88,"column":9}},{"start":{"line":86,"column":8},"end":{"line":88,"column":9}}],"line":86},"13":{"loc":{"start":{"line":97,"column":8},"end":{"line":102,"column":9}},"type":"if","locations":[{"start":{"line":97,"column":8},"end":{"line":102,"column":9}},{"start":{"line":97,"column":8},"end":{"line":102,"column":9}}],"line":97},"14":{"loc":{"start":{"line":103,"column":8},"end":{"line":112,"column":9}},"type":"if","locations":[{"start":{"line":103,"column":8},"end":{"line":112,"column":9}},{"start":{"line":103,"column":8},"end":{"line":112,"column":9}}],"line":103},"15":{"loc":{"start":{"line":103,"column":12},"end":{"line":103,"column":117}},"type":"binary-expr","locations":[{"start":{"line":103,"column":12},"end":{"line":103,"column":35}},{"start":{"line":103,"column":39},"end":{"line":103,"column":63}},{"start":{"line":103,"column":67},"end":{"line":103,"column":90}},{"start":{"line":103,"column":94},"end":{"line":103,"column":117}}],"line":103},"16":{"loc":{"start":{"line":104,"column":12},"end":{"line":106,"column":13}},"type":"if","locations":[{"start":{"line":104,"column":12},"end":{"line":106,"column":13}},{"start":{"line":104,"column":12},"end":{"line":106,"column":13}}],"line":104},"17":{"loc":{"start":{"line":109,"column":12},"end":{"line":111,"column":13}},"type":"if","locations":[{"start":{"line":109,"column":12},"end":{"line":111,"column":13}},{"start":{"line":109,"column":12},"end":{"line":111,"column":13}}],"line":109},"18":{"loc":{"start":{"line":109,"column":16},"end":{"line":109,"column":54}},"type":"binary-expr","locations":[{"start":{"line":109,"column":16},"end":{"line":109,"column":33}},{"start":{"line":109,"column":37},"end":{"line":109,"column":54}}],"line":109}},"s":{"0":1,"1":1,"2":1,"3":1,"4":1,"5":1,"6":1,"7":1,"8":1,"9":1,"10":0,"11":1,"12":0,"13":1,"14":0,"15":1,"16":1,"17":1,"18":0,"19":1,"20":2,"21":0,"22":1,"23":1,"24":1,"25":0,"26":1,"27":0,"28":1,"29":1,"30":0,"31":1,"32":1,"33":0,"34":1,"35":0,"36":1,"37":1,"38":1,"39":0,"40":1,"41":1,"42":0,"43":1,"44":1,"45":0,"46":1,"47":0,"48":1,"49":0,"50":1,"51":1,"52":0,"53":1,"54":1,"55":1,"56":0,"57":1,"58":1,"59":0,"60":0,"61":0,"62":1},"f":{"0":1,"1":1,"2":1,"3":1,"4":1},"b":{"0":[0,1],"1":[0,1],"2":[0,1],"3":[0,2],"4":[1,0],"5":[0,1],"6":[0,1],"7":[0,1],"8":[0,1],"9":[1,0],"10":[0,1],"11":[0,1],"12":[0,1],"13":[1,0],"14":[1,0],"15":[1,1,1,0],"16":[0,1],"17":[0,0],"18":[0,0]},"_coverageSchema":"332fd63041d2c1bcb487cc26dd0d5f7d97098a6c","hash":"6eda4c1ab2d3838022e4eb21047c5df186a98f79","contentHash":"471a80c7feaff08b27f36b92e31dc05b_11.3.0"}}