{"/Users/lin/Documents/UBC/3Year/CPSC310/project_team234/src/controller/IInsightFacade.js":{"path":"/Users/lin/Documents/UBC/3Year/CPSC310/project_team234/src/controller/IInsightFacade.js","statementMap":{"0":{"start":{"line":2,"column":0},"end":{"line":2,"column":62}},"1":{"start":{"line":4,"column":0},"end":{"line":7,"column":89}},"2":{"start":{"line":5,"column":4},"end":{"line":5,"column":46}},"3":{"start":{"line":6,"column":4},"end":{"line":6,"column":42}},"4":{"start":{"line":10,"column":8},"end":{"line":10,"column":23}},"5":{"start":{"line":11,"column":8},"end":{"line":11,"column":52}},"6":{"start":{"line":14,"column":0},"end":{"line":14,"column":36}},"7":{"start":{"line":17,"column":8},"end":{"line":17,"column":23}},"8":{"start":{"line":18,"column":8},"end":{"line":18,"column":53}},"9":{"start":{"line":21,"column":0},"end":{"line":21,"column":38}},"10":{"start":{"line":24,"column":8},"end":{"line":24,"column":23}},"11":{"start":{"line":25,"column":8},"end":{"line":25,"column":59}},"12":{"start":{"line":28,"column":0},"end":{"line":28,"column":50}}},"fnMap":{"0":{"name":"(anonymous_0)","decl":{"start":{"line":4,"column":1},"end":{"line":4,"column":2}},"loc":{"start":{"line":4,"column":31},"end":{"line":7,"column":1}},"line":4},"1":{"name":"(anonymous_1)","decl":{"start":{"line":9,"column":4},"end":{"line":9,"column":5}},"loc":{"start":{"line":9,"column":25},"end":{"line":12,"column":5}},"line":9},"2":{"name":"(anonymous_2)","decl":{"start":{"line":16,"column":4},"end":{"line":16,"column":5}},"loc":{"start":{"line":16,"column":25},"end":{"line":19,"column":5}},"line":16},"3":{"name":"(anonymous_3)","decl":{"start":{"line":23,"column":4},"end":{"line":23,"column":5}},"loc":{"start":{"line":23,"column":25},"end":{"line":26,"column":5}},"line":23}},"branchMap":{"0":{"loc":{"start":{"line":7,"column":24},"end":{"line":7,"column":87}},"type":"binary-expr","locations":[{"start":{"line":7,"column":24},"end":{"line":7,"column":50}},{"start":{"line":7,"column":55},"end":{"line":7,"column":86}}],"line":7}},"s":{"0":1,"1":1,"2":1,"3":1,"4":77,"5":77,"6":1,"7":1,"8":1,"9":1,"10":1,"11":1,"12":1},"f":{"0":1,"1":77,"2":1,"3":1},"b":{"0":[1,1]},"_coverageSchema":"332fd63041d2c1bcb487cc26dd0d5f7d97098a6c","hash":"4078b11e2f51df2ddc670372e714802adb1af400","contentHash":"3b5eb8daa1ff67ddb3658e63de8ae463_11.3.0"},"/Users/lin/Documents/UBC/3Year/CPSC310/project_team234/src/controller/InsightFacade.js":{"path":"/Users/lin/Documents/UBC/3Year/CPSC310/project_team234/src/controller/InsightFacade.js","statementMap":{"0":{"start":{"line":2,"column":0},"end":{"line":2,"column":62}},"1":{"start":{"line":3,"column":15},"end":{"line":3,"column":33}},"2":{"start":{"line":4,"column":25},"end":{"line":4,"column":52}},"3":{"start":{"line":5,"column":0},"end":{"line":5,"column":27}},"4":{"start":{"line":6,"column":14},"end":{"line":6,"column":30}},"5":{"start":{"line":7,"column":24},"end":{"line":7,"column":50}},"6":{"start":{"line":8,"column":25},"end":{"line":8,"column":52}},"7":{"start":{"line":9,"column":23},"end":{"line":9,"column":48}},"8":{"start":{"line":12,"column":8},"end":{"line":12,"column":32}},"9":{"start":{"line":13,"column":8},"end":{"line":13,"column":28}},"10":{"start":{"line":14,"column":8},"end":{"line":14,"column":40}},"11":{"start":{"line":15,"column":8},"end":{"line":15,"column":58}},"12":{"start":{"line":16,"column":8},"end":{"line":16,"column":52}},"13":{"start":{"line":17,"column":8},"end":{"line":17,"column":67}},"14":{"start":{"line":18,"column":8},"end":{"line":18,"column":71}},"15":{"start":{"line":21,"column":30},"end":{"line":21,"column":32}},"16":{"start":{"line":22,"column":26},"end":{"line":22,"column":30}},"17":{"start":{"line":23,"column":28},"end":{"line":23,"column":30}},"18":{"start":{"line":24,"column":28},"end":{"line":25,"column":52}},"19":{"start":{"line":25,"column":43},"end":{"line":25,"column":51}},"20":{"start":{"line":26,"column":8},"end":{"line":28,"column":9}},"21":{"start":{"line":27,"column":12},"end":{"line":27,"column":88}},"22":{"start":{"line":29,"column":8},"end":{"line":68,"column":11}},"23":{"start":{"line":30,"column":12},"end":{"line":67,"column":15}},"24":{"start":{"line":31,"column":16},"end":{"line":66,"column":17}},"25":{"start":{"line":32,"column":20},"end":{"line":32,"column":83}},"26":{"start":{"line":33,"column":20},"end":{"line":33,"column":47}},"27":{"start":{"line":36,"column":32},"end":{"line":36,"column":33}},"28":{"start":{"line":37,"column":20},"end":{"line":65,"column":23}},"29":{"start":{"line":38,"column":24},"end":{"line":40,"column":27}},"30":{"start":{"line":39,"column":28},"end":{"line":39,"column":67}},"31":{"start":{"line":41,"column":24},"end":{"line":62,"column":27}},"32":{"start":{"line":42,"column":28},"end":{"line":44,"column":29}},"33":{"start":{"line":43,"column":32},"end":{"line":43,"column":74}},"34":{"start":{"line":46,"column":28},"end":{"line":46,"column":87}},"35":{"start":{"line":47,"column":28},"end":{"line":61,"column":29}},"36":{"start":{"line":48,"column":32},"end":{"line":57,"column":35}},"37":{"start":{"line":49,"column":36},"end":{"line":56,"column":37}},"38":{"start":{"line":50,"column":40},"end":{"line":50,"column":73}},"39":{"start":{"line":51,"column":40},"end":{"line":51,"column":105}},"40":{"start":{"line":52,"column":40},"end":{"line":52,"column":80}},"41":{"start":{"line":55,"column":40},"end":{"line":55,"column":128}},"42":{"start":{"line":60,"column":32},"end":{"line":60,"column":121}},"43":{"start":{"line":64,"column":24},"end":{"line":64,"column":115}},"44":{"start":{"line":72,"column":8},"end":{"line":81,"column":9}},"45":{"start":{"line":73,"column":12},"end":{"line":73,"column":52}},"46":{"start":{"line":78,"column":12},"end":{"line":80,"column":13}},"47":{"start":{"line":79,"column":16},"end":{"line":79,"column":46}},"48":{"start":{"line":84,"column":26},"end":{"line":84,"column":30}},"49":{"start":{"line":85,"column":8},"end":{"line":116,"column":11}},"50":{"start":{"line":86,"column":26},"end":{"line":86,"column":61}},"51":{"start":{"line":87,"column":28},"end":{"line":87,"column":90}},"52":{"start":{"line":88,"column":12},"end":{"line":115,"column":13}},"53":{"start":{"line":89,"column":16},"end":{"line":89,"column":110}},"54":{"start":{"line":91,"column":17},"end":{"line":115,"column":13}},"55":{"start":{"line":92,"column":16},"end":{"line":92,"column":102}},"56":{"start":{"line":94,"column":17},"end":{"line":115,"column":13}},"57":{"start":{"line":96,"column":16},"end":{"line":100,"column":17}},"58":{"start":{"line":97,"column":20},"end":{"line":99,"column":21}},"59":{"start":{"line":98,"column":24},"end":{"line":98,"column":37}},"60":{"start":{"line":101,"column":16},"end":{"line":114,"column":19}},"61":{"start":{"line":103,"column":20},"end":{"line":113,"column":21}},"62":{"start":{"line":104,"column":24},"end":{"line":112,"column":27}},"63":{"start":{"line":106,"column":28},"end":{"line":109,"column":29}},"64":{"start":{"line":107,"column":32},"end":{"line":107,"column":67}},"65":{"start":{"line":108,"column":32},"end":{"line":108,"column":44}},"66":{"start":{"line":111,"column":28},"end":{"line":111,"column":74}},"67":{"start":{"line":119,"column":8},"end":{"line":119,"column":44}},"68":{"start":{"line":120,"column":8},"end":{"line":125,"column":9}},"69":{"start":{"line":121,"column":12},"end":{"line":124,"column":13}},"70":{"start":{"line":122,"column":16},"end":{"line":122,"column":52}},"71":{"start":{"line":123,"column":16},"end":{"line":123,"column":22}},"72":{"start":{"line":128,"column":19},"end":{"line":128,"column":23}},"73":{"start":{"line":130,"column":8},"end":{"line":135,"column":9}},"74":{"start":{"line":131,"column":12},"end":{"line":131,"column":44}},"75":{"start":{"line":134,"column":12},"end":{"line":134,"column":39}},"76":{"start":{"line":136,"column":8},"end":{"line":147,"column":9}},"77":{"start":{"line":137,"column":12},"end":{"line":146,"column":13}},"78":{"start":{"line":138,"column":16},"end":{"line":138,"column":39}},"79":{"start":{"line":139,"column":16},"end":{"line":144,"column":17}},"80":{"start":{"line":140,"column":20},"end":{"line":140,"column":143}},"81":{"start":{"line":143,"column":20},"end":{"line":143,"column":82}},"82":{"start":{"line":145,"column":16},"end":{"line":145,"column":22}},"83":{"start":{"line":149,"column":29},"end":{"line":149,"column":59}},"84":{"start":{"line":150,"column":8},"end":{"line":155,"column":9}},"85":{"start":{"line":151,"column":12},"end":{"line":151,"column":100}},"86":{"start":{"line":154,"column":12},"end":{"line":154,"column":39}},"87":{"start":{"line":156,"column":8},"end":{"line":156,"column":39}},"88":{"start":{"line":159,"column":8},"end":{"line":161,"column":12}},"89":{"start":{"line":160,"column":12},"end":{"line":160,"column":43}},"90":{"start":{"line":164,"column":0},"end":{"line":164,"column":32}}},"fnMap":{"0":{"name":"(anonymous_0)","decl":{"start":{"line":11,"column":4},"end":{"line":11,"column":5}},"loc":{"start":{"line":11,"column":18},"end":{"line":19,"column":5}},"line":11},"1":{"name":"(anonymous_1)","decl":{"start":{"line":20,"column":4},"end":{"line":20,"column":5}},"loc":{"start":{"line":20,"column":34},"end":{"line":69,"column":5}},"line":20},"2":{"name":"(anonymous_2)","decl":{"start":{"line":25,"column":36},"end":{"line":25,"column":37}},"loc":{"start":{"line":25,"column":43},"end":{"line":25,"column":51}},"line":25},"3":{"name":"(anonymous_3)","decl":{"start":{"line":29,"column":27},"end":{"line":29,"column":28}},"loc":{"start":{"line":29,"column":48},"end":{"line":68,"column":9}},"line":29},"4":{"name":"(anonymous_4)","decl":{"start":{"line":30,"column":52},"end":{"line":30,"column":53}},"loc":{"start":{"line":30,"column":66},"end":{"line":67,"column":13}},"line":30},"5":{"name":"(anonymous_5)","decl":{"start":{"line":37,"column":68},"end":{"line":37,"column":69}},"loc":{"start":{"line":37,"column":80},"end":{"line":63,"column":21}},"line":37},"6":{"name":"(anonymous_6)","decl":{"start":{"line":38,"column":57},"end":{"line":38,"column":58}},"loc":{"start":{"line":38,"column":87},"end":{"line":40,"column":25}},"line":38},"7":{"name":"(anonymous_7)","decl":{"start":{"line":41,"column":56},"end":{"line":41,"column":57}},"loc":{"start":{"line":41,"column":69},"end":{"line":45,"column":25}},"line":41},"8":{"name":"(anonymous_8)","decl":{"start":{"line":45,"column":32},"end":{"line":45,"column":33}},"loc":{"start":{"line":45,"column":44},"end":{"line":62,"column":25}},"line":45},"9":{"name":"(anonymous_9)","decl":{"start":{"line":48,"column":99},"end":{"line":48,"column":100}},"loc":{"start":{"line":48,"column":115},"end":{"line":57,"column":33}},"line":48},"10":{"name":"(anonymous_10)","decl":{"start":{"line":63,"column":29},"end":{"line":63,"column":30}},"loc":{"start":{"line":63,"column":35},"end":{"line":65,"column":21}},"line":63},"11":{"name":"(anonymous_11)","decl":{"start":{"line":70,"column":4},"end":{"line":70,"column":5}},"loc":{"start":{"line":70,"column":38},"end":{"line":82,"column":5}},"line":70},"12":{"name":"(anonymous_12)","decl":{"start":{"line":83,"column":4},"end":{"line":83,"column":5}},"loc":{"start":{"line":83,"column":22},"end":{"line":117,"column":5}},"line":83},"13":{"name":"(anonymous_13)","decl":{"start":{"line":85,"column":27},"end":{"line":85,"column":28}},"loc":{"start":{"line":85,"column":48},"end":{"line":116,"column":9}},"line":85},"14":{"name":"(anonymous_14)","decl":{"start":{"line":102,"column":26},"end":{"line":102,"column":27}},"loc":{"start":{"line":102,"column":40},"end":{"line":114,"column":17}},"line":102},"15":{"name":"(anonymous_15)","decl":{"start":{"line":105,"column":34},"end":{"line":105,"column":35}},"loc":{"start":{"line":105,"column":47},"end":{"line":110,"column":25}},"line":105},"16":{"name":"(anonymous_16)","decl":{"start":{"line":110,"column":33},"end":{"line":110,"column":34}},"loc":{"start":{"line":110,"column":42},"end":{"line":112,"column":25}},"line":110},"17":{"name":"(anonymous_17)","decl":{"start":{"line":118,"column":4},"end":{"line":118,"column":5}},"loc":{"start":{"line":118,"column":29},"end":{"line":126,"column":5}},"line":118},"18":{"name":"(anonymous_18)","decl":{"start":{"line":127,"column":4},"end":{"line":127,"column":5}},"loc":{"start":{"line":127,"column":24},"end":{"line":157,"column":5}},"line":127},"19":{"name":"(anonymous_19)","decl":{"start":{"line":158,"column":4},"end":{"line":158,"column":5}},"loc":{"start":{"line":158,"column":19},"end":{"line":162,"column":5}},"line":158},"20":{"name":"(anonymous_20)","decl":{"start":{"line":159,"column":28},"end":{"line":159,"column":29}},"loc":{"start":{"line":159,"column":41},"end":{"line":161,"column":9}},"line":159}},"branchMap":{"0":{"loc":{"start":{"line":24,"column":28},"end":{"line":25,"column":52}},"type":"binary-expr","locations":[{"start":{"line":24,"column":28},"end":{"line":24,"column":31}},{"start":{"line":24,"column":35},"end":{"line":24,"column":51}},{"start":{"line":24,"column":55},"end":{"line":24,"column":70}},{"start":{"line":24,"column":74},"end":{"line":24,"column":94}},{"start":{"line":25,"column":12},"end":{"line":25,"column":52}}],"line":24},"1":{"loc":{"start":{"line":26,"column":8},"end":{"line":28,"column":9}},"type":"if","locations":[{"start":{"line":26,"column":8},"end":{"line":28,"column":9}},{"start":{"line":26,"column":8},"end":{"line":28,"column":9}}],"line":26},"2":{"loc":{"start":{"line":31,"column":16},"end":{"line":66,"column":17}},"type":"if","locations":[{"start":{"line":31,"column":16},"end":{"line":66,"column":17}},{"start":{"line":31,"column":16},"end":{"line":66,"column":17}}],"line":31},"3":{"loc":{"start":{"line":47,"column":28},"end":{"line":61,"column":29}},"type":"if","locations":[{"start":{"line":47,"column":28},"end":{"line":61,"column":29}},{"start":{"line":47,"column":28},"end":{"line":61,"column":29}}],"line":47},"4":{"loc":{"start":{"line":49,"column":36},"end":{"line":56,"column":37}},"type":"if","locations":[{"start":{"line":49,"column":36},"end":{"line":56,"column":37}},{"start":{"line":49,"column":36},"end":{"line":56,"column":37}}],"line":49},"5":{"loc":{"start":{"line":78,"column":12},"end":{"line":80,"column":13}},"type":"if","locations":[{"start":{"line":78,"column":12},"end":{"line":80,"column":13}},{"start":{"line":78,"column":12},"end":{"line":80,"column":13}}],"line":78},"6":{"loc":{"start":{"line":87,"column":28},"end":{"line":87,"column":90}},"type":"binary-expr","locations":[{"start":{"line":87,"column":28},"end":{"line":87,"column":30}},{"start":{"line":87,"column":34},"end":{"line":87,"column":48}},{"start":{"line":87,"column":52},"end":{"line":87,"column":69}},{"start":{"line":87,"column":73},"end":{"line":87,"column":90}}],"line":87},"7":{"loc":{"start":{"line":88,"column":12},"end":{"line":115,"column":13}},"type":"if","locations":[{"start":{"line":88,"column":12},"end":{"line":115,"column":13}},{"start":{"line":88,"column":12},"end":{"line":115,"column":13}}],"line":88},"8":{"loc":{"start":{"line":91,"column":17},"end":{"line":115,"column":13}},"type":"if","locations":[{"start":{"line":91,"column":17},"end":{"line":115,"column":13}},{"start":{"line":91,"column":17},"end":{"line":115,"column":13}}],"line":91},"9":{"loc":{"start":{"line":94,"column":17},"end":{"line":115,"column":13}},"type":"if","locations":[{"start":{"line":94,"column":17},"end":{"line":115,"column":13}},{"start":{"line":94,"column":17},"end":{"line":115,"column":13}}],"line":94},"10":{"loc":{"start":{"line":94,"column":21},"end":{"line":94,"column":42}},"type":"binary-expr","locations":[{"start":{"line":94,"column":21},"end":{"line":94,"column":28}},{"start":{"line":94,"column":32},"end":{"line":94,"column":42}}],"line":94},"11":{"loc":{"start":{"line":97,"column":20},"end":{"line":99,"column":21}},"type":"if","locations":[{"start":{"line":97,"column":20},"end":{"line":99,"column":21}},{"start":{"line":97,"column":20},"end":{"line":99,"column":21}}],"line":97},"12":{"loc":{"start":{"line":103,"column":20},"end":{"line":113,"column":21}},"type":"if","locations":[{"start":{"line":103,"column":20},"end":{"line":113,"column":21}},{"start":{"line":103,"column":20},"end":{"line":113,"column":21}}],"line":103},"13":{"loc":{"start":{"line":106,"column":28},"end":{"line":109,"column":29}},"type":"if","locations":[{"start":{"line":106,"column":28},"end":{"line":109,"column":29}},{"start":{"line":106,"column":28},"end":{"line":109,"column":29}}],"line":106},"14":{"loc":{"start":{"line":121,"column":12},"end":{"line":124,"column":13}},"type":"if","locations":[{"start":{"line":121,"column":12},"end":{"line":124,"column":13}},{"start":{"line":121,"column":12},"end":{"line":124,"column":13}}],"line":121},"15":{"loc":{"start":{"line":137,"column":12},"end":{"line":146,"column":13}},"type":"if","locations":[{"start":{"line":137,"column":12},"end":{"line":146,"column":13}},{"start":{"line":137,"column":12},"end":{"line":146,"column":13}}],"line":137}},"s":{"0":1,"1":1,"2":1,"3":1,"4":1,"5":1,"6":1,"7":1,"8":14,"9":14,"10":14,"11":14,"12":14,"13":14,"14":14,"15":12,"16":12,"17":12,"18":12,"19":1,"20":12,"21":3,"22":9,"23":9,"24":9,"25":0,"26":0,"27":9,"28":9,"29":6,"30":29720,"31":6,"32":6,"33":29720,"34":6,"35":6,"36":5,"37":5,"38":5,"39":5,"40":5,"41":0,"42":1,"43":3,"44":29720,"45":29720,"46":29720,"47":29720,"48":3,"49":3,"50":3,"51":3,"52":3,"53":1,"54":2,"55":1,"56":1,"57":1,"58":1,"59":1,"60":1,"61":1,"62":1,"63":1,"64":1,"65":1,"66":0,"67":1,"68":1,"69":1,"70":1,"71":1,"72":83,"73":83,"74":83,"75":57,"76":26,"77":26,"78":26,"79":26,"80":26,"81":0,"82":26,"83":26,"84":26,"85":26,"86":1,"87":25,"88":2,"89":2,"90":1},"f":{"0":14,"1":12,"2":1,"3":9,"4":9,"5":6,"6":29720,"7":6,"8":6,"9":5,"10":3,"11":29720,"12":3,"13":3,"14":1,"15":1,"16":0,"17":1,"18":83,"19":2,"20":2},"b":{"0":[12,12,11,11,10],"1":[3,9],"2":[0,9],"3":[5,1],"4":[5,0],"5":[29720,0],"6":[3,3,3,2],"7":[1,2],"8":[1,1],"9":[1,0],"10":[1,1],"11":[1,0],"12":[1,0],"13":[1,0],"14":[1,0],"15":[26,0]},"_coverageSchema":"332fd63041d2c1bcb487cc26dd0d5f7d97098a6c","hash":"bce7d190fdd3ee6e8004b7e5aee91dd214030a3b","contentHash":"486827b35c213d7896703c3614c1c895_11.3.0"},"/Users/lin/Documents/UBC/3Year/CPSC310/project_team234/src/Util.js":{"path":"/Users/lin/Documents/UBC/3Year/CPSC310/project_team234/src/Util.js","statementMap":{"0":{"start":{"line":2,"column":0},"end":{"line":2,"column":62}},"1":{"start":{"line":5,"column":8},"end":{"line":5,"column":67}},"2":{"start":{"line":8,"column":8},"end":{"line":8,"column":68}},"3":{"start":{"line":11,"column":8},"end":{"line":11,"column":68}},"4":{"start":{"line":14,"column":8},"end":{"line":14,"column":69}},"5":{"start":{"line":17,"column":8},"end":{"line":17,"column":67}},"6":{"start":{"line":20,"column":0},"end":{"line":20,"column":22}}},"fnMap":{"0":{"name":"(anonymous_0)","decl":{"start":{"line":4,"column":4},"end":{"line":4,"column":5}},"loc":{"start":{"line":4,"column":25},"end":{"line":6,"column":5}},"line":4},"1":{"name":"(anonymous_1)","decl":{"start":{"line":7,"column":4},"end":{"line":7,"column":5}},"loc":{"start":{"line":7,"column":24},"end":{"line":9,"column":5}},"line":7},"2":{"name":"(anonymous_2)","decl":{"start":{"line":10,"column":4},"end":{"line":10,"column":5}},"loc":{"start":{"line":10,"column":24},"end":{"line":12,"column":5}},"line":10},"3":{"name":"(anonymous_3)","decl":{"start":{"line":13,"column":4},"end":{"line":13,"column":5}},"loc":{"start":{"line":13,"column":25},"end":{"line":15,"column":5}},"line":13},"4":{"name":"(anonymous_4)","decl":{"start":{"line":16,"column":4},"end":{"line":16,"column":5}},"loc":{"start":{"line":16,"column":24},"end":{"line":18,"column":5}},"line":16}},"branchMap":{},"s":{"0":1,"1":106,"2":0,"3":0,"4":0,"5":34,"6":1},"f":{"0":106,"1":0,"2":0,"3":0,"4":34},"b":{},"_coverageSchema":"332fd63041d2c1bcb487cc26dd0d5f7d97098a6c","hash":"c7caf6caf64656a392511aaf0a29504d120a031a","contentHash":"a378793ea62c293201f738ade005b170_11.3.0"},"/Users/lin/Documents/UBC/3Year/CPSC310/project_team234/src/controller/MemoryManager.js":{"path":"/Users/lin/Documents/UBC/3Year/CPSC310/project_team234/src/controller/MemoryManager.js","statementMap":{"0":{"start":{"line":2,"column":0},"end":{"line":2,"column":62}},"1":{"start":{"line":3,"column":11},"end":{"line":3,"column":24}},"2":{"start":{"line":4,"column":15},"end":{"line":4,"column":33}},"3":{"start":{"line":5,"column":25},"end":{"line":5,"column":52}},"4":{"start":{"line":8,"column":8},"end":{"line":8,"column":40}},"5":{"start":{"line":9,"column":8},"end":{"line":13,"column":10}},"6":{"start":{"line":14,"column":8},"end":{"line":14,"column":54}},"7":{"start":{"line":17,"column":8},"end":{"line":22,"column":11}},"8":{"start":{"line":18,"column":26},"end":{"line":18,"column":44}},"9":{"start":{"line":19,"column":25},"end":{"line":19,"column":52}},"10":{"start":{"line":20,"column":12},"end":{"line":20,"column":37}},"11":{"start":{"line":21,"column":12},"end":{"line":21,"column":82}},"12":{"start":{"line":25,"column":21},"end":{"line":25,"column":45}},"13":{"start":{"line":26,"column":8},"end":{"line":35,"column":11}},"14":{"start":{"line":27,"column":12},"end":{"line":34,"column":15}},"15":{"start":{"line":28,"column":16},"end":{"line":33,"column":17}},"16":{"start":{"line":29,"column":20},"end":{"line":29,"column":42}},"17":{"start":{"line":32,"column":20},"end":{"line":32,"column":41}},"18":{"start":{"line":38,"column":8},"end":{"line":48,"column":12}},"19":{"start":{"line":39,"column":12},"end":{"line":39,"column":99}},"20":{"start":{"line":40,"column":12},"end":{"line":47,"column":15}},"21":{"start":{"line":41,"column":16},"end":{"line":46,"column":17}},"22":{"start":{"line":42,"column":20},"end":{"line":42,"column":42}},"23":{"start":{"line":45,"column":20},"end":{"line":45,"column":41}},"24":{"start":{"line":52,"column":8},"end":{"line":57,"column":9}},"25":{"start":{"line":53,"column":12},"end":{"line":53,"column":37}},"26":{"start":{"line":56,"column":12},"end":{"line":56,"column":24}},"27":{"start":{"line":58,"column":8},"end":{"line":58,"column":21}},"28":{"start":{"line":61,"column":30},"end":{"line":61,"column":31}},"29":{"start":{"line":62,"column":8},"end":{"line":75,"column":9}},"30":{"start":{"line":63,"column":12},"end":{"line":65,"column":13}},"31":{"start":{"line":64,"column":16},"end":{"line":64,"column":25}},"32":{"start":{"line":66,"column":12},"end":{"line":68,"column":13}},"33":{"start":{"line":67,"column":16},"end":{"line":67,"column":25}},"34":{"start":{"line":69,"column":12},"end":{"line":74,"column":13}},"35":{"start":{"line":70,"column":16},"end":{"line":73,"column":17}},"36":{"start":{"line":71,"column":20},"end":{"line":71,"column":45}},"37":{"start":{"line":72,"column":20},"end":{"line":72,"column":41}},"38":{"start":{"line":76,"column":8},"end":{"line":76,"column":31}},"39":{"start":{"line":79,"column":20},"end":{"line":79,"column":24}},"40":{"start":{"line":80,"column":8},"end":{"line":85,"column":9}},"41":{"start":{"line":81,"column":12},"end":{"line":84,"column":13}},"42":{"start":{"line":82,"column":16},"end":{"line":82,"column":30}},"43":{"start":{"line":83,"column":16},"end":{"line":83,"column":29}},"44":{"start":{"line":86,"column":8},"end":{"line":86,"column":21}},"45":{"start":{"line":89,"column":8},"end":{"line":100,"column":9}},"46":{"start":{"line":90,"column":12},"end":{"line":99,"column":13}},"47":{"start":{"line":91,"column":16},"end":{"line":93,"column":17}},"48":{"start":{"line":92,"column":20},"end":{"line":92,"column":69}},"49":{"start":{"line":96,"column":16},"end":{"line":98,"column":17}},"50":{"start":{"line":97,"column":20},"end":{"line":97,"column":72}},"51":{"start":{"line":103,"column":8},"end":{"line":105,"column":9}},"52":{"start":{"line":104,"column":12},"end":{"line":104,"column":49}},"53":{"start":{"line":106,"column":8},"end":{"line":111,"column":9}},"54":{"start":{"line":107,"column":12},"end":{"line":107,"column":55}},"55":{"start":{"line":110,"column":12},"end":{"line":110,"column":48}},"56":{"start":{"line":114,"column":8},"end":{"line":116,"column":9}},"57":{"start":{"line":115,"column":12},"end":{"line":115,"column":49}},"58":{"start":{"line":117,"column":8},"end":{"line":122,"column":9}},"59":{"start":{"line":118,"column":12},"end":{"line":118,"column":93}},"60":{"start":{"line":121,"column":12},"end":{"line":121,"column":48}},"61":{"start":{"line":125,"column":8},"end":{"line":130,"column":9}},"62":{"start":{"line":126,"column":12},"end":{"line":126,"column":93}},"63":{"start":{"line":129,"column":12},"end":{"line":129,"column":85}},"64":{"start":{"line":133,"column":8},"end":{"line":140,"column":11}},"65":{"start":{"line":134,"column":12},"end":{"line":139,"column":15}},"66":{"start":{"line":135,"column":16},"end":{"line":137,"column":17}},"67":{"start":{"line":136,"column":20},"end":{"line":136,"column":97}},"68":{"start":{"line":138,"column":16},"end":{"line":138,"column":37}},"69":{"start":{"line":143,"column":8},"end":{"line":149,"column":9}},"70":{"start":{"line":144,"column":24},"end":{"line":144,"column":50}},"71":{"start":{"line":145,"column":12},"end":{"line":145,"column":76}},"72":{"start":{"line":148,"column":12},"end":{"line":148,"column":22}},"73":{"start":{"line":152,"column":0},"end":{"line":152,"column":32}}},"fnMap":{"0":{"name":"(anonymous_0)","decl":{"start":{"line":7,"column":4},"end":{"line":7,"column":5}},"loc":{"start":{"line":7,"column":18},"end":{"line":15,"column":5}},"line":7},"1":{"name":"(anonymous_1)","decl":{"start":{"line":16,"column":4},"end":{"line":16,"column":5}},"loc":{"start":{"line":16,"column":39},"end":{"line":23,"column":5}},"line":16},"2":{"name":"(anonymous_2)","decl":{"start":{"line":17,"column":42},"end":{"line":17,"column":43}},"loc":{"start":{"line":17,"column":52},"end":{"line":22,"column":9}},"line":17},"3":{"name":"(anonymous_3)","decl":{"start":{"line":24,"column":4},"end":{"line":24,"column":5}},"loc":{"start":{"line":24,"column":22},"end":{"line":36,"column":5}},"line":24},"4":{"name":"(anonymous_4)","decl":{"start":{"line":26,"column":27},"end":{"line":26,"column":28}},"loc":{"start":{"line":26,"column":40},"end":{"line":35,"column":9}},"line":26},"5":{"name":"(anonymous_5)","decl":{"start":{"line":27,"column":47},"end":{"line":27,"column":48}},"loc":{"start":{"line":27,"column":56},"end":{"line":34,"column":13}},"line":27},"6":{"name":"(anonymous_6)","decl":{"start":{"line":37,"column":4},"end":{"line":37,"column":5}},"loc":{"start":{"line":37,"column":22},"end":{"line":49,"column":5}},"line":37},"7":{"name":"(anonymous_7)","decl":{"start":{"line":38,"column":28},"end":{"line":38,"column":29}},"loc":{"start":{"line":38,"column":41},"end":{"line":48,"column":9}},"line":38},"8":{"name":"(anonymous_8)","decl":{"start":{"line":40,"column":67},"end":{"line":40,"column":68}},"loc":{"start":{"line":40,"column":76},"end":{"line":47,"column":13}},"line":40},"9":{"name":"(anonymous_9)","decl":{"start":{"line":50,"column":4},"end":{"line":50,"column":5}},"loc":{"start":{"line":50,"column":20},"end":{"line":59,"column":5}},"line":50},"10":{"name":"(anonymous_10)","decl":{"start":{"line":60,"column":4},"end":{"line":60,"column":5}},"loc":{"start":{"line":60,"column":38},"end":{"line":77,"column":5}},"line":60},"11":{"name":"(anonymous_11)","decl":{"start":{"line":78,"column":4},"end":{"line":78,"column":5}},"loc":{"start":{"line":78,"column":28},"end":{"line":87,"column":5}},"line":78},"12":{"name":"(anonymous_12)","decl":{"start":{"line":88,"column":4},"end":{"line":88,"column":5}},"loc":{"start":{"line":88,"column":24},"end":{"line":101,"column":5}},"line":88},"13":{"name":"(anonymous_13)","decl":{"start":{"line":102,"column":4},"end":{"line":102,"column":5}},"loc":{"start":{"line":102,"column":48},"end":{"line":112,"column":5}},"line":102},"14":{"name":"(anonymous_14)","decl":{"start":{"line":113,"column":4},"end":{"line":113,"column":5}},"loc":{"start":{"line":113,"column":51},"end":{"line":123,"column":5}},"line":113},"15":{"name":"(anonymous_15)","decl":{"start":{"line":124,"column":4},"end":{"line":124,"column":5}},"loc":{"start":{"line":124,"column":35},"end":{"line":131,"column":5}},"line":124},"16":{"name":"(anonymous_16)","decl":{"start":{"line":132,"column":4},"end":{"line":132,"column":5}},"loc":{"start":{"line":132,"column":27},"end":{"line":141,"column":5}},"line":132},"17":{"name":"(anonymous_17)","decl":{"start":{"line":133,"column":27},"end":{"line":133,"column":28}},"loc":{"start":{"line":133,"column":48},"end":{"line":140,"column":9}},"line":133},"18":{"name":"(anonymous_18)","decl":{"start":{"line":134,"column":50},"end":{"line":134,"column":51}},"loc":{"start":{"line":134,"column":59},"end":{"line":139,"column":13}},"line":134},"19":{"name":"(anonymous_19)","decl":{"start":{"line":142,"column":4},"end":{"line":142,"column":5}},"loc":{"start":{"line":142,"column":26},"end":{"line":150,"column":5}},"line":142}},"branchMap":{"0":{"loc":{"start":{"line":28,"column":16},"end":{"line":33,"column":17}},"type":"if","locations":[{"start":{"line":28,"column":16},"end":{"line":33,"column":17}},{"start":{"line":28,"column":16},"end":{"line":33,"column":17}}],"line":28},"1":{"loc":{"start":{"line":41,"column":16},"end":{"line":46,"column":17}},"type":"if","locations":[{"start":{"line":41,"column":16},"end":{"line":46,"column":17}},{"start":{"line":41,"column":16},"end":{"line":46,"column":17}}],"line":41},"2":{"loc":{"start":{"line":63,"column":12},"end":{"line":65,"column":13}},"type":"if","locations":[{"start":{"line":63,"column":12},"end":{"line":65,"column":13}},{"start":{"line":63,"column":12},"end":{"line":65,"column":13}}],"line":63},"3":{"loc":{"start":{"line":66,"column":12},"end":{"line":68,"column":13}},"type":"if","locations":[{"start":{"line":66,"column":12},"end":{"line":68,"column":13}},{"start":{"line":66,"column":12},"end":{"line":68,"column":13}}],"line":66},"4":{"loc":{"start":{"line":70,"column":16},"end":{"line":73,"column":17}},"type":"if","locations":[{"start":{"line":70,"column":16},"end":{"line":73,"column":17}},{"start":{"line":70,"column":16},"end":{"line":73,"column":17}}],"line":70},"5":{"loc":{"start":{"line":81,"column":12},"end":{"line":84,"column":13}},"type":"if","locations":[{"start":{"line":81,"column":12},"end":{"line":84,"column":13}},{"start":{"line":81,"column":12},"end":{"line":84,"column":13}}],"line":81},"6":{"loc":{"start":{"line":89,"column":8},"end":{"line":100,"column":9}},"type":"if","locations":[{"start":{"line":89,"column":8},"end":{"line":100,"column":9}},{"start":{"line":89,"column":8},"end":{"line":100,"column":9}}],"line":89},"7":{"loc":{"start":{"line":90,"column":12},"end":{"line":99,"column":13}},"type":"if","locations":[{"start":{"line":90,"column":12},"end":{"line":99,"column":13}},{"start":{"line":90,"column":12},"end":{"line":99,"column":13}}],"line":90},"8":{"loc":{"start":{"line":103,"column":8},"end":{"line":105,"column":9}},"type":"if","locations":[{"start":{"line":103,"column":8},"end":{"line":105,"column":9}},{"start":{"line":103,"column":8},"end":{"line":105,"column":9}}],"line":103},"9":{"loc":{"start":{"line":106,"column":8},"end":{"line":111,"column":9}},"type":"if","locations":[{"start":{"line":106,"column":8},"end":{"line":111,"column":9}},{"start":{"line":106,"column":8},"end":{"line":111,"column":9}}],"line":106},"10":{"loc":{"start":{"line":114,"column":8},"end":{"line":116,"column":9}},"type":"if","locations":[{"start":{"line":114,"column":8},"end":{"line":116,"column":9}},{"start":{"line":114,"column":8},"end":{"line":116,"column":9}}],"line":114},"11":{"loc":{"start":{"line":117,"column":8},"end":{"line":122,"column":9}},"type":"if","locations":[{"start":{"line":117,"column":8},"end":{"line":122,"column":9}},{"start":{"line":117,"column":8},"end":{"line":122,"column":9}}],"line":117},"12":{"loc":{"start":{"line":125,"column":8},"end":{"line":130,"column":9}},"type":"if","locations":[{"start":{"line":125,"column":8},"end":{"line":130,"column":9}},{"start":{"line":125,"column":8},"end":{"line":130,"column":9}}],"line":125},"13":{"loc":{"start":{"line":135,"column":16},"end":{"line":137,"column":17}},"type":"if","locations":[{"start":{"line":135,"column":16},"end":{"line":137,"column":17}},{"start":{"line":135,"column":16},"end":{"line":137,"column":17}}],"line":135}},"s":{"0":1,"1":1,"2":1,"3":1,"4":14,"5":14,"6":14,"7":14,"8":0,"9":0,"10":0,"11":0,"12":10,"13":10,"14":10,"15":10,"16":9,"17":1,"18":5,"19":5,"20":5,"21":5,"22":0,"23":5,"24":29720,"25":29720,"26":0,"27":29720,"28":6,"29":6,"30":29720,"31":0,"32":29720,"33":0,"34":29720,"35":323060,"36":323060,"37":323060,"38":6,"39":323060,"40":323060,"41":3230600,"42":0,"43":0,"44":323060,"45":323060,"46":323060,"47":123105,"48":1231050,"49":199955,"50":1999550,"51":1231050,"52":0,"53":1231050,"54":123105,"55":1107945,"56":1999550,"57":50,"58":1999550,"59":199955,"60":1799595,"61":2907540,"62":323060,"63":2584480,"64":1,"65":1,"66":1,"67":0,"68":1,"69":26,"70":26,"71":26,"72":0,"73":1},"f":{"0":14,"1":14,"2":0,"3":10,"4":10,"5":10,"6":5,"7":5,"8":5,"9":29720,"10":6,"11":323060,"12":323060,"13":1231050,"14":1999550,"15":2907540,"16":1,"17":1,"18":1,"19":26},"b":{"0":[9,1],"1":[0,5],"2":[0,29720],"3":[0,29720],"4":[323060,0],"5":[0,3230600],"6":[323060,0],"7":[123105,199955],"8":[0,1231050],"9":[123105,1107945],"10":[50,1999500],"11":[199955,1799595],"12":[323060,2584480],"13":[0,1]},"_coverageSchema":"332fd63041d2c1bcb487cc26dd0d5f7d97098a6c","hash":"e2f8d9fa332d10ccbfb5443b005f709ac2aee518","contentHash":"4e725ac2fa67976f5268d8eb3abce0ae_11.3.0"},"/Users/lin/Documents/UBC/3Year/CPSC310/project_team234/src/controller/QueryPerformer.js":{"path":"/Users/lin/Documents/UBC/3Year/CPSC310/project_team234/src/controller/QueryPerformer.js","statementMap":{"0":{"start":{"line":2,"column":0},"end":{"line":2,"column":62}},"1":{"start":{"line":3,"column":15},"end":{"line":3,"column":33}},"2":{"start":{"line":4,"column":25},"end":{"line":4,"column":52}},"3":{"start":{"line":5,"column":25},"end":{"line":5,"column":52}},"4":{"start":{"line":6,"column":28},"end":{"line":6,"column":58}},"5":{"start":{"line":9,"column":8},"end":{"line":9,"column":56}},"6":{"start":{"line":10,"column":8},"end":{"line":10,"column":61}},"7":{"start":{"line":11,"column":8},"end":{"line":11,"column":55}},"8":{"start":{"line":14,"column":21},"end":{"line":14,"column":23}},"9":{"start":{"line":15,"column":19},"end":{"line":15,"column":23}},"10":{"start":{"line":16,"column":23},"end":{"line":16,"column":37}},"11":{"start":{"line":17,"column":8},"end":{"line":30,"column":9}},"12":{"start":{"line":18,"column":26},"end":{"line":18,"column":28}},"13":{"start":{"line":19,"column":12},"end":{"line":23,"column":13}},"14":{"start":{"line":20,"column":16},"end":{"line":22,"column":17}},"15":{"start":{"line":21,"column":20},"end":{"line":21,"column":67}},"16":{"start":{"line":24,"column":12},"end":{"line":26,"column":13}},"17":{"start":{"line":25,"column":16},"end":{"line":25,"column":37}},"18":{"start":{"line":27,"column":12},"end":{"line":29,"column":13}},"19":{"start":{"line":28,"column":16},"end":{"line":28,"column":125}},"20":{"start":{"line":31,"column":8},"end":{"line":33,"column":9}},"21":{"start":{"line":32,"column":12},"end":{"line":32,"column":26}},"22":{"start":{"line":34,"column":8},"end":{"line":36,"column":9}},"23":{"start":{"line":35,"column":12},"end":{"line":35,"column":82}},"24":{"start":{"line":37,"column":8},"end":{"line":37,"column":73}},"25":{"start":{"line":38,"column":8},"end":{"line":58,"column":9}},"26":{"start":{"line":39,"column":24},"end":{"line":39,"column":49}},"27":{"start":{"line":40,"column":12},"end":{"line":57,"column":13}},"28":{"start":{"line":41,"column":16},"end":{"line":42,"column":52}},"29":{"start":{"line":41,"column":38},"end":{"line":42,"column":50}},"30":{"start":{"line":45,"column":26},"end":{"line":45,"column":38}},"31":{"start":{"line":46,"column":27},"end":{"line":46,"column":40}},"32":{"start":{"line":47,"column":16},"end":{"line":56,"column":19}},"33":{"start":{"line":48,"column":20},"end":{"line":55,"column":21}},"34":{"start":{"line":49,"column":24},"end":{"line":50,"column":109}},"35":{"start":{"line":53,"column":24},"end":{"line":54,"column":109}},"36":{"start":{"line":59,"column":8},"end":{"line":59,"column":22}},"37":{"start":{"line":62,"column":24},"end":{"line":62,"column":33}},"38":{"start":{"line":63,"column":8},"end":{"line":74,"column":9}},"39":{"start":{"line":64,"column":12},"end":{"line":64,"column":21}},"40":{"start":{"line":66,"column":13},"end":{"line":74,"column":9}},"41":{"start":{"line":67,"column":12},"end":{"line":67,"column":22}},"42":{"start":{"line":69,"column":13},"end":{"line":74,"column":9}},"43":{"start":{"line":70,"column":12},"end":{"line":70,"column":55}},"44":{"start":{"line":73,"column":12},"end":{"line":73,"column":21}},"45":{"start":{"line":77,"column":26},"end":{"line":77,"column":28}},"46":{"start":{"line":78,"column":8},"end":{"line":88,"column":9}},"47":{"start":{"line":79,"column":26},"end":{"line":79,"column":28}},"48":{"start":{"line":80,"column":12},"end":{"line":84,"column":13}},"49":{"start":{"line":81,"column":16},"end":{"line":83,"column":17}},"50":{"start":{"line":82,"column":20},"end":{"line":82,"column":60}},"51":{"start":{"line":85,"column":12},"end":{"line":87,"column":13}},"52":{"start":{"line":86,"column":16},"end":{"line":86,"column":42}},"53":{"start":{"line":89,"column":8},"end":{"line":89,"column":27}},"54":{"start":{"line":92,"column":0},"end":{"line":92,"column":33}}},"fnMap":{"0":{"name":"(anonymous_0)","decl":{"start":{"line":8,"column":4},"end":{"line":8,"column":5}},"loc":{"start":{"line":8,"column":18},"end":{"line":12,"column":5}},"line":8},"1":{"name":"(anonymous_1)","decl":{"start":{"line":13,"column":4},"end":{"line":13,"column":5}},"loc":{"start":{"line":13,"column":56},"end":{"line":60,"column":5}},"line":13},"2":{"name":"(anonymous_2)","decl":{"start":{"line":41,"column":28},"end":{"line":41,"column":29}},"loc":{"start":{"line":41,"column":38},"end":{"line":42,"column":50}},"line":41},"3":{"name":"(anonymous_3)","decl":{"start":{"line":47,"column":28},"end":{"line":47,"column":29}},"loc":{"start":{"line":47,"column":44},"end":{"line":56,"column":17}},"line":47},"4":{"name":"(anonymous_4)","decl":{"start":{"line":61,"column":4},"end":{"line":61,"column":5}},"loc":{"start":{"line":61,"column":35},"end":{"line":75,"column":5}},"line":61},"5":{"name":"(anonymous_5)","decl":{"start":{"line":76,"column":4},"end":{"line":76,"column":5}},"loc":{"start":{"line":76,"column":35},"end":{"line":90,"column":5}},"line":76}},"branchMap":{"0":{"loc":{"start":{"line":20,"column":16},"end":{"line":22,"column":17}},"type":"if","locations":[{"start":{"line":20,"column":16},"end":{"line":22,"column":17}},{"start":{"line":20,"column":16},"end":{"line":22,"column":17}}],"line":20},"1":{"loc":{"start":{"line":24,"column":12},"end":{"line":26,"column":13}},"type":"if","locations":[{"start":{"line":24,"column":12},"end":{"line":26,"column":13}},{"start":{"line":24,"column":12},"end":{"line":26,"column":13}}],"line":24},"2":{"loc":{"start":{"line":27,"column":12},"end":{"line":29,"column":13}},"type":"if","locations":[{"start":{"line":27,"column":12},"end":{"line":29,"column":13}},{"start":{"line":27,"column":12},"end":{"line":29,"column":13}}],"line":27},"3":{"loc":{"start":{"line":31,"column":8},"end":{"line":33,"column":9}},"type":"if","locations":[{"start":{"line":31,"column":8},"end":{"line":33,"column":9}},{"start":{"line":31,"column":8},"end":{"line":33,"column":9}}],"line":31},"4":{"loc":{"start":{"line":34,"column":8},"end":{"line":36,"column":9}},"type":"if","locations":[{"start":{"line":34,"column":8},"end":{"line":36,"column":9}},{"start":{"line":34,"column":8},"end":{"line":36,"column":9}}],"line":34},"5":{"loc":{"start":{"line":38,"column":8},"end":{"line":58,"column":9}},"type":"if","locations":[{"start":{"line":38,"column":8},"end":{"line":58,"column":9}},{"start":{"line":38,"column":8},"end":{"line":58,"column":9}}],"line":38},"6":{"loc":{"start":{"line":40,"column":12},"end":{"line":57,"column":13}},"type":"if","locations":[{"start":{"line":40,"column":12},"end":{"line":57,"column":13}},{"start":{"line":40,"column":12},"end":{"line":57,"column":13}}],"line":40},"7":{"loc":{"start":{"line":41,"column":38},"end":{"line":42,"column":50}},"type":"cond-expr","locations":[{"start":{"line":41,"column":62},"end":{"line":41,"column":63}},{"start":{"line":42,"column":20},"end":{"line":42,"column":50}}],"line":41},"8":{"loc":{"start":{"line":42,"column":20},"end":{"line":42,"column":50}},"type":"cond-expr","locations":[{"start":{"line":42,"column":44},"end":{"line":42,"column":46}},{"start":{"line":42,"column":49},"end":{"line":42,"column":50}}],"line":42},"9":{"loc":{"start":{"line":48,"column":20},"end":{"line":55,"column":21}},"type":"if","locations":[{"start":{"line":48,"column":20},"end":{"line":55,"column":21}},{"start":{"line":48,"column":20},"end":{"line":55,"column":21}}],"line":48},"10":{"loc":{"start":{"line":49,"column":31},"end":{"line":50,"column":108}},"type":"cond-expr","locations":[{"start":{"line":49,"column":73},"end":{"line":49,"column":74}},{"start":{"line":50,"column":28},"end":{"line":50,"column":108}}],"line":49},"11":{"loc":{"start":{"line":50,"column":28},"end":{"line":50,"column":108}},"type":"cond-expr","locations":[{"start":{"line":50,"column":70},"end":{"line":50,"column":72}},{"start":{"line":50,"column":76},"end":{"line":50,"column":107}}],"line":50},"12":{"loc":{"start":{"line":53,"column":31},"end":{"line":54,"column":108}},"type":"cond-expr","locations":[{"start":{"line":53,"column":73},"end":{"line":53,"column":74}},{"start":{"line":54,"column":28},"end":{"line":54,"column":108}}],"line":53},"13":{"loc":{"start":{"line":54,"column":28},"end":{"line":54,"column":108}},"type":"cond-expr","locations":[{"start":{"line":54,"column":70},"end":{"line":54,"column":72}},{"start":{"line":54,"column":76},"end":{"line":54,"column":107}}],"line":54},"14":{"loc":{"start":{"line":63,"column":8},"end":{"line":74,"column":9}},"type":"if","locations":[{"start":{"line":63,"column":8},"end":{"line":74,"column":9}},{"start":{"line":63,"column":8},"end":{"line":74,"column":9}}],"line":63},"15":{"loc":{"start":{"line":66,"column":13},"end":{"line":74,"column":9}},"type":"if","locations":[{"start":{"line":66,"column":13},"end":{"line":74,"column":9}},{"start":{"line":66,"column":13},"end":{"line":74,"column":9}}],"line":66},"16":{"loc":{"start":{"line":69,"column":13},"end":{"line":74,"column":9}},"type":"if","locations":[{"start":{"line":69,"column":13},"end":{"line":74,"column":9}},{"start":{"line":69,"column":13},"end":{"line":74,"column":9}}],"line":69},"17":{"loc":{"start":{"line":81,"column":16},"end":{"line":83,"column":17}},"type":"if","locations":[{"start":{"line":81,"column":16},"end":{"line":83,"column":17}},{"start":{"line":81,"column":16},"end":{"line":83,"column":17}}],"line":81},"18":{"loc":{"start":{"line":85,"column":12},"end":{"line":87,"column":13}},"type":"if","locations":[{"start":{"line":85,"column":12},"end":{"line":87,"column":13}},{"start":{"line":85,"column":12},"end":{"line":87,"column":13}}],"line":85}},"s":{"0":1,"1":1,"2":1,"3":1,"4":1,"5":26,"6":26,"7":26,"8":26,"9":26,"10":26,"11":26,"12":1620301,"13":1620301,"14":16203010,"15":16203010,"16":1620301,"17":9805,"18":1620301,"19":1,"20":25,"21":3,"22":22,"23":2,"24":22,"25":22,"26":20,"27":20,"28":19,"29":31615,"30":1,"31":1,"32":1,"33":21,"34":21,"35":0,"36":22,"37":21,"38":21,"39":0,"40":21,"41":0,"42":21,"43":0,"44":21,"45":22,"46":22,"47":4734,"48":4734,"49":13955,"50":13955,"51":4734,"52":4734,"53":22,"54":1},"f":{"0":26,"1":26,"2":31615,"3":21,"4":21,"5":22},"b":{"0":[16203010,0],"1":[9805,1610496],"2":[1,1620300],"3":[3,22],"4":[2,20],"5":[20,2],"6":[19,1],"7":[15077,16538],"8":[13021,3517],"9":[21,0],"10":[0,21],"11":[0,21],"12":[0,0],"13":[0,0],"14":[0,21],"15":[0,21],"16":[0,21],"17":[13955,0],"18":[4734,0]},"_coverageSchema":"332fd63041d2c1bcb487cc26dd0d5f7d97098a6c","hash":"353e8740a48823da9d61434fa443b63f77fd2883","contentHash":"517e472db1d0cac0130d12c6ff8aac9d_11.3.0"},"/Users/lin/Documents/UBC/3Year/CPSC310/project_team234/src/controller/QueryFiltering.js":{"path":"/Users/lin/Documents/UBC/3Year/CPSC310/project_team234/src/controller/QueryFiltering.js","statementMap":{"0":{"start":{"line":2,"column":0},"end":{"line":2,"column":62}},"1":{"start":{"line":3,"column":15},"end":{"line":3,"column":33}},"2":{"start":{"line":4,"column":21},"end":{"line":4,"column":42}},"3":{"start":{"line":7,"column":8},"end":{"line":7,"column":50}},"4":{"start":{"line":10,"column":8},"end":{"line":12,"column":9}},"5":{"start":{"line":11,"column":12},"end":{"line":11,"column":24}},"6":{"start":{"line":13,"column":25},"end":{"line":13,"column":46}},"7":{"start":{"line":14,"column":8},"end":{"line":16,"column":9}},"8":{"start":{"line":15,"column":12},"end":{"line":15,"column":77}},"9":{"start":{"line":17,"column":8},"end":{"line":19,"column":9}},"10":{"start":{"line":18,"column":12},"end":{"line":18,"column":77}},"11":{"start":{"line":20,"column":8},"end":{"line":22,"column":9}},"12":{"start":{"line":21,"column":12},"end":{"line":21,"column":65}},"13":{"start":{"line":23,"column":8},"end":{"line":25,"column":9}},"14":{"start":{"line":24,"column":12},"end":{"line":24,"column":65}},"15":{"start":{"line":28,"column":24},"end":{"line":28,"column":78}},"16":{"start":{"line":29,"column":23},"end":{"line":29,"column":79}},"17":{"start":{"line":30,"column":8},"end":{"line":38,"column":9}},"18":{"start":{"line":31,"column":12},"end":{"line":31,"column":48}},"19":{"start":{"line":33,"column":13},"end":{"line":38,"column":9}},"20":{"start":{"line":34,"column":12},"end":{"line":34,"column":51}},"21":{"start":{"line":37,"column":12},"end":{"line":37,"column":46}},"22":{"start":{"line":41,"column":28},"end":{"line":41,"column":49}},"23":{"start":{"line":42,"column":24},"end":{"line":42,"column":44}},"24":{"start":{"line":43,"column":22},"end":{"line":43,"column":44}},"25":{"start":{"line":45,"column":8},"end":{"line":74,"column":9}},"26":{"start":{"line":46,"column":12},"end":{"line":46,"column":65}},"27":{"start":{"line":47,"column":12},"end":{"line":52,"column":13}},"28":{"start":{"line":48,"column":16},"end":{"line":48,"column":62}},"29":{"start":{"line":51,"column":16},"end":{"line":51,"column":29}},"30":{"start":{"line":54,"column":13},"end":{"line":74,"column":9}},"31":{"start":{"line":55,"column":12},"end":{"line":55,"column":61}},"32":{"start":{"line":56,"column":12},"end":{"line":61,"column":13}},"33":{"start":{"line":57,"column":16},"end":{"line":57,"column":60}},"34":{"start":{"line":60,"column":16},"end":{"line":60,"column":41}},"35":{"start":{"line":63,"column":13},"end":{"line":74,"column":9}},"36":{"start":{"line":64,"column":12},"end":{"line":64,"column":65}},"37":{"start":{"line":65,"column":12},"end":{"line":70,"column":13}},"38":{"start":{"line":66,"column":16},"end":{"line":66,"column":60}},"39":{"start":{"line":69,"column":16},"end":{"line":69,"column":29}},"40":{"start":{"line":73,"column":12},"end":{"line":73,"column":54}},"41":{"start":{"line":75,"column":8},"end":{"line":75,"column":33}},"42":{"start":{"line":78,"column":8},"end":{"line":78,"column":47}},"43":{"start":{"line":82,"column":8},"end":{"line":90,"column":9}},"44":{"start":{"line":83,"column":12},"end":{"line":83,"column":57}},"45":{"start":{"line":84,"column":12},"end":{"line":86,"column":13}},"46":{"start":{"line":85,"column":16},"end":{"line":85,"column":29}},"47":{"start":{"line":87,"column":12},"end":{"line":89,"column":13}},"48":{"start":{"line":88,"column":16},"end":{"line":88,"column":28}},"49":{"start":{"line":91,"column":8},"end":{"line":91,"column":26}},"50":{"start":{"line":94,"column":0},"end":{"line":94,"column":33}}},"fnMap":{"0":{"name":"(anonymous_0)","decl":{"start":{"line":6,"column":4},"end":{"line":6,"column":5}},"loc":{"start":{"line":6,"column":18},"end":{"line":8,"column":5}},"line":6},"1":{"name":"(anonymous_1)","decl":{"start":{"line":9,"column":4},"end":{"line":9,"column":5}},"loc":{"start":{"line":9,"column":30},"end":{"line":26,"column":5}},"line":9},"2":{"name":"(anonymous_2)","decl":{"start":{"line":27,"column":4},"end":{"line":27,"column":5}},"loc":{"start":{"line":27,"column":45},"end":{"line":39,"column":5}},"line":27},"3":{"name":"(anonymous_3)","decl":{"start":{"line":40,"column":4},"end":{"line":40,"column":5}},"loc":{"start":{"line":40,"column":33},"end":{"line":76,"column":5}},"line":40},"4":{"name":"(anonymous_4)","decl":{"start":{"line":77,"column":4},"end":{"line":77,"column":5}},"loc":{"start":{"line":77,"column":33},"end":{"line":79,"column":5}},"line":77},"5":{"name":"(anonymous_5)","decl":{"start":{"line":80,"column":4},"end":{"line":80,"column":5}},"loc":{"start":{"line":80,"column":45},"end":{"line":92,"column":5}},"line":80}},"branchMap":{"0":{"loc":{"start":{"line":10,"column":8},"end":{"line":12,"column":9}},"type":"if","locations":[{"start":{"line":10,"column":8},"end":{"line":12,"column":9}},{"start":{"line":10,"column":8},"end":{"line":12,"column":9}}],"line":10},"1":{"loc":{"start":{"line":14,"column":8},"end":{"line":16,"column":9}},"type":"if","locations":[{"start":{"line":14,"column":8},"end":{"line":16,"column":9}},{"start":{"line":14,"column":8},"end":{"line":16,"column":9}}],"line":14},"2":{"loc":{"start":{"line":14,"column":12},"end":{"line":14,"column":55}},"type":"binary-expr","locations":[{"start":{"line":14,"column":12},"end":{"line":14,"column":31}},{"start":{"line":14,"column":35},"end":{"line":14,"column":55}}],"line":14},"3":{"loc":{"start":{"line":17,"column":8},"end":{"line":19,"column":9}},"type":"if","locations":[{"start":{"line":17,"column":8},"end":{"line":19,"column":9}},{"start":{"line":17,"column":8},"end":{"line":19,"column":9}}],"line":17},"4":{"loc":{"start":{"line":17,"column":12},"end":{"line":17,"column":77}},"type":"binary-expr","locations":[{"start":{"line":17,"column":12},"end":{"line":17,"column":31}},{"start":{"line":17,"column":35},"end":{"line":17,"column":54}},{"start":{"line":17,"column":58},"end":{"line":17,"column":77}}],"line":17},"5":{"loc":{"start":{"line":20,"column":8},"end":{"line":22,"column":9}},"type":"if","locations":[{"start":{"line":20,"column":8},"end":{"line":22,"column":9}},{"start":{"line":20,"column":8},"end":{"line":22,"column":9}}],"line":20},"6":{"loc":{"start":{"line":23,"column":8},"end":{"line":25,"column":9}},"type":"if","locations":[{"start":{"line":23,"column":8},"end":{"line":25,"column":9}},{"start":{"line":23,"column":8},"end":{"line":25,"column":9}}],"line":23},"7":{"loc":{"start":{"line":30,"column":8},"end":{"line":38,"column":9}},"type":"if","locations":[{"start":{"line":30,"column":8},"end":{"line":38,"column":9}},{"start":{"line":30,"column":8},"end":{"line":38,"column":9}}],"line":30},"8":{"loc":{"start":{"line":33,"column":13},"end":{"line":38,"column":9}},"type":"if","locations":[{"start":{"line":33,"column":13},"end":{"line":38,"column":9}},{"start":{"line":33,"column":13},"end":{"line":38,"column":9}}],"line":33},"9":{"loc":{"start":{"line":45,"column":8},"end":{"line":74,"column":9}},"type":"if","locations":[{"start":{"line":45,"column":8},"end":{"line":74,"column":9}},{"start":{"line":45,"column":8},"end":{"line":74,"column":9}}],"line":45},"10":{"loc":{"start":{"line":45,"column":12},"end":{"line":45,"column":75}},"type":"binary-expr","locations":[{"start":{"line":45,"column":12},"end":{"line":45,"column":32}},{"start":{"line":45,"column":36},"end":{"line":45,"column":75}}],"line":45},"11":{"loc":{"start":{"line":47,"column":12},"end":{"line":52,"column":13}},"type":"if","locations":[{"start":{"line":47,"column":12},"end":{"line":52,"column":13}},{"start":{"line":47,"column":12},"end":{"line":52,"column":13}}],"line":47},"12":{"loc":{"start":{"line":54,"column":13},"end":{"line":74,"column":9}},"type":"if","locations":[{"start":{"line":54,"column":13},"end":{"line":74,"column":9}},{"start":{"line":54,"column":13},"end":{"line":74,"column":9}}],"line":54},"13":{"loc":{"start":{"line":56,"column":12},"end":{"line":61,"column":13}},"type":"if","locations":[{"start":{"line":56,"column":12},"end":{"line":61,"column":13}},{"start":{"line":56,"column":12},"end":{"line":61,"column":13}}],"line":56},"14":{"loc":{"start":{"line":63,"column":13},"end":{"line":74,"column":9}},"type":"if","locations":[{"start":{"line":63,"column":13},"end":{"line":74,"column":9}},{"start":{"line":63,"column":13},"end":{"line":74,"column":9}}],"line":63},"15":{"loc":{"start":{"line":65,"column":12},"end":{"line":70,"column":13}},"type":"if","locations":[{"start":{"line":65,"column":12},"end":{"line":70,"column":13}},{"start":{"line":65,"column":12},"end":{"line":70,"column":13}}],"line":65},"16":{"loc":{"start":{"line":84,"column":12},"end":{"line":86,"column":13}},"type":"if","locations":[{"start":{"line":84,"column":12},"end":{"line":86,"column":13}},{"start":{"line":84,"column":12},"end":{"line":86,"column":13}}],"line":84},"17":{"loc":{"start":{"line":84,"column":16},"end":{"line":84,"column":51}},"type":"binary-expr","locations":[{"start":{"line":84,"column":16},"end":{"line":84,"column":36}},{"start":{"line":84,"column":40},"end":{"line":84,"column":51}}],"line":84},"18":{"loc":{"start":{"line":87,"column":12},"end":{"line":89,"column":13}},"type":"if","locations":[{"start":{"line":87,"column":12},"end":{"line":89,"column":13}},{"start":{"line":87,"column":12},"end":{"line":89,"column":13}}],"line":87},"19":{"loc":{"start":{"line":87,"column":16},"end":{"line":87,"column":49}},"type":"binary-expr","locations":[{"start":{"line":87,"column":16},"end":{"line":87,"column":35}},{"start":{"line":87,"column":39},"end":{"line":87,"column":49}}],"line":87}},"s":{"0":1,"1":1,"2":1,"3":26,"4":3498614,"5":5001,"6":3493613,"7":3493613,"8":1033792,"9":2459821,"10":1360950,"11":1098871,"12":322788,"13":776083,"14":776083,"15":1360950,"16":1360950,"17":1360950,"18":516855,"19":844095,"20":585661,"21":258434,"22":776083,"23":776083,"24":776083,"25":776083,"26":193908,"27":193908,"28":129272,"29":64636,"30":582175,"31":64612,"32":64612,"33":64612,"34":0,"35":517563,"36":64612,"37":64612,"38":64612,"39":0,"40":452951,"41":776083,"42":322788,"43":1033792,"44":1555525,"45":1555525,"46":770821,"47":784704,"48":55,"49":262916,"50":1},"f":{"0":26,"1":3498614,"2":1360950,"3":776083,"4":322788,"5":1033792},"b":{"0":[5001,3493613],"1":[1033792,2459821],"2":[3493613,3364389],"3":[1360950,1098871],"4":[2459821,1942966,1357305],"5":[322788,776083],"6":[776083,0],"7":[516855,844095],"8":[585661,258434],"9":[193908,582175],"10":[776083,258520],"11":[129272,64636],"12":[64612,517563],"13":[64612,0],"14":[64612,452951],"15":[64612,0],"16":[770821,784704],"17":[1555525,1297091],"18":[55,784649],"19":[784704,258434]},"_coverageSchema":"332fd63041d2c1bcb487cc26dd0d5f7d97098a6c","hash":"8cd05c7f12a7f7c750283e7e86a712ffa95a4fd5","contentHash":"f83c414be17c6c74327cc339266ff5bb_11.3.0"},"/Users/lin/Documents/UBC/3Year/CPSC310/project_team234/src/controller/QueryTransforming.js":{"path":"/Users/lin/Documents/UBC/3Year/CPSC310/project_team234/src/controller/QueryTransforming.js","statementMap":{"0":{"start":{"line":2,"column":0},"end":{"line":2,"column":62}},"1":{"start":{"line":3,"column":15},"end":{"line":3,"column":33}},"2":{"start":{"line":4,"column":21},"end":{"line":4,"column":42}},"3":{"start":{"line":7,"column":8},"end":{"line":7,"column":58}},"4":{"start":{"line":10,"column":20},"end":{"line":10,"column":41}},"5":{"start":{"line":11,"column":20},"end":{"line":11,"column":41}},"6":{"start":{"line":12,"column":26},"end":{"line":12,"column":60}},"7":{"start":{"line":13,"column":8},"end":{"line":13,"column":69}},"8":{"start":{"line":14,"column":8},"end":{"line":14,"column":27}},"9":{"start":{"line":17,"column":26},"end":{"line":17,"column":28}},"10":{"start":{"line":18,"column":8},"end":{"line":20,"column":9}},"11":{"start":{"line":19,"column":12},"end":{"line":19,"column":84}},"12":{"start":{"line":21,"column":8},"end":{"line":21,"column":27}},"13":{"start":{"line":24,"column":24},"end":{"line":24,"column":33}},"14":{"start":{"line":25,"column":20},"end":{"line":25,"column":40}},"15":{"start":{"line":26,"column":8},"end":{"line":41,"column":9}},"16":{"start":{"line":27,"column":12},"end":{"line":33,"column":13}},"17":{"start":{"line":28,"column":16},"end":{"line":28,"column":109}},"18":{"start":{"line":31,"column":16},"end":{"line":31,"column":40}},"19":{"start":{"line":32,"column":16},"end":{"line":32,"column":109}},"20":{"start":{"line":35,"column":13},"end":{"line":41,"column":9}},"21":{"start":{"line":36,"column":12},"end":{"line":36,"column":45}},"22":{"start":{"line":39,"column":12},"end":{"line":39,"column":36}},"23":{"start":{"line":40,"column":12},"end":{"line":40,"column":45}},"24":{"start":{"line":42,"column":8},"end":{"line":42,"column":27}},"25":{"start":{"line":45,"column":19},"end":{"line":45,"column":23}},"26":{"start":{"line":46,"column":26},"end":{"line":46,"column":28}},"27":{"start":{"line":47,"column":19},"end":{"line":47,"column":41}},"28":{"start":{"line":48,"column":8},"end":{"line":57,"column":9}},"29":{"start":{"line":49,"column":23},"end":{"line":49,"column":37}},"30":{"start":{"line":50,"column":12},"end":{"line":52,"column":13}},"31":{"start":{"line":51,"column":16},"end":{"line":51,"column":55}},"32":{"start":{"line":53,"column":12},"end":{"line":56,"column":13}},"33":{"start":{"line":54,"column":16},"end":{"line":54,"column":58}},"34":{"start":{"line":55,"column":16},"end":{"line":55,"column":39}},"35":{"start":{"line":58,"column":8},"end":{"line":58,"column":27}},"36":{"start":{"line":61,"column":8},"end":{"line":67,"column":9}},"37":{"start":{"line":62,"column":23},"end":{"line":62,"column":50}},"38":{"start":{"line":63,"column":12},"end":{"line":63,"column":67}},"39":{"start":{"line":66,"column":12},"end":{"line":66,"column":31}},"40":{"start":{"line":71,"column":23},"end":{"line":71,"column":44}},"41":{"start":{"line":72,"column":23},"end":{"line":72,"column":38}},"42":{"start":{"line":73,"column":25},"end":{"line":73,"column":49}},"43":{"start":{"line":74,"column":21},"end":{"line":74,"column":41}},"44":{"start":{"line":75,"column":8},"end":{"line":77,"column":9}},"45":{"start":{"line":76,"column":12},"end":{"line":76,"column":122}},"46":{"start":{"line":76,"column":73},"end":{"line":76,"column":116}},"47":{"start":{"line":78,"column":8},"end":{"line":81,"column":9}},"48":{"start":{"line":79,"column":12},"end":{"line":80,"column":43}},"49":{"start":{"line":79,"column":73},"end":{"line":79,"column":116}},"50":{"start":{"line":82,"column":8},"end":{"line":84,"column":9}},"51":{"start":{"line":83,"column":12},"end":{"line":83,"column":122}},"52":{"start":{"line":83,"column":73},"end":{"line":83,"column":116}},"53":{"start":{"line":85,"column":8},"end":{"line":87,"column":9}},"54":{"start":{"line":86,"column":12},"end":{"line":86,"column":122}},"55":{"start":{"line":86,"column":73},"end":{"line":86,"column":116}},"56":{"start":{"line":88,"column":8},"end":{"line":99,"column":9}},"57":{"start":{"line":89,"column":25},"end":{"line":89,"column":27}},"58":{"start":{"line":90,"column":12},"end":{"line":98,"column":19}},"59":{"start":{"line":91,"column":16},"end":{"line":97,"column":17}},"60":{"start":{"line":92,"column":20},"end":{"line":92,"column":39}},"61":{"start":{"line":95,"column":20},"end":{"line":95,"column":46}},"62":{"start":{"line":96,"column":20},"end":{"line":96,"column":68}},"63":{"start":{"line":100,"column":17},"end":{"line":100,"column":19}},"64":{"start":{"line":101,"column":8},"end":{"line":103,"column":9}},"65":{"start":{"line":102,"column":12},"end":{"line":102,"column":34}},"66":{"start":{"line":104,"column":8},"end":{"line":104,"column":38}},"67":{"start":{"line":105,"column":8},"end":{"line":105,"column":18}},"68":{"start":{"line":108,"column":0},"end":{"line":108,"column":36}}},"fnMap":{"0":{"name":"(anonymous_0)","decl":{"start":{"line":6,"column":4},"end":{"line":6,"column":5}},"loc":{"start":{"line":6,"column":18},"end":{"line":8,"column":5}},"line":6},"1":{"name":"(anonymous_1)","decl":{"start":{"line":9,"column":4},"end":{"line":9,"column":5}},"loc":{"start":{"line":9,"column":36},"end":{"line":15,"column":5}},"line":9},"2":{"name":"(anonymous_2)","decl":{"start":{"line":16,"column":4},"end":{"line":16,"column":5}},"loc":{"start":{"line":16,"column":34},"end":{"line":22,"column":5}},"line":16},"3":{"name":"(anonymous_3)","decl":{"start":{"line":23,"column":4},"end":{"line":23,"column":5}},"loc":{"start":{"line":23,"column":60},"end":{"line":43,"column":5}},"line":23},"4":{"name":"(anonymous_4)","decl":{"start":{"line":44,"column":4},"end":{"line":44,"column":5}},"loc":{"start":{"line":44,"column":44},"end":{"line":59,"column":5}},"line":44},"5":{"name":"(anonymous_5)","decl":{"start":{"line":60,"column":4},"end":{"line":60,"column":5}},"loc":{"start":{"line":60,"column":38},"end":{"line":68,"column":5}},"line":60},"6":{"name":"(anonymous_6)","decl":{"start":{"line":69,"column":4},"end":{"line":69,"column":5}},"loc":{"start":{"line":69,"column":33},"end":{"line":106,"column":5}},"line":69},"7":{"name":"(anonymous_7)","decl":{"start":{"line":76,"column":58},"end":{"line":76,"column":59}},"loc":{"start":{"line":76,"column":73},"end":{"line":76,"column":116}},"line":76},"8":{"name":"(anonymous_8)","decl":{"start":{"line":79,"column":58},"end":{"line":79,"column":59}},"loc":{"start":{"line":79,"column":73},"end":{"line":79,"column":116}},"line":79},"9":{"name":"(anonymous_9)","decl":{"start":{"line":83,"column":58},"end":{"line":83,"column":59}},"loc":{"start":{"line":83,"column":73},"end":{"line":83,"column":116}},"line":83},"10":{"name":"(anonymous_10)","decl":{"start":{"line":86,"column":58},"end":{"line":86,"column":59}},"loc":{"start":{"line":86,"column":73},"end":{"line":86,"column":116}},"line":86},"11":{"name":"(anonymous_11)","decl":{"start":{"line":90,"column":58},"end":{"line":90,"column":59}},"loc":{"start":{"line":90,"column":87},"end":{"line":98,"column":13}},"line":90}},"branchMap":{"0":{"loc":{"start":{"line":26,"column":8},"end":{"line":41,"column":9}},"type":"if","locations":[{"start":{"line":26,"column":8},"end":{"line":41,"column":9}},{"start":{"line":26,"column":8},"end":{"line":41,"column":9}}],"line":26},"1":{"loc":{"start":{"line":27,"column":12},"end":{"line":33,"column":13}},"type":"if","locations":[{"start":{"line":27,"column":12},"end":{"line":33,"column":13}},{"start":{"line":27,"column":12},"end":{"line":33,"column":13}}],"line":27},"2":{"loc":{"start":{"line":35,"column":13},"end":{"line":41,"column":9}},"type":"if","locations":[{"start":{"line":35,"column":13},"end":{"line":41,"column":9}},{"start":{"line":35,"column":13},"end":{"line":41,"column":9}}],"line":35},"3":{"loc":{"start":{"line":50,"column":12},"end":{"line":52,"column":13}},"type":"if","locations":[{"start":{"line":50,"column":12},"end":{"line":52,"column":13}},{"start":{"line":50,"column":12},"end":{"line":52,"column":13}}],"line":50},"4":{"loc":{"start":{"line":61,"column":8},"end":{"line":67,"column":9}},"type":"if","locations":[{"start":{"line":61,"column":8},"end":{"line":67,"column":9}},{"start":{"line":61,"column":8},"end":{"line":67,"column":9}}],"line":61},"5":{"loc":{"start":{"line":75,"column":8},"end":{"line":77,"column":9}},"type":"if","locations":[{"start":{"line":75,"column":8},"end":{"line":77,"column":9}},{"start":{"line":75,"column":8},"end":{"line":77,"column":9}}],"line":75},"6":{"loc":{"start":{"line":78,"column":8},"end":{"line":81,"column":9}},"type":"if","locations":[{"start":{"line":78,"column":8},"end":{"line":81,"column":9}},{"start":{"line":78,"column":8},"end":{"line":81,"column":9}}],"line":78},"7":{"loc":{"start":{"line":82,"column":8},"end":{"line":84,"column":9}},"type":"if","locations":[{"start":{"line":82,"column":8},"end":{"line":84,"column":9}},{"start":{"line":82,"column":8},"end":{"line":84,"column":9}}],"line":82},"8":{"loc":{"start":{"line":85,"column":8},"end":{"line":87,"column":9}},"type":"if","locations":[{"start":{"line":85,"column":8},"end":{"line":87,"column":9}},{"start":{"line":85,"column":8},"end":{"line":87,"column":9}}],"line":85},"9":{"loc":{"start":{"line":88,"column":8},"end":{"line":99,"column":9}},"type":"if","locations":[{"start":{"line":88,"column":8},"end":{"line":99,"column":9}},{"start":{"line":88,"column":8},"end":{"line":99,"column":9}}],"line":88},"10":{"loc":{"start":{"line":91,"column":16},"end":{"line":97,"column":17}},"type":"if","locations":[{"start":{"line":91,"column":16},"end":{"line":97,"column":17}},{"start":{"line":91,"column":16},"end":{"line":97,"column":17}}],"line":91}},"s":{"0":1,"1":1,"2":1,"3":26,"4":2,"5":2,"6":2,"7":2,"8":2,"9":2,"10":2,"11":138,"12":2,"13":138,"14":138,"15":138,"16":0,"17":0,"18":0,"19":0,"20":138,"21":70,"22":68,"23":68,"24":138,"25":2,"26":2,"27":2,"28":2,"29":68,"30":68,"31":0,"32":68,"33":68,"34":68,"35":2,"36":0,"37":0,"38":0,"39":0,"40":68,"41":68,"42":68,"43":68,"44":68,"45":0,"46":0,"47":68,"48":46,"49":63,"50":68,"51":0,"52":0,"53":68,"54":0,"55":0,"56":68,"57":22,"58":22,"59":75,"60":53,"61":22,"62":22,"63":68,"64":68,"65":68,"66":68,"67":68,"68":1},"f":{"0":26,"1":2,"2":2,"3":138,"4":2,"5":0,"6":68,"7":0,"8":63,"9":0,"10":0,"11":75},"b":{"0":[0,138],"1":[0,0],"2":[70,68],"3":[0,68],"4":[0,0],"5":[0,68],"6":[46,22],"7":[0,68],"8":[0,68],"9":[22,46],"10":[53,22]},"_coverageSchema":"332fd63041d2c1bcb487cc26dd0d5f7d97098a6c","hash":"6df06f656b84c18631e76fd3328ba7723afdf9aa","contentHash":"c3878dc9eac8cb614d9f9e04d186921f_11.3.0"},"/Users/lin/Documents/UBC/3Year/CPSC310/project_team234/src/controller/QueryManager.js":{"path":"/Users/lin/Documents/UBC/3Year/CPSC310/project_team234/src/controller/QueryManager.js","statementMap":{"0":{"start":{"line":2,"column":0},"end":{"line":2,"column":62}},"1":{"start":{"line":3,"column":25},"end":{"line":3,"column":52}},"2":{"start":{"line":4,"column":25},"end":{"line":4,"column":52}},"3":{"start":{"line":5,"column":27},"end":{"line":5,"column":56}},"4":{"start":{"line":6,"column":34},"end":{"line":6,"column":70}},"5":{"start":{"line":9,"column":8},"end":{"line":9,"column":28}},"6":{"start":{"line":10,"column":8},"end":{"line":10,"column":23}},"7":{"start":{"line":11,"column":8},"end":{"line":11,"column":37}},"8":{"start":{"line":14,"column":8},"end":{"line":16,"column":9}},"9":{"start":{"line":15,"column":12},"end":{"line":15,"column":72}},"10":{"start":{"line":18,"column":8},"end":{"line":23,"column":9}},"11":{"start":{"line":19,"column":12},"end":{"line":19,"column":38}},"12":{"start":{"line":22,"column":12},"end":{"line":22,"column":22}},"13":{"start":{"line":24,"column":8},"end":{"line":58,"column":9}},"14":{"start":{"line":25,"column":12},"end":{"line":27,"column":13}},"15":{"start":{"line":26,"column":16},"end":{"line":26,"column":90}},"16":{"start":{"line":28,"column":33},"end":{"line":28,"column":77}},"17":{"start":{"line":29,"column":35},"end":{"line":29,"column":81}},"18":{"start":{"line":30,"column":12},"end":{"line":40,"column":13}},"19":{"start":{"line":31,"column":16},"end":{"line":33,"column":17}},"20":{"start":{"line":32,"column":20},"end":{"line":32,"column":62}},"21":{"start":{"line":34,"column":16},"end":{"line":34,"column":70}},"22":{"start":{"line":35,"column":16},"end":{"line":35,"column":62}},"23":{"start":{"line":36,"column":16},"end":{"line":36,"column":60}},"24":{"start":{"line":39,"column":16},"end":{"line":39,"column":26}},"25":{"start":{"line":41,"column":12},"end":{"line":54,"column":13}},"26":{"start":{"line":42,"column":16},"end":{"line":42,"column":84}},"27":{"start":{"line":44,"column":17},"end":{"line":54,"column":13}},"28":{"start":{"line":45,"column":30},"end":{"line":45,"column":57}},"29":{"start":{"line":46,"column":33},"end":{"line":46,"column":95}},"30":{"start":{"line":47,"column":16},"end":{"line":47,"column":66}},"31":{"start":{"line":48,"column":16},"end":{"line":53,"column":17}},"32":{"start":{"line":49,"column":20},"end":{"line":49,"column":68}},"33":{"start":{"line":52,"column":20},"end":{"line":52,"column":32}},"34":{"start":{"line":57,"column":12},"end":{"line":57,"column":80}},"35":{"start":{"line":61,"column":0},"end":{"line":61,"column":31}}},"fnMap":{"0":{"name":"(anonymous_0)","decl":{"start":{"line":8,"column":4},"end":{"line":8,"column":5}},"loc":{"start":{"line":8,"column":29},"end":{"line":12,"column":5}},"line":8},"1":{"name":"(anonymous_1)","decl":{"start":{"line":13,"column":4},"end":{"line":13,"column":5}},"loc":{"start":{"line":13,"column":22},"end":{"line":59,"column":5}},"line":13}},"branchMap":{"0":{"loc":{"start":{"line":14,"column":8},"end":{"line":16,"column":9}},"type":"if","locations":[{"start":{"line":14,"column":8},"end":{"line":16,"column":9}},{"start":{"line":14,"column":8},"end":{"line":16,"column":9}}],"line":14},"1":{"loc":{"start":{"line":14,"column":12},"end":{"line":14,"column":47}},"type":"binary-expr","locations":[{"start":{"line":14,"column":12},"end":{"line":14,"column":18}},{"start":{"line":14,"column":22},"end":{"line":14,"column":47}}],"line":14},"2":{"loc":{"start":{"line":24,"column":8},"end":{"line":58,"column":9}},"type":"if","locations":[{"start":{"line":24,"column":8},"end":{"line":58,"column":9}},{"start":{"line":24,"column":8},"end":{"line":58,"column":9}}],"line":24},"3":{"loc":{"start":{"line":25,"column":12},"end":{"line":27,"column":13}},"type":"if","locations":[{"start":{"line":25,"column":12},"end":{"line":27,"column":13}},{"start":{"line":25,"column":12},"end":{"line":27,"column":13}}],"line":25},"4":{"loc":{"start":{"line":25,"column":16},"end":{"line":25,"column":68}},"type":"binary-expr","locations":[{"start":{"line":25,"column":16},"end":{"line":25,"column":39}},{"start":{"line":25,"column":43},"end":{"line":25,"column":68}}],"line":25},"5":{"loc":{"start":{"line":31,"column":16},"end":{"line":33,"column":17}},"type":"if","locations":[{"start":{"line":31,"column":16},"end":{"line":33,"column":17}},{"start":{"line":31,"column":16},"end":{"line":33,"column":17}}],"line":31},"6":{"loc":{"start":{"line":41,"column":12},"end":{"line":54,"column":13}},"type":"if","locations":[{"start":{"line":41,"column":12},"end":{"line":54,"column":13}},{"start":{"line":41,"column":12},"end":{"line":54,"column":13}}],"line":41},"7":{"loc":{"start":{"line":41,"column":16},"end":{"line":41,"column":91}},"type":"binary-expr","locations":[{"start":{"line":41,"column":16},"end":{"line":41,"column":31}},{"start":{"line":41,"column":36},"end":{"line":41,"column":53}},{"start":{"line":41,"column":57},"end":{"line":41,"column":90}}],"line":41},"8":{"loc":{"start":{"line":44,"column":17},"end":{"line":54,"column":13}},"type":"if","locations":[{"start":{"line":44,"column":17},"end":{"line":54,"column":13}},{"start":{"line":44,"column":17},"end":{"line":54,"column":13}}],"line":44}},"s":{"0":1,"1":1,"2":1,"3":1,"4":1,"5":14,"6":14,"7":14,"8":83,"9":0,"10":83,"11":83,"12":0,"13":83,"14":79,"15":0,"16":79,"17":79,"18":79,"19":79,"20":78,"21":40,"22":40,"23":27,"24":52,"25":27,"26":1,"27":26,"28":2,"29":2,"30":2,"31":2,"32":2,"33":0,"34":4,"35":1},"f":{"0":14,"1":83},"b":{"0":[0,83],"1":[83,0],"2":[79,4],"3":[0,79],"4":[79,79],"5":[78,1],"6":[1,26],"7":[27,27,3],"8":[2,24]},"_coverageSchema":"332fd63041d2c1bcb487cc26dd0d5f7d97098a6c","hash":"9953f2f14467efde8942547260371ba52b95c6ec","contentHash":"17b61240842377fc6670d7f890337842_11.3.0"},"/Users/lin/Documents/UBC/3Year/CPSC310/project_team234/src/controller/ValidatorWhere.js":{"path":"/Users/lin/Documents/UBC/3Year/CPSC310/project_team234/src/controller/ValidatorWhere.js","statementMap":{"0":{"start":{"line":2,"column":0},"end":{"line":2,"column":62}},"1":{"start":{"line":3,"column":20},"end":{"line":3,"column":42}},"2":{"start":{"line":4,"column":25},"end":{"line":4,"column":52}},"3":{"start":{"line":7,"column":8},"end":{"line":7,"column":27}},"4":{"start":{"line":10,"column":19},"end":{"line":10,"column":40}},"5":{"start":{"line":11,"column":8},"end":{"line":13,"column":9}},"6":{"start":{"line":12,"column":12},"end":{"line":12,"column":99}},"7":{"start":{"line":14,"column":8},"end":{"line":28,"column":9}},"8":{"start":{"line":15,"column":12},"end":{"line":15,"column":45}},"9":{"start":{"line":17,"column":13},"end":{"line":28,"column":9}},"10":{"start":{"line":18,"column":12},"end":{"line":18,"column":54}},"11":{"start":{"line":20,"column":13},"end":{"line":28,"column":9}},"12":{"start":{"line":21,"column":12},"end":{"line":21,"column":45}},"13":{"start":{"line":23,"column":13},"end":{"line":28,"column":9}},"14":{"start":{"line":24,"column":12},"end":{"line":24,"column":45}},"15":{"start":{"line":27,"column":12},"end":{"line":27,"column":85}},"16":{"start":{"line":31,"column":19},"end":{"line":31,"column":39}},"17":{"start":{"line":32,"column":8},"end":{"line":34,"column":9}},"18":{"start":{"line":33,"column":12},"end":{"line":33,"column":97}},"19":{"start":{"line":35,"column":8},"end":{"line":41,"column":9}},"20":{"start":{"line":36,"column":12},"end":{"line":36,"column":40}},"21":{"start":{"line":37,"column":12},"end":{"line":37,"column":59}},"22":{"start":{"line":40,"column":12},"end":{"line":40,"column":22}},"23":{"start":{"line":42,"column":8},"end":{"line":44,"column":9}},"24":{"start":{"line":43,"column":12},"end":{"line":43,"column":105}},"25":{"start":{"line":47,"column":19},"end":{"line":47,"column":39}},"26":{"start":{"line":48,"column":8},"end":{"line":50,"column":9}},"27":{"start":{"line":49,"column":12},"end":{"line":49,"column":98}},"28":{"start":{"line":51,"column":8},"end":{"line":57,"column":9}},"29":{"start":{"line":52,"column":12},"end":{"line":52,"column":40}},"30":{"start":{"line":53,"column":12},"end":{"line":53,"column":62}},"31":{"start":{"line":56,"column":12},"end":{"line":56,"column":22}},"32":{"start":{"line":60,"column":8},"end":{"line":65,"column":9}},"33":{"start":{"line":61,"column":12},"end":{"line":61,"column":101}},"34":{"start":{"line":63,"column":13},"end":{"line":65,"column":9}},"35":{"start":{"line":64,"column":12},"end":{"line":64,"column":76}},"36":{"start":{"line":66,"column":8},"end":{"line":73,"column":9}},"37":{"start":{"line":67,"column":12},"end":{"line":72,"column":13}},"38":{"start":{"line":68,"column":16},"end":{"line":68,"column":40}},"39":{"start":{"line":71,"column":16},"end":{"line":71,"column":100}},"40":{"start":{"line":76,"column":0},"end":{"line":76,"column":33}}},"fnMap":{"0":{"name":"(anonymous_0)","decl":{"start":{"line":6,"column":4},"end":{"line":6,"column":5}},"loc":{"start":{"line":6,"column":29},"end":{"line":8,"column":5}},"line":6},"1":{"name":"(anonymous_1)","decl":{"start":{"line":9,"column":4},"end":{"line":9,"column":5}},"loc":{"start":{"line":9,"column":23},"end":{"line":29,"column":5}},"line":9},"2":{"name":"(anonymous_2)","decl":{"start":{"line":30,"column":4},"end":{"line":30,"column":5}},"loc":{"start":{"line":30,"column":22},"end":{"line":45,"column":5}},"line":30},"3":{"name":"(anonymous_3)","decl":{"start":{"line":46,"column":4},"end":{"line":46,"column":5}},"loc":{"start":{"line":46,"column":30},"end":{"line":58,"column":5}},"line":46},"4":{"name":"(anonymous_4)","decl":{"start":{"line":59,"column":4},"end":{"line":59,"column":5}},"loc":{"start":{"line":59,"column":22},"end":{"line":74,"column":5}},"line":59}},"branchMap":{"0":{"loc":{"start":{"line":11,"column":8},"end":{"line":13,"column":9}},"type":"if","locations":[{"start":{"line":11,"column":8},"end":{"line":13,"column":9}},{"start":{"line":11,"column":8},"end":{"line":13,"column":9}}],"line":11},"1":{"loc":{"start":{"line":14,"column":8},"end":{"line":28,"column":9}},"type":"if","locations":[{"start":{"line":14,"column":8},"end":{"line":28,"column":9}},{"start":{"line":14,"column":8},"end":{"line":28,"column":9}}],"line":14},"2":{"loc":{"start":{"line":17,"column":13},"end":{"line":28,"column":9}},"type":"if","locations":[{"start":{"line":17,"column":13},"end":{"line":28,"column":9}},{"start":{"line":17,"column":13},"end":{"line":28,"column":9}}],"line":17},"3":{"loc":{"start":{"line":17,"column":17},"end":{"line":17,"column":73}},"type":"binary-expr","locations":[{"start":{"line":17,"column":17},"end":{"line":17,"column":33}},{"start":{"line":17,"column":37},"end":{"line":17,"column":53}},{"start":{"line":17,"column":57},"end":{"line":17,"column":73}}],"line":17},"4":{"loc":{"start":{"line":20,"column":13},"end":{"line":28,"column":9}},"type":"if","locations":[{"start":{"line":20,"column":13},"end":{"line":28,"column":9}},{"start":{"line":20,"column":13},"end":{"line":28,"column":9}}],"line":20},"5":{"loc":{"start":{"line":20,"column":17},"end":{"line":20,"column":54}},"type":"binary-expr","locations":[{"start":{"line":20,"column":17},"end":{"line":20,"column":33}},{"start":{"line":20,"column":37},"end":{"line":20,"column":54}}],"line":20},"6":{"loc":{"start":{"line":23,"column":13},"end":{"line":28,"column":9}},"type":"if","locations":[{"start":{"line":23,"column":13},"end":{"line":28,"column":9}},{"start":{"line":23,"column":13},"end":{"line":28,"column":9}}],"line":23},"7":{"loc":{"start":{"line":32,"column":8},"end":{"line":34,"column":9}},"type":"if","locations":[{"start":{"line":32,"column":8},"end":{"line":34,"column":9}},{"start":{"line":32,"column":8},"end":{"line":34,"column":9}}],"line":32},"8":{"loc":{"start":{"line":42,"column":8},"end":{"line":44,"column":9}},"type":"if","locations":[{"start":{"line":42,"column":8},"end":{"line":44,"column":9}},{"start":{"line":42,"column":8},"end":{"line":44,"column":9}}],"line":42},"9":{"loc":{"start":{"line":48,"column":8},"end":{"line":50,"column":9}},"type":"if","locations":[{"start":{"line":48,"column":8},"end":{"line":50,"column":9}},{"start":{"line":48,"column":8},"end":{"line":50,"column":9}}],"line":48},"10":{"loc":{"start":{"line":60,"column":8},"end":{"line":65,"column":9}},"type":"if","locations":[{"start":{"line":60,"column":8},"end":{"line":65,"column":9}},{"start":{"line":60,"column":8},"end":{"line":65,"column":9}}],"line":60},"11":{"loc":{"start":{"line":63,"column":13},"end":{"line":65,"column":9}},"type":"if","locations":[{"start":{"line":63,"column":13},"end":{"line":65,"column":9}},{"start":{"line":63,"column":13},"end":{"line":65,"column":9}}],"line":63}},"s":{"0":1,"1":1,"2":1,"3":79,"4":134,"5":134,"6":2,"7":132,"8":34,"9":98,"10":51,"11":47,"12":22,"13":25,"14":20,"15":5,"16":34,"17":34,"18":2,"19":32,"20":32,"21":30,"22":4,"23":28,"24":1,"25":51,"26":51,"27":6,"28":45,"29":45,"30":39,"31":15,"32":22,"33":3,"34":19,"35":1,"36":18,"37":36,"38":36,"39":1,"40":1},"f":{"0":79,"1":134,"2":34,"3":51,"4":22},"b":{"0":[2,132],"1":[34,98],"2":[51,47],"3":[98,88,67],"4":[22,25],"5":[47,43],"6":[20,5],"7":[2,32],"8":[1,27],"9":[6,45],"10":[3,19],"11":[1,18]},"_coverageSchema":"332fd63041d2c1bcb487cc26dd0d5f7d97098a6c","hash":"fd97506bc17280a8ddb991363bac5378d69385d6","contentHash":"52a247547d656365b885c0fed4a162fa_11.3.0"},"/Users/lin/Documents/UBC/3Year/CPSC310/project_team234/src/controller/Validator.js":{"path":"/Users/lin/Documents/UBC/3Year/CPSC310/project_team234/src/controller/Validator.js","statementMap":{"0":{"start":{"line":2,"column":0},"end":{"line":2,"column":62}},"1":{"start":{"line":3,"column":25},"end":{"line":3,"column":52}},"2":{"start":{"line":6,"column":8},"end":{"line":10,"column":10}},"3":{"start":{"line":11,"column":8},"end":{"line":14,"column":10}},"4":{"start":{"line":15,"column":8},"end":{"line":15,"column":28}},"5":{"start":{"line":16,"column":8},"end":{"line":16,"column":23}},"6":{"start":{"line":17,"column":8},"end":{"line":17,"column":67}},"7":{"start":{"line":18,"column":8},"end":{"line":18,"column":48}},"8":{"start":{"line":19,"column":8},"end":{"line":19,"column":37}},"9":{"start":{"line":23,"column":8},"end":{"line":28,"column":9}},"10":{"start":{"line":24,"column":12},"end":{"line":24,"column":44}},"11":{"start":{"line":27,"column":12},"end":{"line":27,"column":82}},"12":{"start":{"line":29,"column":8},"end":{"line":29,"column":27}},"13":{"start":{"line":32,"column":8},"end":{"line":42,"column":9}},"14":{"start":{"line":33,"column":12},"end":{"line":3
[...]
e":95,"column":78}},"53":{"start":{"line":99,"column":0},"end":{"line":99,"column":35}}},"fnMap":{"0":{"name":"(anonymous_0)","decl":{"start":{"line":6,"column":4},"end":{"line":6,"column":5}},"loc":{"start":{"line":6,"column":29},"end":{"line":9,"column":5}},"line":6},"1":{"name":"(anonymous_1)","decl":{"start":{"line":10,"column":4},"end":{"line":10,"column":5}},"loc":{"start":{"line":10,"column":22},"end":{"line":30,"column":5}},"line":10},"2":{"name":"(anonymous_2)","decl":{"start":{"line":31,"column":4},"end":{"line":31,"column":5}},"loc":{"start":{"line":31,"column":26},"end":{"line":58,"column":5}},"line":31},"3":{"name":"(anonymous_3)","decl":{"start":{"line":59,"column":4},"end":{"line":59,"column":5}},"loc":{"start":{"line":59,"column":31},"end":{"line":97,"column":5}},"line":59}},"branchMap":{"0":{"loc":{"start":{"line":12,"column":8},"end":{"line":14,"column":9}},"type":"if","locations":[{"start":{"line":12,"column":8},"end":{"line":14,"column":9}},{"start":{"line":12,"column":8},"end":{"line":14,"column":9}}],"line":12},"1":{"loc":{"start":{"line":15,"column":8},"end":{"line":17,"column":9}},"type":"if","locations":[{"start":{"line":15,"column":8},"end":{"line":17,"column":9}},{"start":{"line":15,"column":8},"end":{"line":17,"column":9}}],"line":15},"2":{"loc":{"start":{"line":15,"column":12},"end":{"line":15,"column":56}},"type":"binary-expr","locations":[{"start":{"line":15,"column":12},"end":{"line":15,"column":29}},{"start":{"line":15,"column":33},"end":{"line":15,"column":56}}],"line":15},"3":{"loc":{"start":{"line":18,"column":8},"end":{"line":20,"column":9}},"type":"if","locations":[{"start":{"line":18,"column":8},"end":{"line":20,"column":9}},{"start":{"line":18,"column":8},"end":{"line":20,"column":9}}],"line":18},"4":{"loc":{"start":{"line":23,"column":12},"end":{"line":25,"column":13}},"type":"if","locations":[{"start":{"line":23,"column":12},"end":{"line":25,"column":13}},{"start":{"line":23,"column":12},"end":{"line":25,"column":13}}],"line":23},"5":{"loc":{"start":{"line":32,"column":8},"end":{"line":34,"column":9}},"type":"if","locations":[{"start":{"line":32,"column":8},"end":{"line":34,"column":9}},{"start":{"line":32,"column":8},"end":{"line":34,"column":9}}],"line":32},"6":{"loc":{"start":{"line":32,"column":12},"end":{"line":32,"column":59}},"type":"binary-expr","locations":[{"start":{"line":32,"column":12},"end":{"line":32,"column":35}},{"start":{"line":32,"column":39},"end":{"line":32,"column":59}}],"line":32},"7":{"loc":{"start":{"line":36,"column":12},"end":{"line":38,"column":13}},"type":"if","locations":[{"start":{"line":36,"column":12},"end":{"line":38,"column":13}},{"start":{"line":36,"column":12},"end":{"line":38,"column":13}}],"line":36},"8":{"loc":{"start":{"line":45,"column":12},"end":{"line":50,"column":13}},"type":"if","locations":[{"start":{"line":45,"column":12},"end":{"line":50,"column":13}},{"start":{"line":45,"column":12},"end":{"line":50,"column":13}}],"line":45},"9":{"loc":{"start":{"line":47,"column":16},"end":{"line":49,"column":17}},"type":"if","locations":[{"start":{"line":47,"column":16},"end":{"line":49,"column":17}},{"start":{"line":47,"column":16},"end":{"line":49,"column":17}}],"line":47},"10":{"loc":{"start":{"line":51,"column":12},"end":{"line":56,"column":13}},"type":"if","locations":[{"start":{"line":51,"column":12},"end":{"line":56,"column":13}},{"start":{"line":51,"column":12},"end":{"line":56,"column":13}}],"line":51},"11":{"loc":{"start":{"line":60,"column":8},"end":{"line":96,"column":9}},"type":"if","locations":[{"start":{"line":60,"column":8},"end":{"line":96,"column":9}},{"start":{"line":60,"column":8},"end":{"line":96,"column":9}}],"line":60},"12":{"loc":{"start":{"line":67,"column":12},"end":{"line":69,"column":13}},"type":"if","locations":[{"start":{"line":67,"column":12},"end":{"line":69,"column":13}},{"start":{"line":67,"column":12},"end":{"line":69,"column":13}}],"line":67},"13":{"loc":{"start":{"line":71,"column":13},"end":{"line":96,"column":9}},"type":"if","locations":[{"start":{"line":71,"column":13},"end":{"line":96,"column":9}},{"start":{"line":71,"column":13},"end":{"line":96,"column":9}}],"line":71},"14":{"loc":{"start":{"line":71,"column":17},"end":{"line":71,"column":60}},"type":"binary-expr","locations":[{"start":{"line":71,"column":17},"end":{"line":71,"column":42}},{"start":{"line":71,"column":46},"end":{"line":71,"column":60}}],"line":71},"15":{"loc":{"start":{"line":73,"column":12},"end":{"line":75,"column":13}},"type":"if","locations":[{"start":{"line":73,"column":12},"end":{"line":75,"column":13}},{"start":{"line":73,"column":12},"end":{"line":75,"column":13}}],"line":73},"16":{"loc":{"start":{"line":73,"column":16},"end":{"line":73,"column":84}},"type":"binary-expr","locations":[{"start":{"line":73,"column":16},"end":{"line":73,"column":37}},{"start":{"line":73,"column":41},"end":{"line":73,"column":63}},{"start":{"line":73,"column":67},"end":{"line":73,"column":84}}],"line":73},"17":{"loc":{"start":{"line":76,"column":12},"end":{"line":78,"column":13}},"type":"if","locations":[{"start":{"line":76,"column":12},"end":{"line":78,"column":13}},{"start":{"line":76,"column":12},"end":{"line":78,"column":13}}],"line":76},"18":{"loc":{"start":{"line":76,"column":16},"end":{"line":76,"column":64}},"type":"binary-expr","locations":[{"start":{"line":76,"column":16},"end":{"line":76,"column":37}},{"start":{"line":76,"column":41},"end":{"line":76,"column":64}}],"line":76},"19":{"loc":{"start":{"line":79,"column":12},"end":{"line":81,"column":13}},"type":"if","locations":[{"start":{"line":79,"column":12},"end":{"line":81,"column":13}},{"start":{"line":79,"column":12},"end":{"line":81,"column":13}}],"line":79},"20":{"loc":{"start":{"line":89,"column":16},"end":{"line":91,"column":17}},"type":"if","locations":[{"start":{"line":89,"column":16},"end":{"line":91,"column":17}},{"start":{"line":89,"column":16},"end":{"line":91,"column":17}}],"line":89}},"s":{"0":1,"1":1,"2":1,"3":79,"4":79,"5":40,"6":40,"7":2,"8":38,"9":0,"10":38,"11":0,"12":38,"13":38,"14":31,"15":29,"16":11,"17":38,"18":2,"19":36,"20":85,"21":2,"22":83,"23":83,"24":2,"25":81,"26":79,"27":79,"28":1,"29":80,"30":80,"31":0,"32":29,"33":25,"34":25,"35":0,"36":25,"37":1,"38":4,"39":2,"40":2,"41":1,"42":1,"43":0,"44":1,"45":0,"46":1,"47":1,"48":1,"49":0,"50":1,"51":0,"52":2,"53":1},"f":{"0":79,"1":40,"2":38,"3":29},"b":{"0":[2,38],"1":[0,38],"2":[38,35],"3":[0,38],"4":[29,2],"5":[2,36],"6":[38,38],"7":[2,83],"8":[79,2],"9":[1,78],"10":[80,0],"11":[25,4],"12":[1,24],"13":[2,2],"14":[4,3],"15":[1,1],"16":[2,1,1],"17":[0,1],"18":[1,1],"19":[0,1],"20":[0,1]},"_coverageSchema":"332fd63041d2c1bcb487cc26dd0d5f7d97098a6c","hash":"9119ca654ad96ec2ca1ab3f66fc720898b1c20fd","contentHash":"f73e72206d96ff18a0459d3d5121e9df_11.3.0"},"/Users/lin/Documents/UBC/3Year/CPSC310/project_team234/src/controller/ValidatorTransformation.js":{"path":"/Users/lin/Documents/UBC/3Year/CPSC310/project_team234/src/controller/ValidatorTransformation.js","statementMap":{"0":{"start":{"line":2,"column":0},"end":{"line":2,"column":62}},"1":{"start":{"line":3,"column":20},"end":{"line":3,"column":42}},"2":{"start":{"line":4,"column":25},"end":{"line":4,"column":52}},"3":{"start":{"line":7,"column":8},"end":{"line":7,"column":27}},"4":{"start":{"line":8,"column":8},"end":{"line":8,"column":35}},"5":{"start":{"line":9,"column":8},"end":{"line":9,"column":33}},"6":{"start":{"line":10,"column":8},"end":{"line":10,"column":69}},"7":{"start":{"line":11,"column":8},"end":{"line":11,"column":40}},"8":{"start":{"line":14,"column":19},"end":{"line":14,"column":39}},"9":{"start":{"line":15,"column":8},"end":{"line":17,"column":9}},"10":{"start":{"line":16,"column":12},"end":{"line":16,"column":115}},"11":{"start":{"line":18,"column":8},"end":{"line":20,"column":9}},"12":{"start":{"line":19,"column":12},"end":{"line":19,"column":97}},"13":{"start":{"line":21,"column":8},"end":{"line":23,"column":9}},"14":{"start":{"line":22,"column":12},"end":{"line":22,"column":97}},"15":{"start":{"line":24,"column":8},"end":{"line":26,"column":9}},"16":{"start":{"line":25,"column":12},"end":{"line":25,"column":88}},"17":{"start":{"line":27,"column":8},"end":{"line":33,"column":9}},"18":{"start":{"line":28,"column":12},"end":{"line":28,"column":44}},"19":{"start":{"line":29,"column":12},"end":{"line":29,"column":44}},"20":{"start":{"line":32,"column":12},"end":{"line":32,"column":22}},"21":{"start":{"line":34,"column":8},"end":{"line":38,"column":9}},"22":{"start":{"line":35,"column":12},"end":{"line":37,"column":13}},"23":{"start":{"line":36,"column":16},"end":{"line":36,"column":133}},"24":{"start":{"line":41,"column":8},"end":{"line":43,"column":9}},"25":{"start":{"line":42,"column":12},"end":{"line":42,"column":87}},"26":{"start":{"line":44,"column":8},"end":{"line":51,"column":9}},"27":{"start":{"line":45,"column":12},"end":{"line":50,"column":13}},"28":{"start":{"line":46,"column":16},"end":{"line":46,"column":53}},"29":{"start":{"line":49,"column":16},"end":{"line":49,"column":133}},"30":{"start":{"line":54,"column":8},"end":{"line":56,"column":9}},"31":{"start":{"line":55,"column":12},"end":{"line":55,"column":89}},"32":{"start":{"line":57,"column":8},"end":{"line":81,"column":9}},"33":{"start":{"line":58,"column":12},"end":{"line":60,"column":13}},"34":{"start":{"line":59,"column":16},"end":{"line":59,"column":110}},"35":{"start":{"line":61,"column":28},"end":{"line":61,"column":52}},"36":{"start":{"line":62,"column":12},"end":{"line":64,"column":13}},"37":{"start":{"line":63,"column":16},"end":{"line":63,"column":132}},"38":{"start":{"line":65,"column":12},"end":{"line":67,"column":13}},"39":{"start":{"line":66,"column":16},"end":{"line":66,"column":133}},"40":{"start":{"line":68,"column":12},"end":{"line":68,"column":53}},"41":{"start":{"line":69,"column":12},"end":{"line":74,"column":13}},"42":{"start":{"line":70,"column":16},"end":{"line":70,"column":61}},"43":{"start":{"line":73,"column":16},"end":{"line":73,"column":26}},"44":{"start":{"line":75,"column":12},"end":{"line":80,"column":13}},"45":{"start":{"line":76,"column":16},"end":{"line":76,"column":55}},"46":{"start":{"line":79,"column":16},"end":{"line":79,"column":89}},"47":{"start":{"line":84,"column":25},"end":{"line":84,"column":48}},"48":{"start":{"line":85,"column":21},"end":{"line":85,"column":44}},"49":{"start":{"line":86,"column":8},"end":{"line":88,"column":9}},"50":{"start":{"line":87,"column":12},"end":{"line":87,"column":129}},"51":{"start":{"line":89,"column":8},"end":{"line":91,"column":9}},"52":{"start":{"line":90,"column":12},"end":{"line":90,"column":107}},"53":{"start":{"line":92,"column":8},"end":{"line":94,"column":9}},"54":{"start":{"line":93,"column":12},"end":{"line":93,"column":86}},"55":{"start":{"line":95,"column":8},"end":{"line":97,"column":9}},"56":{"start":{"line":96,"column":12},"end":{"line":96,"column":114}},"57":{"start":{"line":99,"column":8},"end":{"line":104,"column":9}},"58":{"start":{"line":100,"column":12},"end":{"line":100,"column":39}},"59":{"start":{"line":103,"column":12},"end":{"line":103,"column":57}},"60":{"start":{"line":105,"column":22},"end":{"line":105,"column":62}},"61":{"start":{"line":107,"column":8},"end":{"line":112,"column":9}},"62":{"start":{"line":108,"column":12},"end":{"line":108,"column":45}},"63":{"start":{"line":111,"column":12},"end":{"line":111,"column":44}},"64":{"start":{"line":113,"column":8},"end":{"line":125,"column":9}},"65":{"start":{"line":114,"column":12},"end":{"line":116,"column":13}},"66":{"start":{"line":115,"column":16},"end":{"line":115,"column":128}},"67":{"start":{"line":118,"column":13},"end":{"line":125,"column":9}},"68":{"start":{"line":119,"column":12},"end":{"line":121,"column":13}},"69":{"start":{"line":120,"column":16},"end":{"line":120,"column":129}},"70":{"start":{"line":124,"column":12},"end":{"line":124,"column":110}},"71":{"start":{"line":128,"column":0},"end":{"line":128,"column":42}}},"fnMap":{"0":{"name":"(anonymous_0)","decl":{"start":{"line":6,"column":4},"end":{"line":6,"column":5}},"loc":{"start":{"line":6,"column":38},"end":{"line":12,"column":5}},"line":6},"1":{"name":"(anonymous_1)","decl":{"start":{"line":13,"column":4},"end":{"line":13,"column":5}},"loc":{"start":{"line":13,"column":22},"end":{"line":39,"column":5}},"line":13},"2":{"name":"(anonymous_2)","decl":{"start":{"line":40,"column":4},"end":{"line":40,"column":5}},"loc":{"start":{"line":40,"column":22},"end":{"line":52,"column":5}},"line":40},"3":{"name":"(anonymous_3)","decl":{"start":{"line":53,"column":4},"end":{"line":53,"column":5}},"loc":{"start":{"line":53,"column":22},"end":{"line":82,"column":5}},"line":53},"4":{"name":"(anonymous_4)","decl":{"start":{"line":83,"column":4},"end":{"line":83,"column":5}},"loc":{"start":{"line":83,"column":29},"end":{"line":126,"column":5}},"line":83}},"branchMap":{"0":{"loc":{"start":{"line":15,"column":8},"end":{"line":17,"column":9}},"type":"if","locations":[{"start":{"line":15,"column":8},"end":{"line":17,"column":9}},{"start":{"line":15,"column":8},"end":{"line":17,"column":9}}],"line":15},"1":{"loc":{"start":{"line":18,"column":8},"end":{"line":20,"column":9}},"type":"if","locations":[{"start":{"line":18,"column":8},"end":{"line":20,"column":9}},{"start":{"line":18,"column":8},"end":{"line":20,"column":9}}],"line":18},"2":{"loc":{"start":{"line":21,"column":8},"end":{"line":23,"column":9}},"type":"if","locations":[{"start":{"line":21,"column":8},"end":{"line":23,"column":9}},{"start":{"line":21,"column":8},"end":{"line":23,"column":9}}],"line":21},"3":{"loc":{"start":{"line":24,"column":8},"end":{"line":26,"column":9}},"type":"if","locations":[{"start":{"line":24,"column":8},"end":{"line":26,"column":9}},{"start":{"line":24,"column":8},"end":{"line":26,"column":9}}],"line":24},"4":{"loc":{"start":{"line":24,"column":12},"end":{"line":24,"column":76}},"type":"binary-expr","locations":[{"start":{"line":24,"column":12},"end":{"line":24,"column":42}},{"start":{"line":24,"column":46},"end":{"line":24,"column":76}}],"line":24},"5":{"loc":{"start":{"line":35,"column":12},"end":{"line":37,"column":13}},"type":"if","locations":[{"start":{"line":35,"column":12},"end":{"line":37,"column":13}},{"start":{"line":35,"column":12},"end":{"line":37,"column":13}}],"line":35},"6":{"loc":{"start":{"line":41,"column":8},"end":{"line":43,"column":9}},"type":"if","locations":[{"start":{"line":41,"column":8},"end":{"line":43,"column":9}},{"start":{"line":41,"column":8},"end":{"line":43,"column":9}}],"line":41},"7":{"loc":{"start":{"line":45,"column":12},"end":{"line":50,"column":13}},"type":"if","locations":[{"start":{"line":45,"column":12},"end":{"line":50,"column":13}},{"start":{"line":45,"column":12},"end":{"line":50,"column":13}}],"line":45},"8":{"loc":{"start":{"line":54,"column":8},"end":{"line":56,"column":9}},"type":"if","locations":[{"start":{"line":54,"column":8},"end":{"line":56,"column":9}},{"start":{"line":54,"column":8},"end":{"line":56,"column":9}}],"line":54},"9":{"loc":{"start":{"line":58,"column":12},"end":{"line":60,"column":13}},"type":"if","locations":[{"start":{"line":58,"column":12},"end":{"line":60,"column":13}},{"start":{"line":58,"column":12},"end":{"line":60,"column":13}}],"line":58},"10":{"loc":{"start":{"line":62,"column":12},"end":{"line":64,"column":13}},"type":"if","locations":[{"start":{"line":62,"column":12},"end":{"line":64,"column":13}},{"start":{"line":62,"column":12},"end":{"line":64,"column":13}}],"line":62},"11":{"loc":{"start":{"line":65,"column":12},"end":{"line":67,"column":13}},"type":"if","locations":[{"start":{"line":65,"column":12},"end":{"line":67,"column":13}},{"start":{"line":65,"column":12},"end":{"line":67,"column":13}}],"line":65},"12":{"loc":{"start":{"line":75,"column":12},"end":{"line":80,"column":13}},"type":"if","locations":[{"start":{"line":75,"column":12},"end":{"line":80,"column":13}},{"start":{"line":75,"column":12},"end":{"line":80,"column":13}}],"line":75},"13":{"loc":{"start":{"line":86,"column":8},"end":{"line":88,"column":9}},"type":"if","locations":[{"start":{"line":86,"column":8},"end":{"line":88,"column":9}},{"start":{"line":86,"column":8},"end":{"line":88,"column":9}}],"line":86},"14":{"loc":{"start":{"line":89,"column":8},"end":{"line":91,"column":9}},"type":"if","locations":[{"start":{"line":89,"column":8},"end":{"line":91,"column":9}},{"start":{"line":89,"column":8},"end":{"line":91,"column":9}}],"line":89},"15":{"loc":{"start":{"line":92,"column":8},"end":{"line":94,"column":9}},"type":"if","locations":[{"start":{"line":92,"column":8},"end":{"line":94,"column":9}},{"start":{"line":92,"column":8},"end":{"line":94,"column":9}}],"line":92},"16":{"loc":{"start":{"line":92,"column":12},"end":{"line":92,"column":71}},"type":"binary-expr","locations":[{"start":{"line":92,"column":12},"end":{"line":92,"column":38}},{"start":{"line":92,"column":42},"end":{"line":92,"column":71}}],"line":92},"17":{"loc":{"start":{"line":95,"column":8},"end":{"line":97,"column":9}},"type":"if","locations":[{"start":{"line":95,"column":8},"end":{"line":97,"column":9}},{"start":{"line":95,"column":8},"end":{"line":97,"column":9}}],"line":95},"18":{"loc":{"start":{"line":107,"column":8},"end":{"line":112,"column":9}},"type":"if","locations":[{"start":{"line":107,"column":8},"end":{"line":112,"column":9}},{"start":{"line":107,"column":8},"end":{"line":112,"column":9}}],"line":107},"19":{"loc":{"start":{"line":113,"column":8},"end":{"line":125,"column":9}},"type":"if","locations":[{"start":{"line":113,"column":8},"end":{"line":125,"column":9}},{"start":{"line":113,"column":8},"end":{"line":125,"column":9}}],"line":113},"20":{"loc":{"start":{"line":113,"column":12},"end":{"line":113,"column":117}},"type":"binary-expr","locations":[{"start":{"line":113,"column":12},"end":{"line":113,"column":35}},{"start":{"line":113,"column":39},"end":{"line":113,"column":63}},{"start":{"line":113,"column":67},"end":{"line":113,"column":90}},{"start":{"line":113,"column":94},"end":{"line":113,"column":117}}],"line":113},"21":{"loc":{"start":{"line":114,"column":12},"end":{"line":116,"column":13}},"type":"if","locations":[{"start":{"line":114,"column":12},"end":{"line":116,"column":13}},{"start":{"line":114,"column":12},"end":{"line":116,"column":13}}],"line":114},"22":{"loc":{"start":{"line":118,"column":13},"end":{"line":125,"column":9}},"type":"if","locations":[{"start":{"line":118,"column":13},"end":{"line":125,"column":9}},{"start":{"line":118,"column":13},"end":{"line":125,"column":9}}],"line":118},"23":{"loc":{"start":{"line":119,"column":12},"end":{"line":121,"column":13}},"type":"if","locations":[{"start":{"line":119,"column":12},"end":{"line":121,"column":13}},{"start":{"line":119,"column":12},"end":{"line":121,"column":13}}],"line":119},"24":{"loc":{"start":{"line":119,"column":16},"end":{"line":119,"column":54}},"type":"binary-expr","locations":[{"start":{"line":119,"column":16},"end":{"line":119,"column":33}},{"start":{"line":119,"column":37},"end":{"line":119,"column":54}}],"line":119}},"s":{"0":1,"1":1,"2":1,"3":2,"4":2,"5":2,"6":2,"7":2,"8":2,"9":2,"10":0,"11":2,"12":0,"13":2,"14":0,"15":2,"16":0,"17":2,"18":2,"19":2,"20":0,"21":2,"22":4,"23":0,"24":2,"25":0,"26":2,"27":2,"28":2,"29":0,"30":2,"31":0,"32":2,"33":2,"34":0,"35":2,"36":2,"37":0,"38":2,"39":0,"40":2,"41":2,"42":2,"43":0,"44":2,"45":2,"46":0,"47":2,"48":2,"49":2,"50":0,"51":2,"52":0,"53":2,"54":0,"55":2,"56":0,"57":2,"58":2,"59":0,"60":2,"61":2,"62":2,"63":0,"64":2,"65":1,"66":0,"67":1,"68":1,"69":0,"70":0,"71":1},"f":{"0":2,"1":2,"2":2,"3":2,"4":2},"b":{"0":[0,2],"1":[0,2],"2":[0,2],"3":[0,2],"4":[2,2],"5":[0,4],"6":[0,2],"7":[2,0],"8":[0,2],"9":[0,2],"10":[0,2],"11":[0,2],"12":[2,0],"13":[0,2],"14":[0,2],"15":[0,2],"16":[2,0],"17":[0,2],"18":[2,0],"19":[1,1],"20":[2,2,2,1],"21":[0,1],"22":[1,0],"23":[0,1],"24":[1,1]},"_coverageSchema":"332fd63041d2c1bcb487cc26dd0d5f7d97098a6c","hash":"6710b1860fa408297d8613b6b0e42d02bd685de8","contentHash":"e4ff9e5fcadd7b141df0de5d0c2f8b02_11.3.0"}}