{"/Users/lin/Documents/UBC/3Year/CPSC310/project_team234/src/controller/IInsightFacade.js":{"path":"/Users/lin/Documents/UBC/3Year/CPSC310/project_team234/src/controller/IInsightFacade.js","statementMap":{"0":{"start":{"line":2,"column":0},"end":{"line":2,"column":62}},"1":{"start":{"line":4,"column":0},"end":{"line":7,"column":89}},"2":{"start":{"line":5,"column":4},"end":{"line":5,"column":46}},"3":{"start":{"line":6,"column":4},"end":{"line":6,"column":42}},"4":{"start":{"line":10,"column":8},"end":{"line":10,"column":23}},"5":{"start":{"line":11,"column":8},"end":{"line":11,"column":52}},"6":{"start":{"line":14,"column":0},"end":{"line":14,"column":36}},"7":{"start":{"line":17,"column":8},"end":{"line":17,"column":23}},"8":{"start":{"line":18,"column":8},"end":{"line":18,"column":53}},"9":{"start":{"line":21,"column":0},"end":{"line":21,"column":38}},"10":{"start":{"line":24,"column":8},"end":{"line":24,"column":23}},"11":{"start":{"line":25,"column":8},"end":{"line":25,"column":59}},"12":{"start":{"line":28,"column":0},"end":{"line":28,"column":50}}},"fnMap":{"0":{"name":"(anonymous_0)","decl":{"start":{"line":4,"column":1},"end":{"line":4,"column":2}},"loc":{"start":{"line":4,"column":31},"end":{"line":7,"column":1}},"line":4},"1":{"name":"(anonymous_1)","decl":{"start":{"line":9,"column":4},"end":{"line":9,"column":5}},"loc":{"start":{"line":9,"column":25},"end":{"line":12,"column":5}},"line":9},"2":{"name":"(anonymous_2)","decl":{"start":{"line":16,"column":4},"end":{"line":16,"column":5}},"loc":{"start":{"line":16,"column":25},"end":{"line":19,"column":5}},"line":16},"3":{"name":"(anonymous_3)","decl":{"start":{"line":23,"column":4},"end":{"line":23,"column":5}},"loc":{"start":{"line":23,"column":25},"end":{"line":26,"column":5}},"line":23}},"branchMap":{"0":{"loc":{"start":{"line":7,"column":24},"end":{"line":7,"column":87}},"type":"binary-expr","locations":[{"start":{"line":7,"column":24},"end":{"line":7,"column":50}},{"start":{"line":7,"column":55},"end":{"line":7,"column":86}}],"line":7}},"s":{"0":1,"1":1,"2":1,"3":1,"4":125,"5":125,"6":1,"7":1,"8":1,"9":1,"10":1,"11":1,"12":1},"f":{"0":1,"1":125,"2":1,"3":1},"b":{"0":[1,1]},"_coverageSchema":"332fd63041d2c1bcb487cc26dd0d5f7d97098a6c","hash":"4078b11e2f51df2ddc670372e714802adb1af400","contentHash":"3b5eb8daa1ff67ddb3658e63de8ae463_11.3.0"},"/Users/lin/Documents/UBC/3Year/CPSC310/project_team234/src/controller/InsightFacade.js":{"path":"/Users/lin/Documents/UBC/3Year/CPSC310/project_team234/src/controller/InsightFacade.js","statementMap":{"0":{"start":{"line":2,"column":0},"end":{"line":2,"column":62}},"1":{"start":{"line":3,"column":15},"end":{"line":3,"column":33}},"2":{"start":{"line":4,"column":25},"end":{"line":4,"column":52}},"3":{"start":{"line":5,"column":0},"end":{"line":5,"column":27}},"4":{"start":{"line":6,"column":14},"end":{"line":6,"column":30}},"5":{"start":{"line":7,"column":24},"end":{"line":7,"column":50}},"6":{"start":{"line":8,"column":25},"end":{"line":8,"column":52}},"7":{"start":{"line":9,"column":23},"end":{"line":9,"column":48}},"8":{"start":{"line":12,"column":8},"end":{"line":12,"column":32}},"9":{"start":{"line":13,"column":8},"end":{"line":13,"column":28}},"10":{"start":{"line":14,"column":8},"end":{"line":14,"column":40}},"11":{"start":{"line":15,"column":8},"end":{"line":15,"column":58}},"12":{"start":{"line":16,"column":8},"end":{"line":16,"column":52}},"13":{"start":{"line":17,"column":8},"end":{"line":17,"column":67}},"14":{"start":{"line":18,"column":8},"end":{"line":18,"column":71}},"15":{"start":{"line":21,"column":30},"end":{"line":21,"column":32}},"16":{"start":{"line":22,"column":26},"end":{"line":22,"column":30}},"17":{"start":{"line":23,"column":28},"end":{"line":23,"column":30}},"18":{"start":{"line":24,"column":28},"end":{"line":25,"column":52}},"19":{"start":{"line":25,"column":43},"end":{"line":25,"column":51}},"20":{"start":{"line":26,"column":8},"end":{"line":28,"column":9}},"21":{"start":{"line":27,"column":12},"end":{"line":27,"column":88}},"22":{"start":{"line":29,"column":8},"end":{"line":68,"column":11}},"23":{"start":{"line":30,"column":12},"end":{"line":67,"column":15}},"24":{"start":{"line":31,"column":16},"end":{"line":66,"column":17}},"25":{"start":{"line":32,"column":20},"end":{"line":32,"column":83}},"26":{"start":{"line":33,"column":20},"end":{"line":33,"column":47}},"27":{"start":{"line":36,"column":32},"end":{"line":36,"column":33}},"28":{"start":{"line":37,"column":20},"end":{"line":65,"column":23}},"29":{"start":{"line":38,"column":24},"end":{"line":40,"column":27}},"30":{"start":{"line":39,"column":28},"end":{"line":39,"column":67}},"31":{"start":{"line":41,"column":24},"end":{"line":62,"column":27}},"32":{"start":{"line":42,"column":28},"end":{"line":44,"column":29}},"33":{"start":{"line":43,"column":32},"end":{"line":43,"column":74}},"34":{"start":{"line":46,"column":28},"end":{"line":46,"column":87}},"35":{"start":{"line":47,"column":28},"end":{"line":61,"column":29}},"36":{"start":{"line":48,"column":32},"end":{"line":57,"column":35}},"37":{"start":{"line":49,"column":36},"end":{"line":56,"column":37}},"38":{"start":{"line":50,"column":40},"end":{"line":50,"column":73}},"39":{"start":{"line":51,"column":40},"end":{"line":51,"column":105}},"40":{"start":{"line":52,"column":40},"end":{"line":52,"column":80}},"41":{"start":{"line":55,"column":40},"end":{"line":55,"column":128}},"42":{"start":{"line":60,"column":32},"end":{"line":60,"column":121}},"43":{"start":{"line":64,"column":24},"end":{"line":64,"column":115}},"44":{"start":{"line":72,"column":8},"end":{"line":81,"column":9}},"45":{"start":{"line":73,"column":12},"end":{"line":73,"column":52}},"46":{"start":{"line":78,"column":12},"end":{"line":80,"column":13}},"47":{"start":{"line":79,"column":16},"end":{"line":79,"column":46}},"48":{"start":{"line":84,"column":26},"end":{"line":84,"column":30}},"49":{"start":{"line":85,"column":8},"end":{"line":116,"column":11}},"50":{"start":{"line":86,"column":26},"end":{"line":86,"column":61}},"51":{"start":{"line":87,"column":28},"end":{"line":87,"column":90}},"52":{"start":{"line":88,"column":12},"end":{"line":115,"column":13}},"53":{"start":{"line":89,"column":16},"end":{"line":89,"column":110}},"54":{"start":{"line":91,"column":17},"end":{"line":115,"column":13}},"55":{"start":{"line":92,"column":16},"end":{"line":92,"column":102}},"56":{"start":{"line":94,"column":17},"end":{"line":115,"column":13}},"57":{"start":{"line":96,"column":16},"end":{"line":100,"column":17}},"58":{"start":{"line":97,"column":20},"end":{"line":99,"column":21}},"59":{"start":{"line":98,"column":24},"end":{"line":98,"column":37}},"60":{"start":{"line":101,"column":16},"end":{"line":114,"column":19}},"61":{"start":{"line":103,"column":20},"end":{"line":113,"column":21}},"62":{"start":{"line":104,"column":24},"end":{"line":112,"column":27}},"63":{"start":{"line":106,"column":28},"end":{"line":109,"column":29}},"64":{"start":{"line":107,"column":32},"end":{"line":107,"column":67}},"65":{"start":{"line":108,"column":32},"end":{"line":108,"column":44}},"66":{"start":{"line":111,"column":28},"end":{"line":111,"column":74}},"67":{"start":{"line":119,"column":8},"end":{"line":119,"column":44}},"68":{"start":{"line":120,"column":8},"end":{"line":125,"column":9}},"69":{"start":{"line":121,"column":12},"end":{"line":124,"column":13}},"70":{"start":{"line":122,"column":16},"end":{"line":122,"column":52}},"71":{"start":{"line":123,"column":16},"end":{"line":123,"column":22}},"72":{"start":{"line":128,"column":19},"end":{"line":128,"column":23}},"73":{"start":{"line":130,"column":8},"end":{"line":135,"column":9}},"74":{"start":{"line":131,"column":12},"end":{"line":131,"column":44}},"75":{"start":{"line":134,"column":12},"end":{"line":134,"column":39}},"76":{"start":{"line":136,"column":8},"end":{"line":147,"column":9}},"77":{"start":{"line":137,"column":12},"end":{"line":146,"column":13}},"78":{"start":{"line":138,"column":16},"end":{"line":138,"column":39}},"79":{"start":{"line":139,"column":16},"end":{"line":144,"column":17}},"80":{"start":{"line":140,"column":20},"end":{"line":140,"column":143}},"81":{"start":{"line":143,"column":20},"end":{"line":143,"column":82}},"82":{"start":{"line":145,"column":16},"end":{"line":145,"column":22}},"83":{"start":{"line":149,"column":29},"end":{"line":149,"column":59}},"84":{"start":{"line":150,"column":8},"end":{"line":155,"column":9}},"85":{"start":{"line":151,"column":12},"end":{"line":151,"column":100}},"86":{"start":{"line":154,"column":12},"end":{"line":154,"column":39}},"87":{"start":{"line":156,"column":8},"end":{"line":156,"column":39}},"88":{"start":{"line":159,"column":8},"end":{"line":161,"column":12}},"89":{"start":{"line":160,"column":12},"end":{"line":160,"column":43}},"90":{"start":{"line":164,"column":0},"end":{"line":164,"column":32}}},"fnMap":{"0":{"name":"(anonymous_0)","decl":{"start":{"line":11,"column":4},"end":{"line":11,"column":5}},"loc":{"start":{"line":11,"column":18},"end":{"line":19,"column":5}},"line":11},"1":{"name":"(anonymous_1)","decl":{"start":{"line":20,"column":4},"end":{"line":20,"column":5}},"loc":{"start":{"line":20,"column":34},"end":{"line":69,"column":5}},"line":20},"2":{"name":"(anonymous_2)","decl":{"start":{"line":25,"column":36},"end":{"line":25,"column":37}},"loc":{"start":{"line":25,"column":43},"end":{"line":25,"column":51}},"line":25},"3":{"name":"(anonymous_3)","decl":{"start":{"line":29,"column":27},"end":{"line":29,"column":28}},"loc":{"start":{"line":29,"column":48},"end":{"line":68,"column":9}},"line":29},"4":{"name":"(anonymous_4)","decl":{"start":{"line":30,"column":52},"end":{"line":30,"column":53}},"loc":{"start":{"line":30,"column":66},"end":{"line":67,"column":13}},"line":30},"5":{"name":"(anonymous_5)","decl":{"start":{"line":37,"column":68},"end":{"line":37,"column":69}},"loc":{"start":{"line":37,"column":80},"end":{"line":63,"column":21}},"line":37},"6":{"name":"(anonymous_6)","decl":{"start":{"line":38,"column":57},"end":{"line":38,"column":58}},"loc":{"start":{"line":38,"column":87},"end":{"line":40,"column":25}},"line":38},"7":{"name":"(anonymous_7)","decl":{"start":{"line":41,"column":56},"end":{"line":41,"column":57}},"loc":{"start":{"line":41,"column":69},"end":{"line":45,"column":25}},"line":41},"8":{"name":"(anonymous_8)","decl":{"start":{"line":45,"column":32},"end":{"line":45,"column":33}},"loc":{"start":{"line":45,"column":44},"end":{"line":62,"column":25}},"line":45},"9":{"name":"(anonymous_9)","decl":{"start":{"line":48,"column":99},"end":{"line":48,"column":100}},"loc":{"start":{"line":48,"column":115},"end":{"line":57,"column":33}},"line":48},"10":{"name":"(anonymous_10)","decl":{"start":{"line":63,"column":29},"end":{"line":63,"column":30}},"loc":{"start":{"line":63,"column":35},"end":{"line":65,"column":21}},"line":63},"11":{"name":"(anonymous_11)","decl":{"start":{"line":70,"column":4},"end":{"line":70,"column":5}},"loc":{"start":{"line":70,"column":38},"end":{"line":82,"column":5}},"line":70},"12":{"name":"(anonymous_12)","decl":{"start":{"line":83,"column":4},"end":{"line":83,"column":5}},"loc":{"start":{"line":83,"column":22},"end":{"line":117,"column":5}},"line":83},"13":{"name":"(anonymous_13)","decl":{"start":{"line":85,"column":27},"end":{"line":85,"column":28}},"loc":{"start":{"line":85,"column":48},"end":{"line":116,"column":9}},"line":85},"14":{"name":"(anonymous_14)","decl":{"start":{"line":102,"column":26},"end":{"line":102,"column":27}},"loc":{"start":{"line":102,"column":40},"end":{"line":114,"column":17}},"line":102},"15":{"name":"(anonymous_15)","decl":{"start":{"line":105,"column":34},"end":{"line":105,"column":35}},"loc":{"start":{"line":105,"column":47},"end":{"line":110,"column":25}},"line":105},"16":{"name":"(anonymous_16)","decl":{"start":{"line":110,"column":33},"end":{"line":110,"column":34}},"loc":{"start":{"line":110,"column":42},"end":{"line":112,"column":25}},"line":110},"17":{"name":"(anonymous_17)","decl":{"start":{"line":118,"column":4},"end":{"line":118,"column":5}},"loc":{"start":{"line":118,"column":29},"end":{"line":126,"column":5}},"line":118},"18":{"name":"(anonymous_18)","decl":{"start":{"line":127,"column":4},"end":{"line":127,"column":5}},"loc":{"start":{"line":127,"column":24},"end":{"line":157,"column":5}},"line":127},"19":{"name":"(anonymous_19)","decl":{"start":{"line":158,"column":4},"end":{"line":158,"column":5}},"loc":{"start":{"line":158,"column":19},"end":{"line":162,"column":5}},"line":158},"20":{"name":"(anonymous_20)","decl":{"start":{"line":159,"column":28},"end":{"line":159,"column":29}},"loc":{"start":{"line":159,"column":41},"end":{"line":161,"column":9}},"line":159}},"branchMap":{"0":{"loc":{"start":{"line":24,"column":28},"end":{"line":25,"column":52}},"type":"binary-expr","locations":[{"start":{"line":24,"column":28},"end":{"line":24,"column":31}},{"start":{"line":24,"column":35},"end":{"line":24,"column":51}},{"start":{"line":24,"column":55},"end":{"line":24,"column":70}},{"start":{"line":24,"column":74},"end":{"line":24,"column":94}},{"start":{"line":25,"column":12},"end":{"line":25,"column":52}}],"line":24},"1":{"loc":{"start":{"line":26,"column":8},"end":{"line":28,"column":9}},"type":"if","locations":[{"start":{"line":26,"column":8},"end":{"line":28,"column":9}},{"start":{"line":26,"column":8},"end":{"line":28,"column":9}}],"line":26},"2":{"loc":{"start":{"line":31,"column":16},"end":{"line":66,"column":17}},"type":"if","locations":[{"start":{"line":31,"column":16},"end":{"line":66,"column":17}},{"start":{"line":31,"column":16},"end":{"line":66,"column":17}}],"line":31},"3":{"loc":{"start":{"line":47,"column":28},"end":{"line":61,"column":29}},"type":"if","locations":[{"start":{"line":47,"column":28},"end":{"line":61,"column":29}},{"start":{"line":47,"column":28},"end":{"line":61,"column":29}}],"line":47},"4":{"loc":{"start":{"line":49,"column":36},"end":{"line":56,"column":37}},"type":"if","locations":[{"start":{"line":49,"column":36},"end":{"line":56,"column":37}},{"start":{"line":49,"column":36},"end":{"line":56,"column":37}}],"line":49},"5":{"loc":{"start":{"line":78,"column":12},"end":{"line":80,"column":13}},"type":"if","locations":[{"start":{"line":78,"column":12},"end":{"line":80,"column":13}},{"start":{"line":78,"column":12},"end":{"line":80,"column":13}}],"line":78},"6":{"loc":{"start":{"line":87,"column":28},"end":{"line":87,"column":90}},"type":"binary-expr","locations":[{"start":{"line":87,"column":28},"end":{"line":87,"column":30}},{"start":{"line":87,"column":34},"end":{"line":87,"column":48}},{"start":{"line":87,"column":52},"end":{"line":87,"column":69}},{"start":{"line":87,"column":73},"end":{"line":87,"column":90}}],"line":87},"7":{"loc":{"start":{"line":88,"column":12},"end":{"line":115,"column":13}},"type":"if","locations":[{"start":{"line":88,"column":12},"end":{"line":115,"column":13}},{"start":{"line":88,"column":12},"end":{"line":115,"column":13}}],"line":88},"8":{"loc":{"start":{"line":91,"column":17},"end":{"line":115,"column":13}},"type":"if","locations":[{"start":{"line":91,"column":17},"end":{"line":115,"column":13}},{"start":{"line":91,"column":17},"end":{"line":115,"column":13}}],"line":91},"9":{"loc":{"start":{"line":94,"column":17},"end":{"line":115,"column":13}},"type":"if","locations":[{"start":{"line":94,"column":17},"end":{"line":115,"column":13}},{"start":{"line":94,"column":17},"end":{"line":115,"column":13}}],"line":94},"10":{"loc":{"start":{"line":94,"column":21},"end":{"line":94,"column":42}},"type":"binary-expr","locations":[{"start":{"line":94,"column":21},"end":{"line":94,"column":28}},{"start":{"line":94,"column":32},"end":{"line":94,"column":42}}],"line":94},"11":{"loc":{"start":{"line":97,"column":20},"end":{"line":99,"column":21}},"type":"if","locations":[{"start":{"line":97,"column":20},"end":{"line":99,"column":21}},{"start":{"line":97,"column":20},"end":{"line":99,"column":21}}],"line":97},"12":{"loc":{"start":{"line":103,"column":20},"end":{"line":113,"column":21}},"type":"if","locations":[{"start":{"line":103,"column":20},"end":{"line":113,"column":21}},{"start":{"line":103,"column":20},"end":{"line":113,"column":21}}],"line":103},"13":{"loc":{"start":{"line":106,"column":28},"end":{"line":109,"column":29}},"type":"if","locations":[{"start":{"line":106,"column":28},"end":{"line":109,"column":29}},{"start":{"line":106,"column":28},"end":{"line":109,"column":29}}],"line":106},"14":{"loc":{"start":{"line":121,"column":12},"end":{"line":124,"column":13}},"type":"if","locations":[{"start":{"line":121,"column":12},"end":{"line":124,"column":13}},{"start":{"line":121,"column":12},"end":{"line":124,"column":13}}],"line":121},"15":{"loc":{"start":{"line":137,"column":12},"end":{"line":146,"column":13}},"type":"if","locations":[{"start":{"line":137,"column":12},"end":{"line":146,"column":13}},{"start":{"line":137,"column":12},"end":{"line":146,"column":13}}],"line":137}},"s":{"0":1,"1":1,"2":1,"3":1,"4":1,"5":1,"6":1,"7":1,"8":19,"9":19,"10":19,"11":19,"12":19,"13":19,"14":19,"15":16,"16":16,"17":16,"18":16,"19":1,"20":16,"21":3,"22":13,"23":13,"24":13,"25":0,"26":0,"27":13,"28":13,"29":10,"30":29720,"31":10,"32":10,"33":29720,"34":10,"35":10,"36":5,"37":5,"38":5,"39":5,"40":5,"41":0,"42":5,"43":3,"44":29720,"45":29720,"46":29720,"47":29720,"48":3,"49":3,"50":3,"51":3,"52":3,"53":1,"54":2,"55":1,"56":1,"57":1,"58":1,"59":1,"60":1,"61":1,"62":1,"63":1,"64":1,"65":1,"66":0,"67":1,"68":1,"69":1,"70":1,"71":1,"72":131,"73":131,"74":131,"75":94,"76":37,"77":37,"78":37,"79":37,"80":37,"81":0,"82":37,"83":37,"84":37,"85":37,"86":1,"87":36,"88":2,"89":2,"90":1},"f":{"0":19,"1":16,"2":1,"3":13,"4":13,"5":10,"6":29720,"7":10,"8":10,"9":5,"10":3,"11":29720,"12":3,"13":3,"14":1,"15":1,"16":0,"17":1,"18":131,"19":2,"20":2},"b":{"0":[16,16,15,15,14],"1":[3,13],"2":[0,13],"3":[5,5],"4":[5,0],"5":[29720,0],"6":[3,3,3,2],"7":[1,2],"8":[1,1],"9":[1,0],"10":[1,1],"11":[1,0],"12":[1,0],"13":[1,0],"14":[1,0],"15":[37,0]},"_coverageSchema":"332fd63041d2c1bcb487cc26dd0d5f7d97098a6c","hash":"bce7d190fdd3ee6e8004b7e5aee91dd214030a3b","contentHash":"486827b35c213d7896703c3614c1c895_11.3.0"},"/Users/lin/Documents/UBC/3Year/CPSC310/project_team234/src/Util.js":{"path":"/Users/lin/Documents/UBC/3Year/CPSC310/project_team234/src/Util.js","statementMap":{"0":{"start":{"line":2,"column":0},"end":{"line":2,"column":62}},"1":{"start":{"line":5,"column":8},"end":{"line":5,"column":67}},"2":{"start":{"line":8,"column":8},"end":{"line":8,"column":68}},"3":{"start":{"line":11,"column":8},"end":{"line":11,"column":68}},"4":{"start":{"line":14,"column":8},"end":{"line":14,"column":69}},"5":{"start":{"line":17,"column":8},"end":{"line":17,"column":67}},"6":{"start":{"line":20,"column":0},"end":{"line":20,"column":22}}},"fnMap":{"0":{"name":"(anonymous_0)","decl":{"start":{"line":4,"column":4},"end":{"line":4,"column":5}},"loc":{"start":{"line":4,"column":25},"end":{"line":6,"column":5}},"line":4},"1":{"name":"(anonymous_1)","decl":{"start":{"line":7,"column":4},"end":{"line":7,"column":5}},"loc":{"start":{"line":7,"column":24},"end":{"line":9,"column":5}},"line":7},"2":{"name":"(anonymous_2)","decl":{"start":{"line":10,"column":4},"end":{"line":10,"column":5}},"loc":{"start":{"line":10,"column":24},"end":{"line":12,"column":5}},"line":10},"3":{"name":"(anonymous_3)","decl":{"start":{"line":13,"column":4},"end":{"line":13,"column":5}},"loc":{"start":{"line":13,"column":25},"end":{"line":15,"column":5}},"line":13},"4":{"name":"(anonymous_4)","decl":{"start":{"line":16,"column":4},"end":{"line":16,"column":5}},"loc":{"start":{"line":16,"column":24},"end":{"line":18,"column":5}},"line":16}},"branchMap":{},"s":{"0":1,"1":160,"2":0,"3":0,"4":0,"5":44,"6":1},"f":{"0":160,"1":0,"2":0,"3":0,"4":44},"b":{},"_coverageSchema":"332fd63041d2c1bcb487cc26dd0d5f7d97098a6c","hash":"c7caf6caf64656a392511aaf0a29504d120a031a","contentHash":"a378793ea62c293201f738ade005b170_11.3.0"},"/Users/lin/Documents/UBC/3Year/CPSC310/project_team234/src/controller/MemoryManager.js":{"path":"/Users/lin/Documents/UBC/3Year/CPSC310/project_team234/src/controller/MemoryManager.js","statementMap":{"0":{"start":{"line":2,"column":0},"end":{"line":2,"column":62}},"1":{"start":{"line":3,"column":11},"end":{"line":3,"column":24}},"2":{"start":{"line":4,"column":15},"end":{"line":4,"column":33}},"3":{"start":{"line":5,"column":25},"end":{"line":5,"column":52}},"4":{"start":{"line":8,"column":8},"end":{"line":8,"column":40}},"5":{"start":{"line":9,"column":8},"end":{"line":13,"column":10}},"6":{"start":{"line":14,"column":8},"end":{"line":14,"column":54}},"7":{"start":{"line":17,"column":8},"end":{"line":22,"column":11}},"8":{"start":{"line":18,"column":26},"end":{"line":18,"column":44}},"9":{"start":{"line":19,"column":25},"end":{"line":19,"column":52}},"10":{"start":{"line":20,"column":12},"end":{"line":20,"column":37}},"11":{"start":{"line":21,"column":12},"end":{"line":21,"column":82}},"12":{"start":{"line":25,"column":21},"end":{"line":25,"column":45}},"13":{"start":{"line":26,"column":8},"end":{"line":35,"column":11}},"14":{"start":{"line":27,"column":12},"end":{"line":34,"column":15}},"15":{"start":{"line":28,"column":16},"end":{"line":33,"column":17}},"16":{"start":{"line":29,"column":20},"end":{"line":29,"column":42}},"17":{"start":{"line":32,"column":20},"end":{"line":32,"column":41}},"18":{"start":{"line":38,"column":8},"end":{"line":48,"column":12}},"19":{"start":{"line":39,"column":12},"end":{"line":39,"column":99}},"20":{"start":{"line":40,"column":12},"end":{"line":47,"column":15}},"21":{"start":{"line":41,"column":16},"end":{"line":46,"column":17}},"22":{"start":{"line":42,"column":20},"end":{"line":42,"column":42}},"23":{"start":{"line":45,"column":20},"end":{"line":45,"column":41}},"24":{"start":{"line":52,"column":8},"end":{"line":57,"column":9}},"25":{"start":{"line":53,"column":12},"end":{"line":53,"column":37}},"26":{"start":{"line":56,"column":12},"end":{"line":56,"column":24}},"27":{"start":{"line":58,"column":8},"end":{"line":58,"column":21}},"28":{"start":{"line":61,"column":30},"end":{"line":61,"column":31}},"29":{"start":{"line":62,"column":8},"end":{"line":75,"column":9}},"30":{"start":{"line":63,"column":12},"end":{"line":65,"column":13}},"31":{"start":{"line":64,"column":16},"end":{"line":64,"column":25}},"32":{"start":{"line":66,"column":12},"end":{"line":68,"column":13}},"33":{"start":{"line":67,"column":16},"end":{"line":67,"column":25}},"34":{"start":{"line":69,"column":12},"end":{"line":74,"column":13}},"35":{"start":{"line":70,"column":16},"end":{"line":73,"column":17}},"36":{"start":{"line":71,"column":20},"end":{"line":71,"column":45}},"37":{"start":{"line":72,"column":20},"end":{"line":72,"column":41}},"38":{"start":{"line":76,"column":8},"end":{"line":76,"column":31}},"39":{"start":{"line":79,"column":20},"end":{"line":79,"column":24}},"40":{"start":{"line":80,"column":8},"end":{"line":85,"column":9}},"41":{"start":{"line":81,"column":12},"end":{"line":84,"column":13}},"42":{"start":{"line":82,"column":16},"end":{"line":82,"column":30}},"43":{"start":{"line":83,"column":16},"end":{"line":83,"column":29}},"44":{"start":{"line":86,"column":8},"end":{"line":86,"column":21}},"45":{"start":{"line":89,"column":8},"end":{"line":100,"column":9}},"46":{"start":{"line":90,"column":12},"end":{"line":99,"column":13}},"47":{"start":{"line":91,"column":16},"end":{"line":93,"column":17}},"48":{"start":{"line":92,"column":20},"end":{"line":92,"column":69}},"49":{"start":{"line":96,"column":16},"end":{"line":98,"column":17}},"50":{"start":{"line":97,"column":20},"end":{"line":97,"column":72}},"51":{"start":{"line":103,"column":8},"end":{"line":105,"column":9}},"52":{"start":{"line":104,"column":12},"end":{"line":104,"column":49}},"53":{"start":{"line":106,"column":8},"end":{"line":111,"column":9}},"54":{"start":{"line":107,"column":12},"end":{"line":107,"column":55}},"55":{"start":{"line":110,"column":12},"end":{"line":110,"column":48}},"56":{"start":{"line":114,"column":8},"end":{"line":116,"column":9}},"57":{"start":{"line":115,"column":12},"end":{"line":115,"column":49}},"58":{"start":{"line":117,"column":8},"end":{"line":122,"column":9}},"59":{"start":{"line":118,"column":12},"end":{"line":118,"column":93}},"60":{"start":{"line":121,"column":12},"end":{"line":121,"column":48}},"61":{"start":{"line":125,"column":8},"end":{"line":130,"column":9}},"62":{"start":{"line":126,"column":12},"end":{"line":126,"column":93}},"63":{"start":{"line":129,"column":12},"end":{"line":129,"column":85}},"64":{"start":{"line":133,"column":8},"end":{"line":140,"column":11}},"65":{"start":{"line":134,"column":12},"end":{"line":139,"column":15}},"66":{"start":{"line":135,"column":16},"end":{"line":137,"column":17}},"67":{"start":{"line":136,"column":20},"end":{"line":136,"column":97}},"68":{"start":{"line":138,"column":16},"end":{"line":138,"column":37}},"69":{"start":{"line":143,"column":8},"end":{"line":149,"column":9}},"70":{"start":{"line":144,"column":24},"end":{"line":144,"column":50}},"71":{"start":{"line":145,"column":12},"end":{"line":145,"column":76}},"72":{"start":{"line":148,"column":12},"end":{"line":148,"column":22}},"73":{"start":{"line":152,"column":0},"end":{"line":152,"column":32}}},"fnMap":{"0":{"name":"(anonymous_0)","decl":{"start":{"line":7,"column":4},"end":{"line":7,"column":5}},"loc":{"start":{"line":7,"column":18},"end":{"line":15,"column":5}},"line":7},"1":{"name":"(anonymous_1)","decl":{"start":{"line":16,"column":4},"end":{"line":16,"column":5}},"loc":{"start":{"line":16,"column":39},"end":{"line":23,"column":5}},"line":16},"2":{"name":"(anonymous_2)","decl":{"start":{"line":17,"column":42},"end":{"line":17,"column":43}},"loc":{"start":{"line":17,"column":52},"end":{"line":22,"column":9}},"line":17},"3":{"name":"(anonymous_3)","decl":{"start":{"line":24,"column":4},"end":{"line":24,"column":5}},"loc":{"start":{"line":24,"column":22},"end":{"line":36,"column":5}},"line":24},"4":{"name":"(anonymous_4)","decl":{"start":{"line":26,"column":27},"end":{"line":26,"column":28}},"loc":{"start":{"line":26,"column":40},"end":{"line":35,"column":9}},"line":26},"5":{"name":"(anonymous_5)","decl":{"start":{"line":27,"column":47},"end":{"line":27,"column":48}},"loc":{"start":{"line":27,"column":56},"end":{"line":34,"column":13}},"line":27},"6":{"name":"(anonymous_6)","decl":{"start":{"line":37,"column":4},"end":{"line":37,"column":5}},"loc":{"start":{"line":37,"column":22},"end":{"line":49,"column":5}},"line":37},"7":{"name":"(anonymous_7)","decl":{"start":{"line":38,"column":28},"end":{"line":38,"column":29}},"loc":{"start":{"line":38,"column":41},"end":{"line":48,"column":9}},"line":38},"8":{"name":"(anonymous_8)","decl":{"start":{"line":40,"column":67},"end":{"line":40,"column":68}},"loc":{"start":{"line":40,"column":76},"end":{"line":47,"column":13}},"line":40},"9":{"name":"(anonymous_9)","decl":{"start":{"line":50,"column":4},"end":{"line":50,"column":5}},"loc":{"start":{"line":50,"column":20},"end":{"line":59,"column":5}},"line":50},"10":{"name":"(anonymous_10)","decl":{"start":{"line":60,"column":4},"end":{"line":60,"column":5}},"loc":{"start":{"line":60,"column":38},"end":{"line":77,"column":5}},"line":60},"11":{"name":"(anonymous_11)","decl":{"start":{"line":78,"column":4},"end":{"line":78,"column":5}},"loc":{"start":{"line":78,"column":28},"end":{"line":87,"column":5}},"line":78},"12":{"name":"(anonymous_12)","decl":{"start":{"line":88,"column":4},"end":{"line":88,"column":5}},"loc":{"start":{"line":88,"column":24},"end":{"line":101,"column":5}},"line":88},"13":{"name":"(anonymous_13)","decl":{"start":{"line":102,"column":4},"end":{"line":102,"column":5}},"loc":{"start":{"line":102,"column":48},"end":{"line":112,"column":5}},"line":102},"14":{"name":"(anonymous_14)","decl":{"start":{"line":113,"column":4},"end":{"line":113,"column":5}},"loc":{"start":{"line":113,"column":51},"end":{"line":123,"column":5}},"line":113},"15":{"name":"(anonymous_15)","decl":{"start":{"line":124,"column":4},"end":{"line":124,"column":5}},"loc":{"start":{"line":124,"column":35},"end":{"line":131,"column":5}},"line":124},"16":{"name":"(anonymous_16)","decl":{"start":{"line":132,"column":4},"end":{"line":132,"column":5}},"loc":{"start":{"line":132,"column":27},"end":{"line":141,"column":5}},"line":132},"17":{"name":"(anonymous_17)","decl":{"start":{"line":133,"column":27},"end":{"line":133,"column":28}},"loc":{"start":{"line":133,"column":48},"end":{"line":140,"column":9}},"line":133},"18":{"name":"(anonymous_18)","decl":{"start":{"line":134,"column":50},"end":{"line":134,"column":51}},"loc":{"start":{"line":134,"column":59},"end":{"line":139,"column":13}},"line":134},"19":{"name":"(anonymous_19)","decl":{"start":{"line":142,"column":4},"end":{"line":142,"column":5}},"loc":{"start":{"line":142,"column":26},"end":{"line":150,"column":5}},"line":142}},"branchMap":{"0":{"loc":{"start":{"line":28,"column":16},"end":{"line":33,"column":17}},"type":"if","locations":[{"start":{"line":28,"column":16},"end":{"line":33,"column":17}},{"start":{"line":28,"column":16},"end":{"line":33,"column":17}}],"line":28},"1":{"loc":{"start":{"line":41,"column":16},"end":{"line":46,"column":17}},"type":"if","locations":[{"start":{"line":41,"column":16},"end":{"line":46,"column":17}},{"start":{"line":41,"column":16},"end":{"line":46,"column":17}}],"line":41},"2":{"loc":{"start":{"line":63,"column":12},"end":{"line":65,"column":13}},"type":"if","locations":[{"start":{"line":63,"column":12},"end":{"line":65,"column":13}},{"start":{"line":63,"column":12},"end":{"line":65,"column":13}}],"line":63},"3":{"loc":{"start":{"line":66,"column":12},"end":{"line":68,"column":13}},"type":"if","locations":[{"start":{"line":66,"column":12},"end":{"line":68,"column":13}},{"start":{"line":66,"column":12},"end":{"line":68,"column":13}}],"line":66},"4":{"loc":{"start":{"line":70,"column":16},"end":{"line":73,"column":17}},"type":"if","locations":[{"start":{"line":70,"column":16},"end":{"line":73,"column":17}},{"start":{"line":70,"column":16},"end":{"line":73,"column":17}}],"line":70},"5":{"loc":{"start":{"line":81,"column":12},"end":{"line":84,"column":13}},"type":"if","locations":[{"start":{"line":81,"column":12},"end":{"line":84,"column":13}},{"start":{"line":81,"column":12},"end":{"line":84,"column":13}}],"line":81},"6":{"loc":{"start":{"line":89,"column":8},"end":{"line":100,"column":9}},"type":"if","locations":[{"start":{"line":89,"column":8},"end":{"line":100,"column":9}},{"start":{"line":89,"column":8},"end":{"line":100,"column":9}}],"line":89},"7":{"loc":{"start":{"line":90,"column":12},"end":{"line":99,"column":13}},"type":"if","locations":[{"start":{"line":90,"column":12},"end":{"line":99,"column":13}},{"start":{"line":90,"column":12},"end":{"line":99,"column":13}}],"line":90},"8":{"loc":{"start":{"line":103,"column":8},"end":{"line":105,"column":9}},"type":"if","locations":[{"start":{"line":103,"column":8},"end":{"line":105,"column":9}},{"start":{"line":103,"column":8},"end":{"line":105,"column":9}}],"line":103},"9":{"loc":{"start":{"line":106,"column":8},"end":{"line":111,"column":9}},"type":"if","locations":[{"start":{"line":106,"column":8},"end":{"line":111,"column":9}},{"start":{"line":106,"column":8},"end":{"line":111,"column":9}}],"line":106},"10":{"loc":{"start":{"line":114,"column":8},"end":{"line":116,"column":9}},"type":"if","locations":[{"start":{"line":114,"column":8},"end":{"line":116,"column":9}},{"start":{"line":114,"column":8},"end":{"line":116,"column":9}}],"line":114},"11":{"loc":{"start":{"line":117,"column":8},"end":{"line":122,"column":9}},"type":"if","locations":[{"start":{"line":117,"column":8},"end":{"line":122,"column":9}},{"start":{"line":117,"column":8},"end":{"line":122,"column":9}}],"line":117},"12":{"loc":{"start":{"line":125,"column":8},"end":{"line":130,"column":9}},"type":"if","locations":[{"start":{"line":125,"column":8},"end":{"line":130,"column":9}},{"start":{"line":125,"column":8},"end":{"line":130,"column":9}}],"line":125},"13":{"loc":{"start":{"line":135,"column":16},"end":{"line":137,"column":17}},"type":"if","locations":[{"start":{"line":135,"column":16},"end":{"line":137,"column":17}},{"start":{"line":135,"column":16},"end":{"line":137,"column":17}}],"line":135}},"s":{"0":1,"1":1,"2":1,"3":1,"4":19,"5":19,"6":19,"7":19,"8":0,"9":0,"10":0,"11":0,"12":14,"13":14,"14":14,"15":14,"16":13,"17":1,"18":5,"19":5,"20":5,"21":5,"22":0,"23":5,"24":29720,"25":29720,"26":0,"27":29720,"28":10,"29":10,"30":29720,"31":0,"32":29720,"33":0,"34":29720,"35":323060,"36":323060,"37":323060,"38":10,"39":323060,"40":323060,"41":3230600,"42":0,"43":0,"44":323060,"45":323060,"46":323060,"47":123105,"48":1231050,"49":199955,"50":1999550,"51":1231050,"52":0,"53":1231050,"54":123105,"55":1107945,"56":1999550,"57":50,"58":1999550,"59":199955,"60":1799595,"61":2907540,"62":323060,"63":2584480,"64":1,"65":1,"66":1,"67":0,"68":1,"69":37,"70":37,"71":37,"72":0,"73":1},"f":{"0":19,"1":19,"2":0,"3":14,"4":14,"5":14,"6":5,"7":5,"8":5,"9":29720,"10":10,"11":323060,"12":323060,"13":1231050,"14":1999550,"15":2907540,"16":1,"17":1,"18":1,"19":37},"b":{"0":[13,1],"1":[0,5],"2":[0,29720],"3":[0,29720],"4":[323060,0],"5":[0,3230600],"6":[323060,0],"7":[123105,199955],"8":[0,1231050],"9":[123105,1107945],"10":[50,1999500],"11":[199955,1799595],"12":[323060,2584480],"13":[0,1]},"_coverageSchema":"332fd63041d2c1bcb487cc26dd0d5f7d97098a6c","hash":"e2f8d9fa332d10ccbfb5443b005f709ac2aee518","contentHash":"4e725ac2fa67976f5268d8eb3abce0ae_11.3.0"},"/Users/lin/Documents/UBC/3Year/CPSC310/project_team234/src/controller/QueryPerformer.js":{"path":"/Users/lin/Documents/UBC/3Year/CPSC310/project_team234/src/controller/QueryPerformer.js","statementMap":{"0":{"start":{"line":2,"column":0},"end":{"line":2,"column":62}},"1":{"start":{"line":3,"column":15},"end":{"line":3,"column":33}},"2":{"start":{"line":4,"column":25},"end":{"line":4,"column":52}},"3":{"start":{"line":5,"column":25},"end":{"line":5,"column":52}},"4":{"start":{"line":6,"column":28},"end":{"line":6,"column":58}},"5":{"start":{"line":9,"column":8},"end":{"line":9,"column":56}},"6":{"start":{"line":10,"column":8},"end":{"line":10,"column":61}},"7":{"start":{"line":11,"column":8},"end":{"line":11,"column":55}},"8":{"start":{"line":14,"column":21},"end":{"line":14,"column":23}},"9":{"start":{"line":15,"column":19},"end":{"line":15,"column":23}},"10":{"start":{"line":16,"column":23},"end":{"line":16,"column":37}},"11":{"start":{"line":17,"column":8},"end":{"line":27,"column":9}},"12":{"start":{"line":18,"column":26},"end":{"line":18,"column":28}},"13":{"start":{"line":19,"column":12},"end":{"line":23,"column":13}},"14":{"start":{"line":20,"column":16},"end":{"line":22,"column":17}},"15":{"start":{"line":21,"column":20},"end":{"line":21,"column":67}},"16":{"start":{"line":24,"column":12},"end":{"line":26,"column":13}},"17":{"start":{"line":25,"column":16},"end":{"line":25,"column":37}},"18":{"start":{"line":28,"column":8},"end":{"line":30,"column":9}},"19":{"start":{"line":29,"column":12},"end":{"line":29,"column":26}},"20":{"start":{"line":31,"column":8},"end":{"line":33,"column":9}},"21":{"start":{"line":32,"column":12},"end":{"line":32,"column":82}},"22":{"start":{"line":34,"column":8},"end":{"line":36,"column":9}},"23":{"start":{"line":35,"column":12},"end":{"line":35,"column":121}},"24":{"start":{"line":37,"column":8},"end":{"line":37,"column":73}},"25":{"start":{"line":38,"column":8},"end":{"line":67,"column":9}},"26":{"start":{"line":39,"column":24},"end":{"line":39,"column":49}},"27":{"start":{"line":40,"column":12},"end":{"line":66,"column":13}},"28":{"start":{"line":41,"column":16},"end":{"line":51,"column":19}},"29":{"start":{"line":42,"column":20},"end":{"line":50,"column":21}},"30":{"start":{"line":43,"column":24},"end":{"line":43,"column":33}},"31":{"start":{"line":45,"column":25},"end":{"line":50,"column":21}},"32":{"start":{"line":46,"column":24},"end":{"line":46,"column":34}},"33":{"start":{"line":49,"column":24},"end":{"line":49,"column":33}},"34":{"start":{"line":54,"column":26},"end":{"line":54,"column":38}},"35":{"start":{"line":55,"column":27},"end":{"line":55,"column":40}},"36":{"start":{"line":56,"column":16},"end":{"line":65,"column":19}},"37":{"start":{"line":57,"column":20},"end":{"line":64,"column":21}},"38":{"start":{"line":58,"column":24},"end":{"line":59,"column":109}},"39":{"start":{"line":62,"column":24},"end":{"line":63,"column":109}},"40":{"start":{"line":68,"column":8},"end":{"line":68,"column":22}},"41":{"start":{"line":71,"column":24},"end":{"line":71,"column":33}},"42":{"start":{"line":72,"column":8},"end":{"line":83,"column":9}},"43":{"start":{"line":73,"column":12},"end":{"line":73,"column":21}},"44":{"start":{"line":75,"column":13},"end":{"line":83,"column":9}},"45":{"start":{"line":76,"column":12},"end":{"line":76,"column":22}},"46":{"start":{"line":78,"column":13},"end":{"line":83,"column":9}},"47":{"start":{"line":79,"column":12},"end":{"line":79,"column":55}},"48":{"start":{"line":82,"column":12},"end":{"line":82,"column":21}},"49":{"start":{"line":86,"column":26},"end":{"line":86,"column":28}},"50":{"start":{"line":87,"column":8},"end":{"line":97,"column":9}},"51":{"start":{"line":88,"column":26},"end":{"line":88,"column":28}},"52":{"start":{"line":89,"column":12},"end":{"line":93,"column":13}},"53":{"start":{"line":90,"column":16},"end":{"line":92,"column":17}},"54":{"start":{"line":91,"column":20},"end":{"line":91,"column":60}},"55":{"start":{"line":94,"column":12},"end":{"line":96,"column":13}},"56":{"start":{"line":95,"column":16},"end":{"line":95,"column":42}},"57":{"start":{"line":98,"column":8},"end":{"line":98,"column":27}},"58":{"start":{"line":101,"column":0},"end":{"line":101,"column":33}}},"fnMap":{"0":{"name":"(anonymous_0)","decl":{"start":{"line":8,"column":4},"end":{"line":8,"column":5}},"loc":{"start":{"line":8,"column":18},"end":{"line":12,"column":5}},"line":8},"1":{"name":"(anonymous_1)","decl":{"start":{"line":13,"column":4},"end":{"line":13,"column":5}},"loc":{"start":{"line":13,"column":56},"end":{"line":69,"column":5}},"line":13},"2":{"name":"(anonymous_2)","decl":{"start":{"line":41,"column":28},"end":{"line":41,"column":29}},"loc":{"start":{"line":41,"column":44},"end":{"line":51,"column":17}},"line":41},"3":{"name":"(anonymous_3)","decl":{"start":{"line":56,"column":28},"end":{"line":56,"column":29}},"loc":{"start":{"line":56,"column":44},"end":{"line":65,"column":17}},"line":56},"4":{"name":"(anonymous_4)","decl":{"start":{"line":70,"column":4},"end":{"line":70,"column":5}},"loc":{"start":{"line":70,"column":35},"end":{"line":84,"column":5}},"line":70},"5":{"name":"(anonymous_5)","decl":{"start":{"line":85,"column":4},"end":{"line":85,"column":5}},"loc":{"start":{"line":85,"column":35},"end":{"line":99,"column":5}},"line":85}},"branchMap":{"0":{"loc":{"start":{"line":20,"column":16},"end":{"line":22,"column":17}},"type":"if","locations":[{"start":{"line":20,"column":16},"end":{"line":22,"column":17}},{"start":{"line":20,"column":16},"end":{"line":22,"column":17}}],"line":20},"1":{"loc":{"start":{"line":24,"column":12},"end":{"line":26,"column":13}},"type":"if","locations":[{"start":{"line":24,"column":12},"end":{"line":26,"column":13}},{"start":{"line":24,"column":12},"end":{"line":26,"column":13}}],"line":24},"2":{"loc":{"start":{"line":28,"column":8},"end":{"line":30,"column":9}},"type":"if","locations":[{"start":{"line":28,"column":8},"end":{"line":30,"column":9}},{"start":{"line":28,"column":8},"end":{"line":30,"column":9}}],"line":28},"3":{"loc":{"start":{"line":31,"column":8},"end":{"line":33,"column":9}},"type":"if","locations":[{"start":{"line":31,"column":8},"end":{"line":33,"column":9}},{"start":{"line":31,"column":8},"end":{"line":33,"column":9}}],"line":31},"4":{"loc":{"start":{"line":34,"column":8},"end":{"line":36,"column":9}},"type":"if","locations":[{"start":{"line":34,"column":8},"end":{"line":36,"column":9}},{"start":{"line":34,"column":8},"end":{"line":36,"column":9}}],"line":34},"5":{"loc":{"start":{"line":38,"column":8},"end":{"line":67,"column":9}},"type":"if","locations":[{"start":{"line":38,"column":8},"end":{"line":67,"column":9}},{"start":{"line":38,"column":8},"end":{"line":67,"column":9}}],"line":38},"6":{"loc":{"start":{"line":40,"column":12},"end":{"line":66,"column":13}},"type":"if","locations":[{"start":{"line":40,"column":12},"end":{"line":66,"column":13}},{"start":{"line":40,"column":12},"end":{"line":66,"column":13}}],"line":40},"7":{"loc":{"start":{"line":42,"column":20},"end":{"line":50,"column":21}},"type":"if","locations":[{"start":{"line":42,"column":20},"end":{"line":50,"column":21}},{"start":{"line":42,"column":20},"end":{"line":50,"column":21}}],"line":42},"8":{"loc":{"start":{"line":45,"column":25},"end":{"line":50,"column":21}},"type":"if","locations":[{"start":{"line":45,"column":25},"end":{"line":50,"column":21}},{"start":{"line":45,"column":25},"end":{"line":50,"column":21}}],"line":45},"9":{"loc":{"start":{"line":57,"column":20},"end":{"line":64,"column":21}},"type":"if","locations":[{"start":{"line":57,"column":20},"end":{"line":64,"column":21}},{"start":{"line":57,"column":20},"end":{"line":64,"column":21}}],"line":57},"10":{"loc":{"start":{"line":58,"column":31},"end":{"line":59,"column":108}},"type":"cond-expr","locations":[{"start":{"line":58,"column":73},"end":{"line":58,"column":74}},{"start":{"line":59,"column":28},"end":{"line":59,"column":108}}],"line":58},"11":{"loc":{"start":{"line":59,"column":28},"end":{"line":59,"column":108}},"type":"cond-expr","locations":[{"start":{"line":59,"column":70},"end":{"line":59,"column":72}},{"start":{"line":59,"column":76},"end":{"line":59,"column":107}}],"line":59},"12":{"loc":{"start":{"line":62,"column":31},"end":{"line":63,"column":108}},"type":"cond-expr","locations":[{"start":{"line":62,"column":73},"end":{"line":62,"column":74}},{"start":{"line":63,"column":28},"end":{"line":63,"column":108}}],"line":62},"13":{"loc":{"start":{"line":63,"column":28},"end":{"line":63,"column":108}},"type":"cond-expr","locations":[{"start":{"line":63,"column":70},"end":{"line":63,"column":72}},{"start":{"line":63,"column":76},"end":{"line":63,"column":107}}],"line":63},"14":{"loc":{"start":{"line":72,"column":8},"end":{"line":83,"column":9}},"type":"if","locations":[{"start":{"line":72,"column":8},"end":{"line":83,"column":9}},{"start":{"line":72,"column":8},"end":{"line":83,"column":9}}],"line":72},"15":{"loc":{"start":{"line":75,"column":13},"end":{"line":83,"column":9}},"type":"if","locations":[{"start":{"line":75,"column":13},"end":{"line":83,"column":9}},{"start":{"line":75,"column":13},"end":{"line":83,"column":9}}],"line":75},"16":{"loc":{"start":{"line":78,"column":13},"end":{"line":83,"column":9}},"type":"if","locations":[{"start":{"line":78,"column":13},"end":{"line":83,"column":9}},{"start":{"line":78,"column":13},"end":{"line":83,"column":9}}],"line":78},"17":{"loc":{"start":{"line":90,"column":16},"end":{"line":92,"column":17}},"type":"if","locations":[{"start":{"line":90,"column":16},"end":{"line":92,"column":17}},{"start":{"line":90,"column":16},"end":{"line":92,"column":17}}],"line":90},"18":{"loc":{"start":{"line":94,"column":12},"end":{"line":96,"column":13}},"type":"if","locations":[{"start":{"line":94,"column":12},"end":{"line":96,"column":13}},{"start":{"line":94,"column":12},"end":{"line":96,"column":13}}],"line":94}},"s":{"0":1,"1":1,"2":1,"3":1,"4":1,"5":37,"6":37,"7":37,"8":37,"9":37,"10":37,"11":37,"12":2390644,"13":2390644,"14":23906440,"15":23906440,"16":2390644,"17":71369,"18":37,"19":3,"20":34,"21":11,"22":34,"23":1,"24":33,"25":33,"26":25,"27":25,"28":19,"29":31615,"30":15077,"31":16538,"32":13021,"33":3517,"34":6,"35":6,"36":6,"37":2278,"38":923,"39":1355,"40":33,"41":2278,"42":2278,"43":1003,"44":1275,"45":798,"46":477,"47":0,"48":477,"49":33,"50":33,"51":5989,"52":5989,"53":17476,"54":17476,"55":5989,"56":5989,"57":33,"58":1},"f":{"0":37,"1":37,"2":31615,"3":2278,"4":2278,"5":33},"b":{"0":[23906440,0],"1":[71369,2319275],"2":[3,34],"3":[11,23],"4":[1,33],"5":[25,8],"6":[19,6],"7":[15077,16538],"8":[13021,3517],"9":[923,1355],"10":[0,923],"11":[0,923],"12":[0,1355],"13":[0,1355],"14":[1003,1275],"15":[798,477],"16":[0,477],"17":[17476,0],"18":[5989,0]},"_coverageSchema":"332fd63041d2c1bcb487cc26dd0d5f7d97098a6c","hash":"9f99db4777a2df26675a806d7b1348af8205546a","contentHash":"1d72aeaf8357726d595ded804e90c37e_11.3.0"},"/Users/lin/Documents/UBC/3Year/CPSC310/project_team234/src/controller/QueryFiltering.js":{"path":"/Users/lin/Documents/UBC/3Year/CPSC310/project_team234/src/controller/QueryFiltering.js","statementMap":{"0":{"start":{"line":2,"column":0},"end":{"line":2,"column":62}},"1":{"start":{"line":3,"column":15},"end":{"line":3,"column":33}},"2":{"start":{"line":4,"column":21},"end":{"line":4,"column":42}},"3":{"start":{"line":7,"column":8},"end":{"line":7,"column":50}},"4":{"start":{"line":10,"column":8},"end":{"line":12,"column":9}},"5":{"start":{"line":11,"column":12},"end":{"line":11,"column":24}},"6":{"start":{"line":13,"column":25},"end":{"line":13,"column":46}},"7":{"start":{"line":14,"column":8},"end":{"line":16,"column":9}},"8":{"start":{"line":15,"column":12},"end":{"line":15,"column":77}},"9":{"start":{"line":17,"column":8},"end":{"line":19,"column":9}},"10":{"start":{"line":18,"column":12},"end":{"line":18,"column":77}},"11":{"start":{"line":20,"column":8},"end":{"line":22,"column":9}},"12":{"start":{"line":21,"column":12},"end":{"line":21,"column":65}},"13":{"start":{"line":23,"column":8},"end":{"line":25,"column":9}},"14":{"start":{"line":24,"column":12},"end":{"line":24,"column":65}},"15":{"start":{"line":28,"column":24},"end":{"line":28,"column":78}},"16":{"start":{"line":29,"column":23},"end":{"line":29,"column":79}},"17":{"start":{"line":30,"column":8},"end":{"line":38,"column":9}},"18":{"start":{"line":31,"column":12},"end":{"line":31,"column":48}},"19":{"start":{"line":33,"column":13},"end":{"line":38,"column":9}},"20":{"start":{"line":34,"column":12},"end":{"line":34,"column":51}},"21":{"start":{"line":37,"column":12},"end":{"line":37,"column":46}},"22":{"start":{"line":41,"column":28},"end":{"line":41,"column":49}},"23":{"start":{"line":42,"column":24},"end":{"line":42,"column":44}},"24":{"start":{"line":43,"column":22},"end":{"line":43,"column":44}},"25":{"start":{"line":45,"column":8},"end":{"line":74,"column":9}},"26":{"start":{"line":46,"column":12},"end":{"line":46,"column":65}},"27":{"start":{"line":47,"column":12},"end":{"line":52,"column":13}},"28":{"start":{"line":48,"column":16},"end":{"line":48,"column":62}},"29":{"start":{"line":51,"column":16},"end":{"line":51,"column":29}},"30":{"start":{"line":54,"column":13},"end":{"line":74,"column":9}},"31":{"start":{"line":55,"column":12},"end":{"line":55,"column":61}},"32":{"start":{"line":56,"column":12},"end":{"line":61,"column":13}},"33":{"start":{"line":57,"column":16},"end":{"line":57,"column":60}},"34":{"start":{"line":60,"column":16},"end":{"line":60,"column":41}},"35":{"start":{"line":63,"column":13},"end":{"line":74,"column":9}},"36":{"start":{"line":64,"column":12},"end":{"line":64,"column":65}},"37":{"start":{"line":65,"column":12},"end":{"line":70,"column":13}},"38":{"start":{"line":66,"column":16},"end":{"line":66,"column":60}},"39":{"start":{"line":69,"column":16},"end":{"line":69,"column":29}},"40":{"start":{"line":73,"column":12},"end":{"line":73,"column":54}},"41":{"start":{"line":75,"column":8},"end":{"line":75,"column":33}},"42":{"start":{"line":78,"column":8},"end":{"line":78,"column":47}},"43":{"start":{"line":82,"column":8},"end":{"line":90,"column":9}},"44":{"start":{"line":83,"column":12},"end":{"line":83,"column":57}},"45":{"start":{"line":84,"column":12},"end":{"line":86,"column":13}},"46":{"start":{"line":85,"column":16},"end":{"line":85,"column":29}},"47":{"start":{"line":87,"column":12},"end":{"line":89,"column":13}},"48":{"start":{"line":88,"column":16},"end":{"line":88,"column":28}},"49":{"start":{"line":91,"column":8},"end":{"line":91,"column":26}},"50":{"start":{"line":94,"column":0},"end":{"line":94,"column":33}}},"fnMap":{"0":{"name":"(anonymous_0)","decl":{"start":{"line":6,"column":4},"end":{"line":6,"column":5}},"loc":{"start":{"line":6,"column":18},"end":{"line":8,"column":5}},"line":6},"1":{"name":"(anonymous_1)","decl":{"start":{"line":9,"column":4},"end":{"line":9,"column":5}},"loc":{"start":{"line":9,"column":30},"end":{"line":26,"column":5}},"line":9},"2":{"name":"(anonymous_2)","decl":{"start":{"line":27,"column":4},"end":{"line":27,"column":5}},"loc":{"start":{"line":27,"column":45},"end":{"line":39,"column":5}},"line":27},"3":{"name":"(anonymous_3)","decl":{"start":{"line":40,"column":4},"end":{"line":40,"column":5}},"loc":{"start":{"line":40,"column":33},"end":{"line":76,"column":5}},"line":40},"4":{"name":"(anonymous_4)","decl":{"start":{"line":77,"column":4},"end":{"line":77,"column":5}},"loc":{"start":{"line":77,"column":33},"end":{"line":79,"column":5}},"line":77},"5":{"name":"(anonymous_5)","decl":{"start":{"line":80,"column":4},"end":{"line":80,"column":5}},"loc":{"start":{"line":80,"column":45},"end":{"line":92,"column":5}},"line":80}},"branchMap":{"0":{"loc":{"start":{"line":10,"column":8},"end":{"line":12,"column":9}},"type":"if","locations":[{"start":{"line":10,"column":8},"end":{"line":12,"column":9}},{"start":{"line":10,"column":8},"end":{"line":12,"column":9}}],"line":10},"1":{"loc":{"start":{"line":14,"column":8},"end":{"line":16,"column":9}},"type":"if","locations":[{"start":{"line":14,"column":8},"end":{"line":16,"column":9}},{"start":{"line":14,"column":8},"end":{"line":16,"column":9}}],"line":14},"2":{"loc":{"start":{"line":14,"column":12},"end":{"line":14,"column":55}},"type":"binary-expr","locations":[{"start":{"line":14,"column":12},"end":{"line":14,"column":31}},{"start":{"line":14,"column":35},"end":{"line":14,"column":55}}],"line":14},"3":{"loc":{"start":{"line":17,"column":8},"end":{"line":19,"column":9}},"type":"if","locations":[{"start":{"line":17,"column":8},"end":{"line":19,"column":9}},{"start":{"line":17,"column":8},"end":{"line":19,"column":9}}],"line":17},"4":{"loc":{"start":{"line":17,"column":12},"end":{"line":17,"column":77}},"type":"binary-expr","locations":[{"start":{"line":17,"column":12},"end":{"line":17,"column":31}},{"start":{"line":17,"column":35},"end":{"line":17,"column":54}},{"start":{"line":17,"column":58},"end":{"line":17,"column":77}}],"line":17},"5":{"loc":{"start":{"line":20,"column":8},"end":{"line":22,"column":9}},"type":"if","locations":[{"start":{"line":20,"column":8},"end":{"line":22,"column":9}},{"start":{"line":20,"column":8},"end":{"line":22,"column":9}}],"line":20},"6":{"loc":{"start":{"line":23,"column":8},"end":{"line":25,"column":9}},"type":"if","locations":[{"start":{"line":23,"column":8},"end":{"line":25,"column":9}},{"start":{"line":23,"column":8},"end":{"line":25,"column":9}}],"line":23},"7":{"loc":{"start":{"line":30,"column":8},"end":{"line":38,"column":9}},"type":"if","locations":[{"start":{"line":30,"column":8},"end":{"line":38,"column":9}},{"start":{"line":30,"column":8},"end":{"line":38,"column":9}}],"line":30},"8":{"loc":{"start":{"line":33,"column":13},"end":{"line":38,"column":9}},"type":"if","locations":[{"start":{"line":33,"column":13},"end":{"line":38,"column":9}},{"start":{"line":33,"column":13},"end":{"line":38,"column":9}}],"line":33},"9":{"loc":{"start":{"line":45,"column":8},"end":{"line":74,"column":9}},"type":"if","locations":[{"start":{"line":45,"column":8},"end":{"line":74,"column":9}},{"start":{"line":45,"column":8},"end":{"line":74,"column":9}}],"line":45},"10":{"loc":{"start":{"line":45,"column":12},"end":{"line":45,"column":75}},"type":"binary-expr","locations":[{"start":{"line":45,"column":12},"end":{"line":45,"column":32}},{"start":{"line":45,"column":36},"end":{"line":45,"column":75}}],"line":45},"11":{"loc":{"start":{"line":47,"column":12},"end":{"line":52,"column":13}},"type":"if","locations":[{"start":{"line":47,"column":12},"end":{"line":52,"column":13}},{"start":{"line":47,"column":12},"end":{"line":52,"column":13}}],"line":47},"12":{"loc":{"start":{"line":54,"column":13},"end":{"line":74,"column":9}},"type":"if","locations":[{"start":{"line":54,"column":13},"end":{"line":74,"column":9}},{"start":{"line":54,"column":13},"end":{"line":74,"column":9}}],"line":54},"13":{"loc":{"start":{"line":56,"column":12},"end":{"line":61,"column":13}},"type":"if","locations":[{"start":{"line":56,"column":12},"end":{"line":61,"column":13}},{"start":{"line":56,"column":12},"end":{"line":61,"column":13}}],"line":56},"14":{"loc":{"start":{"line":63,"column":13},"end":{"line":74,"column":9}},"type":"if","locations":[{"start":{"line":63,"column":13},"end":{"line":74,"column":9}},{"start":{"line":63,"column":13},"end":{"line":74,"column":9}}],"line":63},"15":{"loc":{"start":{"line":65,"column":12},"end":{"line":70,"column":13}},"type":"if","locations":[{"start":{"line":65,"column":12},"end":{"line":70,"column":13}},{"start":{"line":65,"column":12},"end":{"line":70,"column":13}}],"line":65},"16":{"loc":{"start":{"line":84,"column":12},"end":{"line":86,"column":13}},"type":"if","locations":[{"start":{"line":84,"column":12},"end":{"line":86,"column":13}},{"start":{"line":84,"column":12},"end":{"line":86,"column":13}}],"line":84},"17":{"loc":{"start":{"line":84,"column":16},"end":{"line":84,"column":51}},"type":"binary-expr","locations":[{"start":{"line":84,"column":16},"end":{"line":84,"column":36}},{"start":{"line":84,"column":40},"end":{"line":84,"column":51}}],"line":84},"18":{"loc":{"start":{"line":87,"column":12},"end":{"line":89,"column":13}},"type":"if","locations":[{"start":{"line":87,"column":12},"end":{"line":89,"column":13}},{"start":{"line":87,"column":12},"end":{"line":89,"column":13}}],"line":87},"19":{"loc":{"start":{"line":87,"column":16},"end":{"line":87,"column":49}},"type":"binary-expr","locations":[{"start":{"line":87,"column":16},"end":{"line":87,"column":35}},{"start":{"line":87,"column":39},"end":{"line":87,"column":49}}],"line":87}},"s":{"0":1,"1":1,"2":1,"3":37,"4":4268957,"5":64612,"6":4204345,"7":4204345,"8":1033792,"9":3170553,"10":2071682,"11":1098871,"12":322788,"13":776083,"14":776083,"15":2071682,"16":2071682,"17":2071682,"18":516855,"19":1554827,"20":1231781,"21":323046,"22":776083,"23":776083,"24":776083,"25":776083,"26":193908,"27":193908,"28":129272,"29":64636,"30":582175,"31":64612,"32":64612,"33":64612,"34":0,"35":517563,"36":64612,"37":64612,"38":64612,"39":0,"40":452951,"41":776083,"42":322788,"43":1033792,"44":1555525,"45":1555525,"46":770821,"47":784704,"48":55,"49":262916,"50":1},"f":{"0":37,"1":4268957,"2":2071682,"3":776083,"4":322788,"5":1033792},"b":{"0":[64612,4204345],"1":[1033792,3170553],"2":[4204345,4075121],"3":[2071682,1098871],"4":[3170553,2653698,1421917],"5":[322788,776083],"6":[776083,0],"7":[516855,1554827],"8":[1231781,323046],"9":[193908,582175],"10":[776083,258520],"11":[129272,64636],"12":[64612,517563],"13":[64612,0],"14":[64612,452951],"15":[64612,0],"16":[770821,784704],"17":[1555525,1297091],"18":[55,784649],"19":[784704,258434]},"_coverageSchema":"332fd63041d2c1bcb487cc26dd0d5f7d97098a6c","hash":"8cd05c7f12a7f7c750283e7e86a712ffa95a4fd5","contentHash":"f83c414be17c6c74327cc339266ff5bb_11.3.0"},"/Users/lin/Documents/UBC/3Year/CPSC310/project_team234/src/controller/QueryTransforming.js":{"path":"/Users/lin/Documents/UBC/3Year/CPSC310/project_team234/src/controller/QueryTransforming.js","statementMap":{"0":{"start":{"line":2,"column":0},"end":{"line":2,"column":62}},"1":{"start":{"line":3,"column":15},"end":{"line":3,"column":33}},"2":{"start":{"line":4,"column":21},"end":{"line":4,"column":42}},"3":{"start":{"line":7,"column":8},"end":{"line":7,"column":58}},"4":{"start":{"line":10,"column":20},"end":{"line":10,"column":41}},"5":{"start":{"line":11,"column":20},"end":{"line":11,"column":41}},"6":{"start":{"line":12,"column":26},"end":{"line":12,"column":60}},"7":{"start":{"line":13,"column":8},"end":{"line":13,"column":50}},"8":{"start":{"line":14,"column":8},"end":{"line":14,"column":69}},"9":{"start":{"line":15,"column":8},"end":{"line":15,"column":27}},"10":{"start":{"line":18,"column":26},"end":{"line":18,"column":28}},"11":{"start":{"line":19,"column":8},"end":{"line":21,"column":9}},"12":{"start":{"line":20,"column":12},"end":{"line":20,"column":84}},"13":{"start":{"line":22,"column":8},"end":{"line":22,"column":27}},"14":{"start":{"line":25,"column":24},"end":{"line":25,"column":33}},"15":{"start":{"line":26,"column":20},"end":{"line":26,"column":40}},"16":{"start":{"line":27,"column":8},"end":{"line":42,"column":9}},"17":{"start":{"line":28,"column":12},"end":{"line":34,"column":13}},"18":{"start":{"line":29,"column":16},"end":{"line":29,"column":109}},"19":{"start":{"line":32,"column":16},"end":{"line":32,"column":40}},"20":{"start":{"line":33,"column":16},"end":{"line":33,"column":109}},"21":{"start":{"line":36,"column":13},"end":{"line":42,"column":9}},"22":{"start":{"line":37,"column":12},"end":{"line":37,"column":45}},"23":{"start":{"line":40,"column":12},"end":{"line":40,"column":36}},"24":{"start":{"line":41,"column":12},"end":{"line":41,"column":45}},"25":{"start":{"line":43,"column":8},"end":{"line":43,"column":27}},"26":{"start":{"line":46,"column":19},"end":{"line":46,"column":23}},"27":{"start":{"line":47,"column":26},"end":{"line":47,"column":28}},"28":{"start":{"line":48,"column":19},"end":{"line":48,"column":41}},"29":{"start":{"line":49,"column":8},"end":{"line":61,"column":9}},"30":{"start":{"line":50,"column":23},"end":{"line":50,"column":37}},"31":{"start":{"line":51,"column":12},"end":{"line":60,"column":13}},"32":{"start":{"line":52,"column":16},"end":{"line":52,"column":70}},"33":{"start":{"line":53,"column":16},"end":{"line":53,"column":69}},"34":{"start":{"line":53,"column":42},"end":{"line":53,"column":67}},"35":{"start":{"line":56,"column":16},"end":{"line":59,"column":17}},"36":{"start":{"line":57,"column":20},"end":{"line":57,"column":63}},"37":{"start":{"line":58,"column":20},"end":{"line":58,"column":43}},"38":{"start":{"line":62,"column":8},"end":{"line":62,"column":27}},"39":{"start":{"line":65,"column":8},"end":{"line":74,"column":9}},"40":{"start":{"line":66,"column":12},"end":{"line":66,"column":67}},"41":{"start":{"line":69,"column":12},"end":{"line":72,"column":13}},"42":{"start":{"line":70,"column":16},"end":{"line":70,"column":73}},"43":{"start":{"line":71,"column":16},"end":{"line":71,"column":46}},"44":{"start":{"line":73,"column":12},"end":{"line":73,"column":31}},"45":{"start":{"line":78,"column":23},"end":{"line":78,"column":44}},"46":{"start":{"line":79,"column":25},"end":{"line":79,"column":56}},"47":{"start":{"line":80,"column":21},"end":{"line":80,"column":48}},"48":{"start":{"line":81,"column":8},"end":{"line":83,"column":9}},"49":{"start":{"line":82,"column":12},"end":{"line":82,"column":92}},"50":{"start":{"line":82,"column":48},"end":{"line":82,"column":87}},"51":{"start":{"line":84,"column":8},"end":{"line":87,"column":9}},"52":{"start":{"line":85,"column":22},"end":{"line":85,"column":136}},"53":{"start":{"line":85,"column":52},"end":{"line":85,"column":95}},"54":{"start":{"line":86,"column":12},"end":{"line":86,"column":60}},"55":{"start":{"line":88,"column":8},"end":{"line":90,"column":9}},"56":{"start":{"line":89,"column":12},"end":{"line":89,"column":114}},"57":{"start":{"line":89,"column":48},"end":{"line":89,"column":87}},"58":{"start":{"line":91,"column":8},"end":{"line":94,"column":9}},"59":{"start":{"line":92,"column":22},"end":{"line":92,"column":136}},"60":{"start":{"line":92,"column":52},"end":{"line":92,"column":95}},"61":{"start":{"line":93,"column":12},"end":{"line":93,"column":41}},"62":{"start":{"line":95,"column":8},"end":{"line":106,"column":9}},"63":{"start":{"line":96,"column":25},"end":{"line":96,"column":27}},"64":{"start":{"line":97,"column":12},"end":{"line":105,"column":18}},"65":{"start":{"line":98,"column":16},"end":{"line":104,"column":17}},"66":{"start":{"line":99,"column":20},"end":{"line":99,"column":31}},"67":{"start":{"line":102,"column":20},"end":{"line":102,"column":45}},"68":{"start":{"line":103,"column":20},"end":{"line":103,"column":35}},"69":{"start":{"line":107,"column":17},"end":{"line":107,"column":19}},"70":{"start":{"line":108,"column":8},"end":{"line":110,"column":9}},"71":{"start":{"line":109,"column":12},"end":{"line":109,"column":34}},"72":{"start":{"line":111,"column":8},"end":{"line":111,"column":27}},"73":{"start":{"line":112,"column":8},"end":{"line":112,"column":18}},"74":{"start":{"line":115,"column":0},"end":{"line":115,"column":36}}},"fnMap":{"0":{"name":"(anonymous_0)","decl":{"start":{"line":6,"column":4},"end":{"line":6,"column":5}},"loc":{"start":{"line":6,"column":18},"end":{"line":8,"column":5}},"line":6},"1":{"name":"(anonymous_1)","decl":{"start":{"line":9,"column":4},"end":{"line":9,"column":5}},"loc":{"start":{"line":9,"column":36},"end":{"line":16,"column":5}},"line":9},"2":{"name":"(anonymous_2)","decl":{"start":{"line":17,"column":4},"end":{"line":17,"column":5}},"loc":{"start":{"line":17,"column":34},"end":{"line":23,"column":5}},"line":17},"3":{"name":"(anonymous_3)","decl":{"start":{"line":24,"column":4},"end":{"line":24,"column":5}},"loc":{"start":{"line":24,"column":60},"end":{"line":44,"column":5}},"line":24},"4":{"name":"(anonymous_4)","decl":{"start":{"line":45,"column":4},"end":{"line":45,"column":5}},"loc":{"start":{"line":45,"column":45},"end":{"line":63,"column":5}},"line":45},"5":{"name":"(anonymous_5)","decl":{"start":{"line":53,"column":29},"end":{"line":53,"column":30}},"loc":{"start":{"line":53,"column":42},"end":{"line":53,"column":67}},"line":53},"6":{"name":"(anonymous_6)","decl":{"start":{"line":64,"column":4},"end":{"line":64,"column":5}},"loc":{"start":{"line":64,"column":53},"end":{"line":75,"column":5}},"line":64},"7":{"name":"(anonymous_7)","decl":{"start":{"line":76,"column":4},"end":{"line":76,"column":5}},"loc":{"start":{"line":76,"column":33},"end":{"line":113,"column":5}},"line":76},"8":{"name":"(anonymous_8)","decl":{"start":{"line":82,"column":33},"end":{"line":82,"column":34}},"loc":{"start":{"line":82,"column":48},"end":{"line":82,"column":87}},"line":82},"9":{"name":"(anonymous_9)","decl":{"start":{"line":85,"column":37},"end":{"line":85,"column":38}},"loc":{"start":{"line":85,"column":52},"end":{"line":85,"column":95}},"line":85},"10":{"name":"(anonymous_10)","decl":{"start":{"line":89,"column":33},"end":{"line":89,"column":34}},"loc":{"start":{"line":89,"column":48},"end":{"line":89,"column":87}},"line":89},"11":{"name":"(anonymous_11)","decl":{"start":{"line":92,"column":37},"end":{"line":92,"column":38}},"loc":{"start":{"line":92,"column":52},"end":{"line":92,"column":95}},"line":92},"12":{"name":"(anonymous_12)","decl":{"start":{"line":97,"column":33},"end":{"line":97,"column":34}},"loc":{"start":{"line":97,"column":54},"end":{"line":105,"column":13}},"line":97}},"branchMap":{"0":{"loc":{"start":{"line":27,"column":8},"end":{"line":42,"column":9}},"type":"if","locations":[{"start":{"line":27,"column":8},"end":{"line":42,"column":9}},{"start":{"line":27,"column":8},"end":{"line":42,"column":9}}],"line":27},"1":{"loc":{"start":{"line":28,"column":12},"end":{"line":34,"column":13}},"type":"if","locations":[{"start":{"line":28,"column":12},"end":{"line":34,"column":13}},{"start":{"line":28,"column":12},"end":{"line":34,"column":13}}],"line":28},"2":{"loc":{"start":{"line":36,"column":13},"end":{"line":42,"column":9}},"type":"if","locations":[{"start":{"line":36,"column":13},"end":{"line":42,"column":9}},{"start":{"line":36,"column":13},"end":{"line":42,"column":9}}],"line":36},"3":{"loc":{"start":{"line":51,"column":12},"end":{"line":60,"column":13}},"type":"if","locations":[{"start":{"line":51,"column":12},"end":{"line":60,"column":13}},{"start":{"line":51,"column":12},"end":{"line":60,"column":13}}],"line":51},"4":{"loc":{"start":{"line":65,"column":8},"end":{"line":74,"column":9}},"type":"if","locations":[{"start":{"line":65,"column":8},"end":{"line":74,"column":9}},{"start":{"line":65,"column":8},"end":{"line":74,"column":9}}],"line":65},"5":{"loc":{"start":{"line":81,"column":8},"end":{"line":83,"column":9}},"type":"if","locations":[{"start":{"line":81,"column":8},"end":{"line":83,"column":9}},{"start":{"line":81,"column":8},"end":{"line":83,"column":9}}],"line":81},"6":{"loc":{"start":{"line":82,"column":48},"end":{"line":82,"column":87}},"type":"cond-expr","locations":[{"start":{"line":82,"column":69},"end":{"line":82,"column":72}},{"start":{"line":82,"column":75},"end":{"line":82,"column":87}}],"line":82},"7":{"loc":{"start":{"line":84,"column":8},"end":{"line":87,"column":9}},"type":"if","locations":[{"start":{"line":84,"column":8},"end":{"line":87,"column":9}},{"start":{"line":84,"column":8},"end":{"line":87,"column":9}}],"line":84},"8":{"loc":{"start":{"line":88,"column":8},"end":{"line":90,"column":9}},"type":"if","locations":[{"start":{"line":88,"column":8},"end":{"line":90,"column":9}},{"start":{"line":88,"column":8},"end":{"line":90,"column":9}}],"line":88},"9":{"loc":{"start":{"line":89,"column":48},"end":{"line":89,"column":87}},"type":"cond-expr","locations":[{"start":{"line":89,"column":69},"end":{"line":89,"column":72}},{"start":{"line":89,"column":75},"end":{"line":89,"column":87}}],"line":89},"10":{"loc":{"start":{"line":91,"column":8},"end":{"line":94,"column":9}},"type":"if","locations":[{"start":{"line":91,"column":8},"end":{"line":94,"column":9}},{"start":{"line":91,"column":8},"end":{"line":94,"column":9}}],"line":91},"11":{"loc":{"start":{"line":95,"column":8},"end":{"line":106,"column":9}},"type":"if","locations":[{"start":{"line":95,"column":8},"end":{"line":106,"column":9}},{"start":{"line":95,"column":8},"end":{"line":106,"column":9}}],"line":95},"12":{"loc":{"start":{"line":98,"column":16},"end":{"line":104,"column":17}},"type":"if","locations":[{"start":{"line":98,"column":16},"end":{"line":104,"column":17}},{"start":{"line":98,"column":16},"end":{"line":104,"column":17}}],"line":98}},"s":{"0":1,"1":1,"2":1,"3":37,"4":11,"5":11,"6":11,"7":11,"8":11,"9":11,"10":11,"11":11,"12":1629,"13":11,"14":2482,"15":2482,"16":2482,"17":853,"18":569,"19":284,"20":284,"21":1629,"22":768,"23":861,"24":861,"25":2482,"26":295,"27":295,"28":295,"29":295,"30":1145,"31":1145,"32":284,"33":284,"34":544,"35":861,"36":861,"37":861,"38":295,"39":284,"40":284,"41":0,"42":0,"43":0,"44":0,"45":861,"46":861,"47":861,"48":861,"49":207,"50":504,"51":861,"52":183,"53":357,"54":183,"55":861,"56":91,"57":231,"58":861,"59":179,"60":231,"61":179,"62":861,"63":201,"64":201,"65":306,"66":87,"67":219,"68":219,"69":861,"70":861,"71":1405,"72":861,"73":861,"74":1},"f":{"0":37,"1":11,"2":11,"3":2482,"4":295,"5":544,"6":284,"7":861,"8":504,"9":357,"10":231,"11":231,"12":306},"b":{"0":[853,1629],"1":[569,284],"2":[768,861],"3":[284,861],"4":[284,0],"5":[207,654],"6":[110,394],"7":[183,678],"8":[91,770],"9":[43,188],"10":[179,682],"11":[201,660],"12":[87,219]},"_coverageSchema":"332fd63041d2c1bcb487cc26dd0d5f7d97098a6c","hash":"9b1c189057fbd52dc61e13bce990f869da209c06","contentHash":"26f64b2851374af9961812e205ba1525_11.3.0"},"/Users/lin/Documents/UBC/3Year/CPSC310/project_team234/src/controller/QueryManager.js":{"path":"/Users/lin/Documents/UBC/3Year/CPSC310/project_team234/src/controller/QueryManager.js","statementMap":{"0":{"start":{"line":2,"column":0},"end":{"line":2,"column":62}},"1":{"start":{"line":3,"column":25},"end":{"line":3,"column":52}},"2":{"start":{"line":4,"column":25},"end":{"line":4,"column":52}},"3":{"start":{"line":5,"column":27},"end":{"line":5,"column":56}},"4":{"start":{"line":6,"column":34},"end":{"line":6,"column":70}},"5":{"start":{"line":9,"column":8},"end":{"line":9,"column":28}},"6":{"start":{"line":10,"column":8},"end":{"line":10,"column":23}},"7":{"start":{"line":11,"column":8},"end":{"line":11,"column":37}},"8":{"start":{"line":14,"column":8},"end":{"line":16,"column":9}},"9":{"start":{"line":15,"column":12},"end":{"line":15,"column":72}},"10":{"start":{"line":18,"column":8},"end":{"line":23,"column":9}},"11":{"start":{"line":19,"column":12},"end":{"line":19,"column":38}},"12":{"start":{"line":22,"column":12},"end":{"line":22,"column":22}},"13":{"start":{"line":24,"column":8},"end":{"line":58,"column":9}},"14":{"start":{"line":25,"column":12},"end":{"line":27,"column":13}},"15":{"start":{"line":26,"column":16},"end":{"line":26,"column":90}},"16":{"start":{"line":28,"column":33},"end":{"line":28,"column":77}},"17":{"start":{"line":29,"column":35},"end":{"line":29,"column":81}},"18":{"start":{"line":30,"column":12},"end":{"line":40,"column":13}},"19":{"start":{"line":31,"column":16},"end":{"line":33,"column":17}},"20":{"start":{"line":32,"column":20},"end":{"line":32,"column":62}},"21":{"start":{"line":34,"column":16},"end":{"line":34,"column":70}},"22":{"start":{"line":35,"column":16},"end":{"line":35,"column":62}},"23":{"start":{"line":36,"column":16},"end":{"line":36,"column":60}},"24":{"start":{"line":39,"column":16},"end":{"line":39,"column":26}},"25":{"start":{"line":41,"column":12},"end":{"line":54,"column":13}},"26":{"start":{"line":42,"column":16},"end":{"line":42,"column":84}},"27":{"start":{"line":44,"column":17},"end":{"line":54,"column":13}},"28":{"start":{"line":45,"column":30},"end":{"line":45,"column":57}},"29":{"start":{"line":46,"column":33},"end":{"line":46,"column":121}},"30":{"start":{"line":47,"column":16},"end":{"line":47,"column":66}},"31":{"start":{"line":48,"column":16},"end":{"line":53,"column":17}},"32":{"start":{"line":49,"column":20},"end":{"line":49,"column":68}},"33":{"start":{"line":52,"column":20},"end":{"line":52,"column":32}},"34":{"start":{"line":57,"column":12},"end":{"line":57,"column":80}},"35":{"start":{"line":61,"column":0},"end":{"line":61,"column":31}}},"fnMap":{"0":{"name":"(anonymous_0)","decl":{"start":{"line":8,"column":4},"end":{"line":8,"column":5}},"loc":{"start":{"line":8,"column":29},"end":{"line":12,"column":5}},"line":8},"1":{"name":"(anonymous_1)","decl":{"start":{"line":13,"column":4},"end":{"line":13,"column":5}},"loc":{"start":{"line":13,"column":22},"end":{"line":59,"column":5}},"line":13}},"branchMap":{"0":{"loc":{"start":{"line":14,"column":8},"end":{"line":16,"column":9}},"type":"if","locations":[{"start":{"line":14,"column":8},"end":{"line":16,"column":9}},{"start":{"line":14,"column":8},"end":{"line":16,"column":9}}],"line":14},"1":{"loc":{"start":{"line":14,"column":12},"end":{"line":14,"column":47}},"type":"binary-expr","locations":[{"start":{"line":14,"column":12},"end":{"line":14,"column":18}},{"start":{"line":14,"column":22},"end":{"line":14,"column":47}}],"line":14},"2":{"loc":{"start":{"line":24,"column":8},"end":{"line":58,"column":9}},"type":"if","locations":[{"start":{"line":24,"column":8},"end":{"line":58,"column":9}},{"start":{"line":24,"column":8},"end":{"line":58,"column":9}}],"line":24},"3":{"loc":{"start":{"line":25,"column":12},"end":{"line":27,"column":13}},"type":"if","locations":[{"start":{"line":25,"column":12},"end":{"line":27,"column":13}},{"start":{"line":25,"column":12},"end":{"line":27,"column":13}}],"line":25},"4":{"loc":{"start":{"line":25,"column":16},"end":{"line":25,"column":68}},"type":"binary-expr","locations":[{"start":{"line":25,"column":16},"end":{"line":25,"column":39}},{"start":{"line":25,"column":43},"end":{"line":25,"column":68}}],"line":25},"5":{"loc":{"start":{"line":31,"column":16},"end":{"line":33,"column":17}},"type":"if","locations":[{"start":{"line":31,"column":16},"end":{"line":33,"column":17}},{"start":{"line":31,"column":16},"end":{"line":33,"column":17}}],"line":31},"6":{"loc":{"start":{"line":41,"column":12},"end":{"line":54,"column":13}},"type":"if","locations":[{"start":{"line":41,"column":12},"end":{"line":54,"column":13}},{"start":{"line":41,"column":12},"end":{"line":54,"column":13}}],"line":41},"7":{"loc":{"start":{"line":41,"column":16},"end":{"line":41,"column":91}},"type":"binary-expr","locations":[{"start":{"line":41,"column":16},"end":{"line":41,"column":31}},{"start":{"line":41,"column":36},"end":{"line":41,"column":53}},{"start":{"line":41,"column":57},"end":{"line":41,"column":90}}],"line":41},"8":{"loc":{"start":{"line":44,"column":17},"end":{"line":54,"column":13}},"type":"if","locations":[{"start":{"line":44,"column":17},"end":{"line":54,"column":13}},{"start":{"line":44,"column":17},"end":{"line":54,"column":13}}],"line":44}},"s":{"0":1,"1":1,"2":1,"3":1,"4":1,"5":19,"6":19,"7":19,"8":131,"9":0,"10":131,"11":131,"12":0,"13":131,"14":127,"15":0,"16":127,"17":127,"18":127,"19":127,"20":126,"21":78,"22":78,"23":58,"24":69,"25":58,"26":2,"27":56,"28":30,"29":30,"30":30,"31":30,"32":30,"33":19,"34":4,"35":1},"f":{"0":19,"1":131},"b":{"0":[0,131],"1":[131,0],"2":[127,4],"3":[0,127],"4":[127,127],"5":[126,1],"6":[2,56],"7":[58,58,32],"8":[30,26]},"_coverageSchema":"332fd63041d2c1bcb487cc26dd0d5f7d97098a6c","hash":"a3d3eece3e67c1d46eb8ed8276a22d5c7ca1aa9a","contentHash":"88eff086c627ee28abc9f471060351a3_11.3.0"},"/Users/lin/Documents/UBC/3Year/CPSC310/project_team234/src/controller/ValidatorWhere.js":{"path":"/Users/lin/Documents/UBC/3Year/CPSC310/project_team234/src/controller/ValidatorWhere.js","statementMap":{"0":{"start":{"line":2,"column":0},"end":{"line":2,"column":62}},"1":{"start":{"line":3,"column":20},"end":{"line":3,"column":42}},"2":{"start":{"line":4,"column":25},"end":{"line":4,"column":52}},"3":{"start":{"line":7,"column":8},"end":{"line":7,"column":27}},"4":{"start":{"line":10,"column":19},"end":{"line":10,"column":40}},"5":{"start":{"line":11,"column":8},"end":{"line":13,"column":9}},"6":{"start":{"line":12,"column":12},"end":{"line":12,"column":99}},"7":{"start":{"line":14,"column":8},"end":{"line":28,"column":9}},"8":{"start":{"line":15,"column":12},"end":{"line":15,"column":45}},"9":{"start":{"line":17,"column":13},"end":{"line":28,"column":9}},"10":{"start":{"line":18,"column":12},"end":{"line":18,"column":54}},"11":{"start":{"line":20,"column":13},"end":{"line":28,"column":9}},"12":{"start":{"line":21,"column":12},"end":{"line":21,"column":45}},"13":{"start":{"line":23,"column":13},"end":{"line":28,"column":9}},"14":{"start":{"line":24,"column":12},"end":{"line":24,"column":45}},"15":{"start":{"line":27,"column":12},"end":{"line":27,"column":85}},"16":{"start":{"line":31,"column":19},"end":{"line":31,"column":39}},"17":{"start":{"line":32,"column":8},"end":{"line":34,"column":9}},"18":{"start":{"line":33,"column":12},"end":{"line":33,"column":97}},"19":{"start":{"line":35,"column":8},"end":{"line":41,"column":9}},"20":{"start":{"line":36,"column":12},"end":{"line":36,"column":40}},"21":{"start":{"line":37,"column":12},"end":{"line":37,"column":59}},"22":{"start":{"line":40,"column":12},"end":{"line":40,"column":22}},"23":{"start":{"line":42,"column":8},"end":{"line":44,"column":9}},"24":{"start":{"line":43,"column":12},"end":{"line":43,"column":105}},"25":{"start":{"line":47,"column":19},"end":{"line":47,"column":39}},"26":{"start":{"line":48,"column":8},"end":{"line":50,"column":9}},"27":{"start":{"line":49,"column":12},"end":{"line":49,"column":98}},"28":{"start":{"line":51,"column":8},"end":{"line":57,"column":9}},"29":{"start":{"line":52,"column":12},"end":{"line":52,"column":40}},"30":{"start":{"line":53,"column":12},"end":{"line":53,"column":62}},"31":{"start":{"line":56,"column":12},"end":{"line":56,"column":22}},"32":{"start":{"line":60,"column":8},"end":{"line":65,"column":9}},"33":{"start":{"line":61,"column":12},"end":{"line":61,"column":101}},"34":{"start":{"line":63,"column":13},"end":{"line":65,"column":9}},"35":{"start":{"line":64,"column":12},"end":{"line":64,"column":76}},"36":{"start":{"line":66,"column":8},"end":{"line":73,"column":9}},"37":{"start":{"line":67,"column":12},"end":{"line":72,"column":13}},"38":{"start":{"line":68,"column":16},"end":{"line":68,"column":40}},"39":{"start":{"line":71,"column":16},"end":{"line":71,"column":100}},"40":{"start":{"line":76,"column":0},"end":{"line":76,"column":33}}},"fnMap":{"0":{"name":"(anonymous_0)","decl":{"start":{"line":6,"column":4},"end":{"line":6,"column":5}},"loc":{"start":{"line":6,"column":29},"end":{"line":8,"column":5}},"line":6},"1":{"name":"(anonymous_1)","decl":{"start":{"line":9,"column":4},"end":{"line":9,"column":5}},"loc":{"start":{"line":9,"column":23},"end":{"line":29,"column":5}},"line":9},"2":{"name":"(anonymous_2)","decl":{"start":{"line":30,"column":4},"end":{"line":30,"column":5}},"loc":{"start":{"line":30,"column":22},"end":{"line":45,"column":5}},"line":30},"3":{"name":"(anonymous_3)","decl":{"start":{"line":46,"column":4},"end":{"line":46,"column":5}},"loc":{"start":{"line":46,"column":30},"end":{"line":58,"column":5}},"line":46},"4":{"name":"(anonymous_4)","decl":{"start":{"line":59,"column":4},"end":{"line":59,"column":5}},"loc":{"start":{"line":59,"column":22},"end":{"line":74,"column":5}},"line":59}},"branchMap":{"0":{"loc":{"start":{"line":11,"column":8},"end":{"line":13,"column":9}},"type":"if","locations":[{"start":{"line":11,"column":8},"end":{"line":13,"column":9}},{"start":{"line":11,"column":8},"end":{"line":13,"column":9}}],"line":11},"1":{"loc":{"start":{"line":14,"column":8},"end":{"line":28,"column":9}},"type":"if","locations":[{"start":{"line":14,"column":8},"end":{"line":28,"column":9}},{"start":{"line":14,"column":8},"end":{"line":28,"column":9}}],"line":14},"2":{"loc":{"start":{"line":17,"column":13},"end":{"line":28,"column":9}},"type":"if","locations":[{"start":{"line":17,"column":13},"end":{"line":28,"column":9}},{"start":{"line":17,"column":13},"end":{"line":28,"column":9}}],"line":17},"3":{"loc":{"start":{"line":17,"column":17},"end":{"line":17,"column":73}},"type":"binary-expr","locations":[{"start":{"line":17,"column":17},"end":{"line":17,"column":33}},{"start":{"line":17,"column":37},"end":{"line":17,"column":53}},{"start":{"line":17,"column":57},"end":{"line":17,"column":73}}],"line":17},"4":{"loc":{"start":{"line":20,"column":13},"end":{"line":28,"column":9}},"type":"if","locations":[{"start":{"line":20,"column":13},"end":{"line":28,"column":9}},{"start":{"line":20,"column":13},"end":{"line":28,"column":9}}],"line":20},"5":{"loc":{"start":{"line":20,"column":17},"end":{"line":20,"column":54}},"type":"binary-expr","locations":[{"start":{"line":20,"column":17},"end":{"line":20,"column":33}},{"start":{"line":20,"column":37},"end":{"line":20,"column":54}}],"line":20},"6":{"loc":{"start":{"line":23,"column":13},"end":{"line":28,"column":9}},"type":"if","locations":[{"start":{"line":23,"column":13},"end":{"line":28,"column":9}},{"start":{"line":23,"column":13},"end":{"line":28,"column":9}}],"line":23},"7":{"loc":{"start":{"line":32,"column":8},"end":{"line":34,"column":9}},"type":"if","locations":[{"start":{"line":32,"column":8},"end":{"line":34,"column":9}},{"start":{"line":32,"column":8},"end":{"line":34,"column":9}}],"line":32},"8":{"loc":{"start":{"line":42,"column":8},"end":{"line":44,"column":9}},"type":"if","locations":[{"start":{"line":42,"column":8},"end":{"line":44,"column":9}},{"start":{"line":42,"column":8},"end":{"line":44,"column":9}}],"line":42},"9":{"loc":{"start":{"line":48,"column":8},"end":{"line":50,"column":9}},"type":"if","locations":[{"start":{"line":48,"column":8},"end":{"line":50,"column":9}},{"start":{"line":48,"column":8},"end":{"line":50,"column":9}}],"line":48},"10":{"loc":{"start":{"line":60,"column":8},"end":{"line":65,"column":9}},"type":"if","locations":[{"start":{"line":60,"column":8},"end":{"line":65,"column":9}},{"start":{"line":60,"column":8},"end":{"line":65,"column":9}}],"line":60},"11":{"loc":{"start":{"line":63,"column":13},"end":{"line":65,"column":9}},"type":"if","locations":[{"start":{"line":63,"column":13},"end":{"line":65,"column":9}},{"start":{"line":63,"column":13},"end":{"line":65,"column":9}}],"line":63}},"s":{"0":1,"1":1,"2":1,"3":127,"4":183,"5":183,"6":2,"7":181,"8":35,"9":146,"10":98,"11":48,"12":23,"13":25,"14":20,"15":5,"16":35,"17":35,"18":2,"19"
[...]
start":{"line":23,"column":12},"end":{"line":25,"column":13}},"type":"if","locations":[{"start":{"line":23,"column":12},"end":{"line":25,"column":13}},{"start":{"line":23,"column":12},"end":{"line":25,"column":13}}],"line":23},"5":{"loc":{"start":{"line":32,"column":8},"end":{"line":34,"column":9}},"type":"if","locations":[{"start":{"line":32,"column":8},"end":{"line":34,"column":9}},{"start":{"line":32,"column":8},"end":{"line":34,"column":9}}],"line":32},"6":{"loc":{"start":{"line":32,"column":12},"end":{"line":32,"column":59}},"type":"binary-expr","locations":[{"start":{"line":32,"column":12},"end":{"line":32,"column":35}},{"start":{"line":32,"column":39},"end":{"line":32,"column":59}}],"line":32},"7":{"loc":{"start":{"line":36,"column":12},"end":{"line":38,"column":13}},"type":"if","locations":[{"start":{"line":36,"column":12},"end":{"line":38,"column":13}},{"start":{"line":36,"column":12},"end":{"line":38,"column":13}}],"line":36},"8":{"loc":{"start":{"line":45,"column":12},"end":{"line":50,"column":13}},"type":"if","locations":[{"start":{"line":45,"column":12},"end":{"line":50,"column":13}},{"start":{"line":45,"column":12},"end":{"line":50,"column":13}}],"line":45},"9":{"loc":{"start":{"line":47,"column":16},"end":{"line":49,"column":17}},"type":"if","locations":[{"start":{"line":47,"column":16},"end":{"line":49,"column":17}},{"start":{"line":47,"column":16},"end":{"line":49,"column":17}}],"line":47},"10":{"loc":{"start":{"line":51,"column":12},"end":{"line":53,"column":13}},"type":"if","locations":[{"start":{"line":51,"column":12},"end":{"line":53,"column":13}},{"start":{"line":51,"column":12},"end":{"line":53,"column":13}}],"line":51},"11":{"loc":{"start":{"line":57,"column":8},"end":{"line":96,"column":9}},"type":"if","locations":[{"start":{"line":57,"column":8},"end":{"line":96,"column":9}},{"start":{"line":57,"column":8},"end":{"line":96,"column":9}}],"line":57},"12":{"loc":{"start":{"line":64,"column":12},"end":{"line":66,"column":13}},"type":"if","locations":[{"start":{"line":64,"column":12},"end":{"line":66,"column":13}},{"start":{"line":64,"column":12},"end":{"line":66,"column":13}}],"line":64},"13":{"loc":{"start":{"line":68,"column":13},"end":{"line":96,"column":9}},"type":"if","locations":[{"start":{"line":68,"column":13},"end":{"line":96,"column":9}},{"start":{"line":68,"column":13},"end":{"line":96,"column":9}}],"line":68},"14":{"loc":{"start":{"line":68,"column":17},"end":{"line":68,"column":60}},"type":"binary-expr","locations":[{"start":{"line":68,"column":17},"end":{"line":68,"column":42}},{"start":{"line":68,"column":46},"end":{"line":68,"column":60}}],"line":68},"15":{"loc":{"start":{"line":70,"column":12},"end":{"line":72,"column":13}},"type":"if","locations":[{"start":{"line":70,"column":12},"end":{"line":72,"column":13}},{"start":{"line":70,"column":12},"end":{"line":72,"column":13}}],"line":70},"16":{"loc":{"start":{"line":70,"column":16},"end":{"line":70,"column":84}},"type":"binary-expr","locations":[{"start":{"line":70,"column":16},"end":{"line":70,"column":37}},{"start":{"line":70,"column":41},"end":{"line":70,"column":63}},{"start":{"line":70,"column":67},"end":{"line":70,"column":84}}],"line":70},"17":{"loc":{"start":{"line":73,"column":12},"end":{"line":75,"column":13}},"type":"if","locations":[{"start":{"line":73,"column":12},"end":{"line":75,"column":13}},{"start":{"line":73,"column":12},"end":{"line":75,"column":13}}],"line":73},"18":{"loc":{"start":{"line":73,"column":16},"end":{"line":73,"column":64}},"type":"binary-expr","locations":[{"start":{"line":73,"column":16},"end":{"line":73,"column":37}},{"start":{"line":73,"column":41},"end":{"line":73,"column":64}}],"line":73},"19":{"loc":{"start":{"line":76,"column":12},"end":{"line":78,"column":13}},"type":"if","locations":[{"start":{"line":76,"column":12},"end":{"line":78,"column":13}},{"start":{"line":76,"column":12},"end":{"line":78,"column":13}}],"line":76},"20":{"loc":{"start":{"line":79,"column":12},"end":{"line":81,"column":13}},"type":"if","locations":[{"start":{"line":79,"column":12},"end":{"line":81,"column":13}},{"start":{"line":79,"column":12},"end":{"line":81,"column":13}}],"line":79},"21":{"loc":{"start":{"line":89,"column":16},"end":{"line":91,"column":17}},"type":"if","locations":[{"start":{"line":89,"column":16},"end":{"line":91,"column":17}},{"start":{"line":89,"column":16},"end":{"line":91,"column":17}}],"line":89}},"s":{"0":1,"1":1,"2":1,"3":127,"4":127,"5":78,"6":78,"7":2,"8":76,"9":1,"10":75,"11":0,"12":75,"13":75,"14":67,"15":44,"16":17,"17":75,"18":2,"19":73,"20":199,"21":2,"22":197,"23":197,"24":2,"25":195,"26":163,"27":163,"28":2,"29":193,"30":189,"31":44,"32":25,"33":25,"34":0,"35":25,"36":1,"37":19,"38":17,"39":17,"40":3,"41":14,"42":1,"43":13,"44":0,"45":13,"46":1,"47":12,"48":12,"49":12,"50":0,"51":12,"52":1,"53":2,"54":1},"f":{"0":127,"1":78,"2":75,"3":44},"b":{"0":[2,76],"1":[1,75],"2":[76,51],"3":[0,75],"4":[44,23],"5":[2,73],"6":[75,75],"7":[2,197],"8":[163,32],"9":[2,161],"10":[189,4],"11":[25,19],"12":[1,24],"13":[17,2],"14":[19,18],"15":[3,14],"16":[17,15,14],"17":[1,13],"18":[14,3],"19":[0,13],"20":[1,12],"21":[1,11]},"_coverageSchema":"332fd63041d2c1bcb487cc26dd0d5f7d97098a6c","hash":"ae22d7dc123666b584490dd082c48591e2dbbf2f","contentHash":"2bd0266b32605d690a8f2bd9ec4f19c7_11.3.0"},"/Users/lin/Documents/UBC/3Year/CPSC310/project_team234/src/controller/ValidatorTransformation.js":{"path":"/Users/lin/Documents/UBC/3Year/CPSC310/project_team234/src/controller/ValidatorTransformation.js","statementMap":{"0":{"start":{"line":2,"column":0},"end":{"line":2,"column":62}},"1":{"start":{"line":3,"column":20},"end":{"line":3,"column":42}},"2":{"start":{"line":4,"column":25},"end":{"line":4,"column":52}},"3":{"start":{"line":7,"column":8},"end":{"line":7,"column":27}},"4":{"start":{"line":8,"column":8},"end":{"line":8,"column":35}},"5":{"start":{"line":9,"column":8},"end":{"line":9,"column":68}},"6":{"start":{"line":10,"column":8},"end":{"line":10,"column":37}},"7":{"start":{"line":11,"column":8},"end":{"line":15,"column":9}},"8":{"start":{"line":12,"column":12},"end":{"line":14,"column":13}},"9":{"start":{"line":13,"column":16},"end":{"line":13,"column":53}},"10":{"start":{"line":18,"column":19},"end":{"line":18,"column":39}},"11":{"start":{"line":19,"column":8},"end":{"line":21,"column":9}},"12":{"start":{"line":20,"column":12},"end":{"line":20,"column":115}},"13":{"start":{"line":22,"column":8},"end":{"line":24,"column":9}},"14":{"start":{"line":23,"column":12},"end":{"line":23,"column":97}},"15":{"start":{"line":25,"column":8},"end":{"line":27,"column":9}},"16":{"start":{"line":26,"column":12},"end":{"line":26,"column":97}},"17":{"start":{"line":28,"column":8},"end":{"line":30,"column":9}},"18":{"start":{"line":29,"column":12},"end":{"line":29,"column":111}},"19":{"start":{"line":31,"column":8},"end":{"line":33,"column":9}},"20":{"start":{"line":32,"column":12},"end":{"line":32,"column":111}},"21":{"start":{"line":34,"column":8},"end":{"line":40,"column":9}},"22":{"start":{"line":35,"column":12},"end":{"line":35,"column":44}},"23":{"start":{"line":36,"column":12},"end":{"line":36,"column":44}},"24":{"start":{"line":39,"column":12},"end":{"line":39,"column":22}},"25":{"start":{"line":41,"column":8},"end":{"line":45,"column":9}},"26":{"start":{"line":42,"column":12},"end":{"line":44,"column":13}},"27":{"start":{"line":43,"column":16},"end":{"line":43,"column":133}},"28":{"start":{"line":48,"column":8},"end":{"line":50,"column":9}},"29":{"start":{"line":49,"column":12},"end":{"line":49,"column":87}},"30":{"start":{"line":51,"column":8},"end":{"line":61,"column":9}},"31":{"start":{"line":52,"column":12},"end":{"line":54,"column":13}},"32":{"start":{"line":53,"column":16},"end":{"line":53,"column":92}},"33":{"start":{"line":55,"column":12},"end":{"line":57,"column":13}},"34":{"start":{"line":56,"column":16},"end":{"line":56,"column":80}},"35":{"start":{"line":58,"column":12},"end":{"line":60,"column":13}},"36":{"start":{"line":59,"column":16},"end":{"line":59,"column":55}},"37":{"start":{"line":64,"column":8},"end":{"line":66,"column":9}},"38":{"start":{"line":65,"column":12},"end":{"line":65,"column":89}},"39":{"start":{"line":67,"column":8},"end":{"line":90,"column":9}},"40":{"start":{"line":68,"column":12},"end":{"line":70,"column":13}},"41":{"start":{"line":69,"column":16},"end":{"line":69,"column":110}},"42":{"start":{"line":71,"column":28},"end":{"line":71,"column":52}},"43":{"start":{"line":72,"column":12},"end":{"line":74,"column":13}},"44":{"start":{"line":73,"column":16},"end":{"line":73,"column":132}},"45":{"start":{"line":75,"column":12},"end":{"line":77,"column":13}},"46":{"start":{"line":76,"column":16},"end":{"line":76,"column":59}},"47":{"start":{"line":78,"column":12},"end":{"line":83,"column":13}},"48":{"start":{"line":79,"column":16},"end":{"line":79,"column":61}},"49":{"start":{"line":82,"column":16},"end":{"line":82,"column":26}},"50":{"start":{"line":84,"column":12},"end":{"line":89,"column":13}},"51":{"start":{"line":85,"column":16},"end":{"line":85,"column":58}},"52":{"start":{"line":88,"column":16},"end":{"line":88,"column":90}},"53":{"start":{"line":94,"column":8},"end":{"line":99,"column":9}},"54":{"start":{"line":95,"column":12},"end":{"line":95,"column":49}},"55":{"start":{"line":98,"column":12},"end":{"line":98,"column":57}},"56":{"start":{"line":100,"column":21},"end":{"line":100,"column":44}},"57":{"start":{"line":101,"column":8},"end":{"line":103,"column":9}},"58":{"start":{"line":102,"column":12},"end":{"line":102,"column":129}},"59":{"start":{"line":104,"column":8},"end":{"line":106,"column":9}},"60":{"start":{"line":105,"column":12},"end":{"line":105,"column":107}},"61":{"start":{"line":107,"column":8},"end":{"line":109,"column":9}},"62":{"start":{"line":108,"column":12},"end":{"line":108,"column":86}},"63":{"start":{"line":110,"column":8},"end":{"line":112,"column":9}},"64":{"start":{"line":111,"column":12},"end":{"line":111,"column":114}},"65":{"start":{"line":114,"column":8},"end":{"line":119,"column":9}},"66":{"start":{"line":115,"column":12},"end":{"line":115,"column":39}},"67":{"start":{"line":118,"column":12},"end":{"line":118,"column":57}},"68":{"start":{"line":120,"column":22},"end":{"line":120,"column":62}},"69":{"start":{"line":122,"column":8},"end":{"line":127,"column":9}},"70":{"start":{"line":123,"column":12},"end":{"line":123,"column":45}},"71":{"start":{"line":126,"column":12},"end":{"line":126,"column":44}},"72":{"start":{"line":128,"column":8},"end":{"line":140,"column":9}},"73":{"start":{"line":129,"column":12},"end":{"line":131,"column":13}},"74":{"start":{"line":130,"column":16},"end":{"line":130,"column":128}},"75":{"start":{"line":133,"column":13},"end":{"line":140,"column":9}},"76":{"start":{"line":134,"column":12},"end":{"line":136,"column":13}},"77":{"start":{"line":135,"column":16},"end":{"line":135,"column":129}},"78":{"start":{"line":139,"column":12},"end":{"line":139,"column":110}},"79":{"start":{"line":143,"column":0},"end":{"line":143,"column":42}}},"fnMap":{"0":{"name":"(anonymous_0)","decl":{"start":{"line":6,"column":4},"end":{"line":6,"column":5}},"loc":{"start":{"line":6,"column":38},"end":{"line":16,"column":5}},"line":6},"1":{"name":"(anonymous_1)","decl":{"start":{"line":17,"column":4},"end":{"line":17,"column":5}},"loc":{"start":{"line":17,"column":22},"end":{"line":46,"column":5}},"line":17},"2":{"name":"(anonymous_2)","decl":{"start":{"line":47,"column":4},"end":{"line":47,"column":5}},"loc":{"start":{"line":47,"column":22},"end":{"line":62,"column":5}},"line":47},"3":{"name":"(anonymous_3)","decl":{"start":{"line":63,"column":4},"end":{"line":63,"column":5}},"loc":{"start":{"line":63,"column":22},"end":{"line":91,"column":5}},"line":63},"4":{"name":"(anonymous_4)","decl":{"start":{"line":92,"column":4},"end":{"line":92,"column":5}},"loc":{"start":{"line":92,"column":29},"end":{"line":141,"column":5}},"line":92}},"branchMap":{"0":{"loc":{"start":{"line":12,"column":12},"end":{"line":14,"column":13}},"type":"if","locations":[{"start":{"line":12,"column":12},"end":{"line":14,"column":13}},{"start":{"line":12,"column":12},"end":{"line":14,"column":13}}],"line":12},"1":{"loc":{"start":{"line":19,"column":8},"end":{"line":21,"column":9}},"type":"if","locations":[{"start":{"line":19,"column":8},"end":{"line":21,"column":9}},{"start":{"line":19,"column":8},"end":{"line":21,"column":9}}],"line":19},"2":{"loc":{"start":{"line":22,"column":8},"end":{"line":24,"column":9}},"type":"if","locations":[{"start":{"line":22,"column":8},"end":{"line":24,"column":9}},{"start":{"line":22,"column":8},"end":{"line":24,"column":9}}],"line":22},"3":{"loc":{"start":{"line":25,"column":8},"end":{"line":27,"column":9}},"type":"if","locations":[{"start":{"line":25,"column":8},"end":{"line":27,"column":9}},{"start":{"line":25,"column":8},"end":{"line":27,"column":9}}],"line":25},"4":{"loc":{"start":{"line":28,"column":8},"end":{"line":30,"column":9}},"type":"if","locations":[{"start":{"line":28,"column":8},"end":{"line":30,"column":9}},{"start":{"line":28,"column":8},"end":{"line":30,"column":9}}],"line":28},"5":{"loc":{"start":{"line":31,"column":8},"end":{"line":33,"column":9}},"type":"if","locations":[{"start":{"line":31,"column":8},"end":{"line":33,"column":9}},{"start":{"line":31,"column":8},"end":{"line":33,"column":9}}],"line":31},"6":{"loc":{"start":{"line":42,"column":12},"end":{"line":44,"column":13}},"type":"if","locations":[{"start":{"line":42,"column":12},"end":{"line":44,"column":13}},{"start":{"line":42,"column":12},"end":{"line":44,"column":13}}],"line":42},"7":{"loc":{"start":{"line":48,"column":8},"end":{"line":50,"column":9}},"type":"if","locations":[{"start":{"line":48,"column":8},"end":{"line":50,"column":9}},{"start":{"line":48,"column":8},"end":{"line":50,"column":9}}],"line":48},"8":{"loc":{"start":{"line":52,"column":12},"end":{"line":54,"column":13}},"type":"if","locations":[{"start":{"line":52,"column":12},"end":{"line":54,"column":13}},{"start":{"line":52,"column":12},"end":{"line":54,"column":13}}],"line":52},"9":{"loc":{"start":{"line":55,"column":12},"end":{"line":57,"column":13}},"type":"if","locations":[{"start":{"line":55,"column":12},"end":{"line":57,"column":13}},{"start":{"line":55,"column":12},"end":{"line":57,"column":13}}],"line":55},"10":{"loc":{"start":{"line":58,"column":12},"end":{"line":60,"column":13}},"type":"if","locations":[{"start":{"line":58,"column":12},"end":{"line":60,"column":13}},{"start":{"line":58,"column":12},"end":{"line":60,"column":13}}],"line":58},"11":{"loc":{"start":{"line":64,"column":8},"end":{"line":66,"column":9}},"type":"if","locations":[{"start":{"line":64,"column":8},"end":{"line":66,"column":9}},{"start":{"line":64,"column":8},"end":{"line":66,"column":9}}],"line":64},"12":{"loc":{"start":{"line":68,"column":12},"end":{"line":70,"column":13}},"type":"if","locations":[{"start":{"line":68,"column":12},"end":{"line":70,"column":13}},{"start":{"line":68,"column":12},"end":{"line":70,"column":13}}],"line":68},"13":{"loc":{"start":{"line":72,"column":12},"end":{"line":74,"column":13}},"type":"if","locations":[{"start":{"line":72,"column":12},"end":{"line":74,"column":13}},{"start":{"line":72,"column":12},"end":{"line":74,"column":13}}],"line":72},"14":{"loc":{"start":{"line":75,"column":12},"end":{"line":77,"column":13}},"type":"if","locations":[{"start":{"line":75,"column":12},"end":{"line":77,"column":13}},{"start":{"line":75,"column":12},"end":{"line":77,"column":13}}],"line":75},"15":{"loc":{"start":{"line":84,"column":12},"end":{"line":89,"column":13}},"type":"if","locations":[{"start":{"line":84,"column":12},"end":{"line":89,"column":13}},{"start":{"line":84,"column":12},"end":{"line":89,"column":13}}],"line":84},"16":{"loc":{"start":{"line":101,"column":8},"end":{"line":103,"column":9}},"type":"if","locations":[{"start":{"line":101,"column":8},"end":{"line":103,"column":9}},{"start":{"line":101,"column":8},"end":{"line":103,"column":9}}],"line":101},"17":{"loc":{"start":{"line":104,"column":8},"end":{"line":106,"column":9}},"type":"if","locations":[{"start":{"line":104,"column":8},"end":{"line":106,"column":9}},{"start":{"line":104,"column":8},"end":{"line":106,"column":9}}],"line":104},"18":{"loc":{"start":{"line":107,"column":8},"end":{"line":109,"column":9}},"type":"if","locations":[{"start":{"line":107,"column":8},"end":{"line":109,"column":9}},{"start":{"line":107,"column":8},"end":{"line":109,"column":9}}],"line":107},"19":{"loc":{"start":{"line":107,"column":12},"end":{"line":107,"column":71}},"type":"binary-expr","locations":[{"start":{"line":107,"column":12},"end":{"line":107,"column":38}},{"start":{"line":107,"column":42},"end":{"line":107,"column":71}}],"line":107},"20":{"loc":{"start":{"line":110,"column":8},"end":{"line":112,"column":9}},"type":"if","locations":[{"start":{"line":110,"column":8},"end":{"line":112,"column":9}},{"start":{"line":110,"column":8},"end":{"line":112,"column":9}}],"line":110},"21":{"loc":{"start":{"line":122,"column":8},"end":{"line":127,"column":9}},"type":"if","locations":[{"start":{"line":122,"column":8},"end":{"line":127,"column":9}},{"start":{"line":122,"column":8},"end":{"line":127,"column":9}}],"line":122},"22":{"loc":{"start":{"line":128,"column":8},"end":{"line":140,"column":9}},"type":"if","locations":[{"start":{"line":128,"column":8},"end":{"line":140,"column":9}},{"start":{"line":128,"column":8},"end":{"line":140,"column":9}}],"line":128},"23":{"loc":{"start":{"line":128,"column":12},"end":{"line":128,"column":116}},"type":"binary-expr","locations":[{"start":{"line":128,"column":12},"end":{"line":128,"column":35}},{"start":{"line":128,"column":39},"end":{"line":128,"column":62}},{"start":{"line":128,"column":66},"end":{"line":128,"column":89}},{"start":{"line":128,"column":93},"end":{"line":128,"column":116}}],"line":128},"24":{"loc":{"start":{"line":129,"column":12},"end":{"line":131,"column":13}},"type":"if","locations":[{"start":{"line":129,"column":12},"end":{"line":131,"column":13}},{"start":{"line":129,"column":12},"end":{"line":131,"column":13}}],"line":129},"25":{"loc":{"start":{"line":133,"column":13},"end":{"line":140,"column":9}},"type":"if","locations":[{"start":{"line":133,"column":13},"end":{"line":140,"column":9}},{"start":{"line":133,"column":13},"end":{"line":140,"column":9}}],"line":133},"26":{"loc":{"start":{"line":134,"column":12},"end":{"line":136,"column":13}},"type":"if","locations":[{"start":{"line":134,"column":12},"end":{"line":136,"column":13}},{"start":{"line":134,"column":12},"end":{"line":136,"column":13}}],"line":134},"27":{"loc":{"start":{"line":134,"column":16},"end":{"line":134,"column":54}},"type":"binary-expr","locations":[{"start":{"line":134,"column":16},"end":{"line":134,"column":33}},{"start":{"line":134,"column":37},"end":{"line":134,"column":54}}],"line":134}},"s":{"0":1,"1":1,"2":1,"3":30,"4":30,"5":30,"6":30,"7":30,"8":88,"9":88,"10":30,"11":30,"12":0,"13":30,"14":1,"15":29,"16":1,"17":28,"18":0,"19":28,"20":0,"21":28,"22":28,"23":25,"24":14,"25":14,"26":36,"27":3,"28":28,"29":1,"30":27,"31":57,"32":1,"33":56,"34":1,"35":55,"36":50,"37":25,"38":0,"39":25,"40":26,"41":0,"42":26,"43":26,"44":1,"45":25,"46":24,"47":25,"48":25,"49":9,"50":16,"51":15,"52":1,"53":25,"54":25,"55":0,"56":25,"57":25,"58":2,"59":23,"60":1,"61":22,"62":2,"63":20,"64":0,"65":20,"66":20,"67":0,"68":20,"69":20,"70":20,"71":0,"72":20,"73":18,"74":4,"75":2,"76":2,"77":0,"78":0,"79":1},"f":{"0":30,"1":30,"2":28,"3":25,"4":25},"b":{"0":[88,0],"1":[0,30],"2":[1,29],"3":[1,28],"4":[0,28],"5":[0,28],"6":[3,33],"7":[1,27],"8":[1,56],"9":[1,55],"10":[50,5],"11":[0,25],"12":[0,26],"13":[1,25],"14":[24,1],"15":[15,1],"16":[2,23],"17":[1,22],"18":[2,20],"19":[22,2],"20":[0,20],"21":[20,0],"22":[18,2],"23":[20,12,10,4],"24":[4,14],"25":[2,0],"26":[0,2],"27":[2,2]},"_coverageSchema":"332fd63041d2c1bcb487cc26dd0d5f7d97098a6c","hash":"635be2a46182a3c13fc74badbcd1f08946a09906","contentHash":"f3e0da26ef97cc6365aabca5cf801db4_11.3.0"}}